{"timestamp":"2026-07-28T00:00:07.481+0100","rule":{"level":3,"description":"Apparmor DENIED","id":"52002","firedtimes":1,"mail":false,"groups":["local","syslog","apparmor"]},"agent":{"id":"000","name":"WAZUH"},"manager":{"name":"WAZUH"},"id":"1785193207.0","full_log":"Jul 27 23:00:06 WAZUH kernel: audit: type=1400 audit(1785193206.890:752): apparmor=\"DENIED\" operation=\"capable\" class=\"cap\" profile=\"/usr/sbin/cupsd\" pid=245669 comm=\"cupsd\" capability=12  capname=\"net_admin\"","predecoder":{"program_name":"kernel","timestamp":"Jul 27 23:00:06","hostname":"WAZUH"},"decoder":{"parent":"kernel","name":"kernel"},"data":{"status":"DENIED","extra_data":"capable"},"location":"journald"}
{"timestamp":"2026-07-28T00:00:25.484+0100","rule":{"level":5,"description":"Systemd: Service exited due to a failure.","id":"40704","firedtimes":1,"mail":false,"groups":["local","systemd"],"gpg13":["4.3"],"gdpr":["IV_35.7.d"]},"agent":{"id":"000","name":"WAZUH"},"manager":{"name":"WAZUH"},"id":"1785193225.338","full_log":"Jul 27 23:00:23 WAZUH systemd[1566]: snap.firmware-updater.firmware-notifier.service: Main process exited, code=exited, status=1/FAILURE","predecoder":{"program_name":"systemd","timestamp":"Jul 27 23:00:23","hostname":"WAZUH"},"decoder":{"name":"systemd"},"location":"journald"}
{"timestamp":"2026-07-28T00:00:25.485+0100","rule":{"level":5,"description":"Systemd: Service exited due to a failure.","id":"40704","firedtimes":2,"mail":false,"groups":["local","systemd"],"gpg13":["4.3"],"gdpr":["IV_35.7.d"]},"agent":{"id":"000","name":"WAZUH"},"manager":{"name":"WAZUH"},"id":"1785193225.649","full_log":"Jul 27 23:00:24 WAZUH systemd[1566]: snap.firmware-updater.firmware-notifier.service: Main process exited, code=exited, status=1/FAILURE","predecoder":{"program_name":"systemd","timestamp":"Jul 27 23:00:24","hostname":"WAZUH"},"decoder":{"name":"systemd"},"location":"journald"}
{"timestamp":"2026-07-28T00:00:25.485+0100","rule":{"level":5,"description":"Systemd: Service exited due to a failure.","id":"40704","firedtimes":3,"mail":false,"groups":["local","systemd"],"gpg13":["4.3"],"gdpr":["IV_35.7.d"]},"agent":{"id":"000","name":"WAZUH"},"manager":{"name":"WAZUH"},"id":"1785193225.960","full_log":"Jul 27 23:00:25 WAZUH systemd[1566]: snap.firmware-updater.firmware-notifier.service: Main process exited, code=exited, status=1/FAILURE","predecoder":{"program_name":"systemd","timestamp":"Jul 27 23:00:25","hostname":"WAZUH"},"decoder":{"name":"systemd"},"location":"journald"}
{"timestamp":"2026-07-28T00:00:27.487+0100","rule":{"level":5,"description":"Systemd: Service exited due to a failure.","id":"40704","firedtimes":4,"mail":false,"groups":["local","systemd"],"gpg13":["4.3"],"gdpr":["IV_35.7.d"]},"agent":{"id":"000","name":"WAZUH"},"manager":{"name":"WAZUH"},"id":"1785193227.1271","full_log":"Jul 27 23:00:26 WAZUH systemd[1566]: snap.firmware-updater.firmware-notifier.service: Main process exited, code=exited, status=1/FAILURE","predecoder":{"program_name":"systemd","timestamp":"Jul 27 23:00:26","hostname":"WAZUH"},"decoder":{"name":"systemd"},"location":"journald"}
{"timestamp":"2026-07-28T00:00:27.486+0100","rule":{"level":5,"description":"Systemd: Service exited due to a failure.","id":"40704","firedtimes":5,"mail":false,"groups":["local","systemd"],"gpg13":["4.3"],"gdpr":["IV_35.7.d"]},"agent":{"id":"000","name":"WAZUH"},"manager":{"name":"WAZUH"},"id":"1785193227.1583","full_log":"Jul 27 23:00:26 WAZUH systemd[1566]: snap.firmware-updater.firmware-notifier.service: Main process exited, code=exited, status=1/FAILURE","predecoder":{"program_name":"systemd","timestamp":"Jul 27 23:00:26","hostname":"WAZUH"},"decoder":{"name":"systemd"},"location":"journald"}
{"timestamp":"2026-07-28T00:01:05.607+0100","rule":{"level":7,"description":"Listened ports status (netstat) changed (new port opened or closed).","id":"533","firedtimes":1,"mail":false,"groups":["ossec"],"pci_dss":["10.2.7","10.6.1"],"gpg13":["10.1"],"gdpr":["IV_35.7.d"],"hipaa":["164.312.b"],"nist_800_53":["AU.14","AU.6"],"tsc":["CC6.8","CC7.2","CC7.3"]},"agent":{"id":"000","name":"WAZUH"},"manager":{"name":"WAZUH"},"id":"1785193265.1895","previous_output":"Previous output:\nossec: output: 'netstat listening ports':\ntcp 0.0.0.0:22 0.0.0.0:* 1/init\ntcp6 :::22 :::* 1/init\ntcp 0.0.0.0:25 0.0.0.0:* 2115/master\ntcp6 :::25 :::* 2115/master\ntcp 127.0.0.53:53 0.0.0.0:* 694/systemd-resolve\ntcp 127.0.0.54:53 0.0.0.0:* 694/systemd-resolve\nudp 127.0.0.53:53 0.0.0.0:* 694/systemd-resolve\nudp 127.0.0.54:53 0.0.0.0:* 694/systemd-resolve\ntcp 0.0.0.0:443 0.0.0.0:* 1110/node\nudp 0.0.0.0:514 0.0.0.0:* 125864/wazuh-remote\ntcp 127.0.0.1:631 0.0.0.0:* 28372/cupsd\ntcp6 ::1:631 :::* 28372/cupsd\ntcp 0.0.0.0:1514 0.0.0.0:* 125862/wazuh-remote\ntcp 0.0.0.0:1515 0.0.0.0:* 125779/wazuh-authd\ntcp 0.0.0.0:3000 0.0.0.0:* 1623/ntopng\ntcp6 :::3001 :::* 1337/grafana\nudp 0.0.0.0:5353 0.0.0.0:* 965/avahi-daemon\nudp6 :::5353 :::* 965/avahi-daemon\ntcp 127.0.0.1:6379 0.0.0.0:* 1323/redis-server\ntcp6 ::1:6379 :::* 1323/redis-server\ntcp6 127.0.0.1:9200 :::* 1342/java\ntcp6 127.0.0.1:9300 :::* 1342/java\nudp6 :::43597 :::* 965/avahi-daemon\nudp 0.0.0.0:45150 0.0.0.0:* 1623/ntopng\ntcp 0.0.0.0:55000 0.0.0.0:* 125727/python3\ntcp6 :::55000 :::* 125727/python3\nudp 172.30.1.170:57365 0.0.0.0:* 1623/ntopng\nudp 0.0.0.0:59960 0.0.0.0:* 965/avahi-daemon","full_log":"ossec: output: 'netstat listening ports':\ntcp 0.0.0.0:22 0.0.0.0:* 1/init\ntcp6 :::22 :::* 1/init\ntcp 0.0.0.0:25 0.0.0.0:* 2115/master\ntcp6 :::25 :::* 2115/master\ntcp 127.0.0.53:53 0.0.0.0:* 694/systemd-resolve\ntcp 127.0.0.54:53 0.0.0.0:* 694/systemd-resolve\nudp 127.0.0.53:53 0.0.0.0:* 694/systemd-resolve\nudp 127.0.0.54:53 0.0.0.0:* 694/systemd-resolve\ntcp 0.0.0.0:443 0.0.0.0:* 1110/node\nudp 0.0.0.0:514 0.0.0.0:* 125864/wazuh-remote\ntcp 127.0.0.1:631 0.0.0.0:* 245669/cupsd\ntcp6 ::1:631 :::* 245669/cupsd\ntcp 0.0.0.0:1514 0.0.0.0:* 125862/wazuh-remote\ntcp 0.0.0.0:1515 0.0.0.0:* 125779/wazuh-authd\ntcp 0.0.0.0:3000 0.0.0.0:* 1623/ntopng\ntcp6 :::3001 :::* 1337/grafana\nudp 0.0.0.0:5353 0.0.0.0:* 965/avahi-daemon\nudp6 :::5353 :::* 965/avahi-daemon\ntcp 127.0.0.1:6379 0.0.0.0:* 1323/redis-server\ntcp6 ::1:6379 :::* 1323/redis-server\ntcp6 127.0.0.1:9200 :::* 1342/java\ntcp6 127.0.0.1:9300 :::* 1342/java\nudp6 :::43597 :::* 965/avahi-daemon\nudp 0.0.0.0:45150 0.0.0.0:* 1623/ntopng\ntcp 0.0.0.0:55000 0.0.0.0:* 125727/python3\ntcp6 :::55000 :::* 125727/python3\nudp 172.30.1.170:57365 0.0.0.0:* 1623/ntopng\nudp 0.0.0.0:59960 0.0.0.0:* 965/avahi-daemon","decoder":{"name":"ossec"},"previous_log":"ossec: output: 'netstat listening ports':\ntcp 0.0.0.0:22 0.0.0.0:* 1/init\ntcp6 :::22 :::* 1/init\ntcp 0.0.0.0:25 0.0.0.0:* 2115/master\ntcp6 :::25 :::* 2115/master\ntcp 127.0.0.53:53 0.0.0.0:* 694/systemd-resolve\ntcp 127.0.0.54:53 0.0.0.0:* 694/systemd-resolve\nudp 127.0.0.53:53 0.0.0.0:* 694/systemd-resolve\nudp 127.0.0.54:53 0.0.0.0:* 694/systemd-resolve\ntcp 0.0.0.0:443 0.0.0.0:* 1110/node\nudp 0.0.0.0:514 0.0.0.0:* 125864/wazuh-remote\ntcp 127.0.0.1:631 0.0.0.0:* 28372/cupsd\ntcp6 ::1:631 :::* 28372/cupsd\ntcp 0.0.0.0:1514 0.0.0.0:* 125862/wazuh-remote\ntcp 0.0.0.0:1515 0.0.0.0:* 125779/wazuh-authd\ntcp 0.0.0.0:3000 0.0.0.0:* 1623/ntopng\ntcp6 :::3001 :::* 1337/grafana\nudp 0.0.0.0:5353 0.0.0.0:* 965/avahi-daemon\nudp6 :::5353 :::* 965/avahi-daemon\ntcp 127.0.0.1:6379 0.0.0.0:* 1323/redis-server\ntcp6 ::1:6379 :::* 1323/redis-server\ntcp6 127.0.0.1:9200 :::* 1342/java\ntcp6 127.0.0.1:9300 :::* 1342/java\nudp6 :::43597 :::* 965/avahi-daemon\nudp 0.0.0.0:45150 0.0.0.0:* 1623/ntopng\ntcp 0.0.0.0:55000 0.0.0.0:* 125727/python3\ntcp6 :::55000 :::* 125727/python3\nudp 172.30.1.170:57365 0.0.0.0:* 1623/ntopng\nudp 0.0.0.0:59960 0.0.0.0:* 965/avahi-daemon","location":"netstat listening ports"}
{"timestamp":"2026-07-28T00:02:25.506+0100","rule":{"level":5,"description":"Systemd: Service exited due to a failure.","id":"40704","firedtimes":6,"mail":false,"groups":["local","systemd"],"gpg13":["4.3"],"gdpr":["IV_35.7.d"]},"agent":{"id":"000","name":"WAZUH"},"manager":{"name":"WAZUH"},"id":"1785193345.4523","full_log":"Jul 27 23:02:24 WAZUH systemd[1]: fwupd.service: Main process exited, code=exited, status=1/FAILURE","predecoder":{"program_name":"systemd","timestamp":"Jul 27 23:02:24","hostname":"WAZUH"},"decoder":{"name":"systemd"},"location":"journald"}
{"timestamp":"2026-07-28T00:02:49.511+0100","rule":{"level":5,"description":"Systemd: Service exited due to a failure.","id":"40704","firedtimes":7,"mail":false,"groups":["local","systemd"],"gpg13":["4.3"],"gdpr":["IV_35.7.d"]},"agent":{"id":"000","name":"WAZUH"},"manager":{"name":"WAZUH"},"id":"1785193369.4798","full_log":"Jul 27 23:02:48 WAZUH systemd[1]: fwupd-refresh.service: Main process exited, code=exited, status=1/FAILURE","predecoder":{"program_name":"systemd","timestamp":"Jul 27 23:02:48","hostname":"WAZUH"},"decoder":{"name":"systemd"},"location":"journald"}
{"timestamp":"2026-07-28T00:04:09.080+0100","rule":{"level":7,"description":"Integrity checksum changed.","id":"550","mitre":{"id":["T1565.001"],"tactic":["Impact"],"technique":["Stored Data Manipulation"]},"firedtimes":1,"mail":false,"groups":["ossec","syscheck","syscheck_entry_modified","syscheck_file"],"pci_dss":["11.5"],"gpg13":["4.11"],"gdpr":["II_5.1.f"],"hipaa":["164.312.c.1","164.312.c.2"],"nist_800_53":["SI.7"],"tsc":["PI1.4","PI1.5","CC6.1","CC6.8","CC7.2","CC7.3"]},"agent":{"id":"003","name":"Server_recovery","ip":"10.212.1.100"},"manager":{"name":"WAZUH"},"id":"1785193449.5081","full_log":"File 'c:\\program files\\microsoft sql server\\mssql13.mssqlserver\\mssql\\log\\errorlog' modified\nMode: realtime\nChanged attributes: size,mtime,md5,sha1,sha256\nSize changed from '34772' to '35228'\nOld modification time was: '1785110435', now it is '1785196852'\nOld md5sum was: 'da2bc416a1369cd8cd08773e1663ef79'\nNew md5sum is : '7d5fdb4db05f1d522ff2c7b965ee9ca2'\nOld sha1sum was: '6365f762ac01c0b0a0d547d8609ceed3e631ae24'\nNew sha1sum is : '321b7c970e3b99f6a5eae199de1602e641d57336'\nOld sha256sum was: '44500281f138c1bfe27b4e6864e1b24fb5c4b42f37cff46a963d02dc87e96b61'\nNew sha256sum is : 'c1ddb4409a120e20868b3eb258a533becf2f2093182b728b892a6626535500c9'\n","syscheck":{"path":"c:\\program files\\microsoft sql server\\mssql13.mssqlserver\\mssql\\log\\errorlog","mode":"realtime","size_before":"34772","size_after":"35228","win_perm_after":[{"name":"SERVICE LOCAL","allowed":["DELETE","READ_CONTROL","WRITE_DAC","WRITE_OWNER","SYNCHRONIZE","READ_DATA","WRITE_DATA","APPEND_DATA","READ_EA","WRITE_EA","EXECUTE","READ_ATTRIBUTES","WRITE_ATTRIBUTES"]},{"name":"Système","allowed":["DELETE","READ_CONTROL","WRITE_DAC","WRITE_OWNER","SYNCHRONIZE","READ_DATA","WRITE_DATA","APPEND_DATA","READ_EA","WRITE_EA","EXECUTE","READ_ATTRIBUTES","WRITE_ATTRIBUTES"]},{"name":"Administrateurs","allowed":["DELETE","READ_CONTROL","WRITE_DAC","WRITE_OWNER","SYNCHRONIZE","READ_DATA","WRITE_DATA","APPEND_DATA","READ_EA","WRITE_EA","EXECUTE","READ_ATTRIBUTES","WRITE_ATTRIBUTES"]},{"name":"MSSQLSERVER","allowed":["DELETE","READ_CONTROL","WRITE_DAC","WRITE_OWNER","SYNCHRONIZE","READ_DATA","WRITE_DATA","APPEND_DATA","READ_EA","WRITE_EA","EXECUTE","READ_ATTRIBUTES","WRITE_ATTRIBUTES"]},{"name":"SQLSERVERAGENT","allowed":["READ_CONTROL","SYNCHRONIZE","READ_DATA","WRITE_DATA","APPEND_DATA","READ_EA","WRITE_EA","EXECUTE","READ_ATTRIBUTES","WRITE_ATTRIBUTES"]}],"uid_after":"S-1-5-19","md5_before":"da2bc416a1369cd8cd08773e1663ef79","md5_after":"7d5fdb4db05f1d522ff2c7b965ee9ca2","sha1_before":"6365f762ac01c0b0a0d547d8609ceed3e631ae24","sha1_after":"321b7c970e3b99f6a5eae199de1602e641d57336","sha256_before":"44500281f138c1bfe27b4e6864e1b24fb5c4b42f37cff46a963d02dc87e96b61","sha256_after":"c1ddb4409a120e20868b3eb258a533becf2f2093182b728b892a6626535500c9","attrs_after":["ARCHIVE"],"uname_after":"SERVICE\\ LOCAL","mtime_before":"2026-07-27T01:00:35","mtime_after":"2026-07-28T01:00:52","changed_attributes":["size","mtime","md5","sha1","sha256"],"event":"modified"},"decoder":{"name":"syscheck_integrity_changed"},"location":"syscheck"}
{"timestamp":"2026-07-28T00:08:37.442+0100","rule":{"level":3,"description":"Windows Logon Success","id":"60106","mitre":{"id":["T1078"],"tactic":["Defense Evasion","Persistence","Privilege Escalation","Initial Access"],"technique":["Valid Accounts"]},"firedtimes":1,"mail":false,"groups":["windows","windows_security","authentication_success"],"pci_dss":["10.2.5"],"gpg13":["7.1","7.2"],"gdpr":["IV_32.2"],"hipaa":["164.312.b"],"nist_800_53":["AU.14","AC.9"],"tsc":["CC6.8","CC7.2","CC7.3"]},"agent":{"id":"003","name":"Server_recovery","ip":"10.212.1.100"},"manager":{"name":"WAZUH"},"id":"1785193717.7212","decoder":{"name":"windows_eventchannel"},"data":{"win":{"system":{"providerName":"Microsoft-Windows-Security-Auditing","providerGuid":"{54849625-5478-4994-a5ba-3e3b0328c30d}","eventID":"4624","version":"2","level":"0","task":"12544","opcode":"0","keywords":"0x8020000000000000","systemTime":"2026-07-28T00:05:20.070878900Z","eventRecordID":"5768830","processID":"880","threadID":"10568","channel":"Security","computer":"Server_recovery.douja.local","severityValue":"AUDIT_SUCCESS","message":"\"L'ouverture de session d'un compte s'est correctement déroulée.\r\n\r\nObjet :\r\n\tID de sécurité :\t\tS-1-5-18\r\n\tNom du compte :\t\tSERVER_RECOVERY$\r\n\tDomaine du compte :\t\tDOUJA\r\n\tID d'ouverture de session :\t\t0x3E7\r\n\r\nInformations d'ouverture de session :\r\n\tType d'ouverture de session :\t\t5\r\n\tMode administrateur restreint :\t-\r\n\tCompte virtuel :\t\tNon\r\n\tJeton élevé :\t\tOui\r\n\r\nNiveau d'emprunt d'identité :\t\tEmprunt d’identité\r\n\r\nNouvelle ouverture de session :\r\n\tID de sécurité :\t\tS-1-5-18\r\n\tNom du compte :\t\tSystème\r\n\tDomaine du compte :\t\tAUTORITE NT\r\n\tID d'ouverture de session :\t\t0x3E7\r\n\tID d'ouverture de session liée :\t\t0x0\r\n\tNom du compte réseau :\t-\r\n\tDomaine du compte réseau :\t-\r\n\tGUID d'ouverture de session :\t\t{00000000-0000-0000-0000-000000000000}\r\n\r\nInformations sur le processus :\r\n\tID du processus :\t\t0x338\r\n\tNom du processus :\t\tC:\\Windows\\System32\\services.exe\r\n\r\nInformations sur le réseau :\r\n\tNom de la station de travail :\t-\r\n\tAdresse du réseau source :\t-\r\n\tPort source :\t\t-\r\n\r\nInformations détaillées sur l'authentification :\r\n\tProcessus d'ouverture de session :\t\tAdvapi  \r\n\tPackage d'authentification :\tNegotiate\r\n\tServices en transit :\t-\r\n\tNom du package (NTLM uniquement) :\t-\r\n\tLongueur de la clé :\t\t0\r\n\r\nCet événement est généré lors de la création d'une ouverture de session. Il est généré sur l'ordinateur sur lequel l'ouverture de session a été effectuée.\r\n\r\nLe champ Objet indique le compte sur le système local qui a demandé l'ouverture de session. Il s'agit le plus souvent d'un service, comme le service Serveur, ou un processus local tel que Winlogon.exe ou Services.exe.\r\n\r\nLe champ Type d'ouverture de session indique le type d'ouverture de session qui s'est produit. Les types les plus courants sont 2 (interactif) et 3 (réseau).\r\n\r\nLe champ Nouvelle ouverture de session indique le compte pour lequel la nouvelle ouverture de session a été créée, par exemple, le compte qui s'est connecté.\r\n\r\nLes champs relatifs au réseau indiquent la provenance d'une demande d'ouverture de session à distance. Le nom de la station de travail n'étant pas toujours disponible, peut être laissé vide dans certains cas.\r\n\r\nLe champ du niveau d'emprunt d'identité indique la portée de l'emprunt d'identité que peut prendre un processus dans la session d'ouverture de session.\r\n\r\nLes champs relatifs aux informations d'authentification fournissent des détails sur cette demande d'ouverture de session spécifique.\r\n\t- Le GUID d'ouverture de session est un identificateur unique pouvant servir à associer cet événement à un événement KDC .\r\n\t- Les services en transit indiquent les services intermédiaires qui ont participé à cette demande d'ouverture de session.\r\n\t- Nom du package indique quel est le sous-protocole qui a été utilisé parmi les protocoles NTLM.\r\n\t- La longueur de la clé indique la longueur de la clé de session générée. Elle a la valeur 0 si aucune clé de session n'a été demandée.\""},"eventdata":{"subjectUserSid":"S-1-5-18","subjectUserName":"SERVER_RECOVERY$","subjectDomainName":"DOUJA","subjectLogonId":"0x3e7","targetUserSid":"S-1-5-18","targetUserName":"Système","targetDomainName":"AUTORITE NT","targetLogonId":"0x3e7","logonType":"5","logonProcessName":"Advapi","authenticationPackageName":"Negotiate","logonGuid":"{00000000-0000-0000-0000-000000000000}","keyLength":"0","processId":"0x338","processName":"C:\\\\Windows\\\\System32\\\\services.exe","impersonationLevel":"%%1833","virtualAccount":"%%1843","targetLinkedLogonId":"0x0","elevatedToken":"%%1842"}}},"location":"EventChannel"}
{"timestamp":"2026-07-28T00:08:37.467+0100","rule":{"level":3,"description":"Service startup type was changed","id":"61104","info":"This does not appear to be logged on Windows 2000","firedtimes":1,"mail":false,"groups":["windows","windows_system","policy_changed"],"pci_dss":["10.6"],"gdpr":["IV_35.7.d"],"hipaa":["164.312.b"],"nist_800_53":["AU.6"],"tsc":["CC6.1","CC6.8","CC7.2","CC7.3"]},"agent":{"id":"003","name":"Server_recovery","ip":"10.212.1.100"},"manager":{"name":"WAZUH"},"id":"1785193717.16050","decoder":{"name":"windows_eventchannel"},"data":{"win":{"system":{"providerName":"Service Control Manager","providerGuid":"{555908d1-a6d7-4695-8e1e-26931d2012f4}","eventSourceName":"Service Control Manager","eventID":"7040","version":"0","level":"4","task":"0","opcode":"0","keywords":"0x8080000000000000","systemTime":"2026-07-28T00:05:20.129117300Z","eventRecordID":"915724","processID":"824","threadID":"7416","channel":"System","computer":"Server_recovery.douja.local","severityValue":"INFORMATION","message":"\"Le type de démarrage du service Service de transfert intelligent en arrière-plan est passé de Démarrage à la demande à Démarrage automatique.\""},"eventdata":{"param1":"Service de transfert intelligent en arrière-plan","param2":"Démarrage à la demande","param3":"Démarrage automatique","param4":"BITS"}}},"location":"EventChannel"}
{"timestamp":"2026-07-28T00:10:37.583+0100","rule":{"level":3,"description":"Service startup type was changed","id":"61104","info":"This does not appear to be logged on Windows 2000","firedtimes":2,"mail":false,"groups":["windows","windows_system","policy_changed"],"pci_dss":["10.6"],"gdpr":["IV_35.7.d"],"hipaa":["164.312.b"],"nist_800_53":["AU.6"],"tsc":["CC6.1","CC6.8","CC7.2","CC7.3"]},"agent":{"id":"003","name":"Server_recovery","ip":"10.212.1.100"},"manager":{"name":"WAZUH"},"id":"1785193837.18048","decoder":{"name":"windows_eventchannel"},"data":{"win":{"system":{"providerName":"Service Control Manager","providerGuid":"{555908d1-a6d7-4695-8e1e-26931d2012f4}","eventSourceName":"Service Control Manager","eventID":"7040","version":"0","level":"4","task":"0","opcode":"0","keywords":"0x8080000000000000","systemTime":"2026-07-28T00:07:20.424469400Z","eventRecordID":"915725","processID":"824","threadID":"13088","channel":"System","computer":"Server_recovery.douja.local","severityValue":"INFORMATION","message":"\"Le type de démarrage du service Service de transfert intelligent en arrière-plan est passé de Démarrage automatique à Démarrage à la demande.\""},"eventdata":{"param1":"Service de transfert intelligent en arrière-plan","param2":"Démarrage automatique","param3":"Démarrage à la demande","param4":"BITS"}}},"location":"EventChannel"}
{"timestamp":"2026-07-28T00:18:34.472+0100","rule":{"level":3,"description":"Windows Logon Success","id":"60106","mitre":{"id":["T1078"],"tactic":["Defense Evasion","Persistence","Privilege Escalation","Initial Access"],"technique":["Valid Accounts"]},"firedtimes":2,"mail":false,"groups":["windows","windows_security","authentication_success"],"pci_dss":["10.2.5"],"gpg13":["7.1","7.2"],"gdpr":["IV_32.2"],"hipaa":["164.312.b"],"nist_800_53":["AU.14","AC.9"],"tsc":["CC6.8","CC7.2","CC7.3"]},"agent":{"id":"003","name":"Server_recovery","ip":"10.212.1.100"},"manager":{"name":"WAZUH"},"id":"1785194314.20048","decoder":{"name":"windows_eventchannel"},"data":{"win":{"system":{"providerName":"Microsoft-Windows-Security-Auditing","providerGuid":"{54849625-5478-4994-a5ba-3e3b0328c30d}","eventID":"4624","version":"2","level":"0","task":"12544","opcode":"0","keywords":"0x8020000000000000","systemTime":"2026-07-28T00:15:17.099185100Z","eventRecordID":"5768834","processID":"880","threadID":"4372","channel":"Security","computer":"Server_recovery.douja.local","severityValue":"AUDIT_SUCCESS","message":"\"L'ouverture de session d'un compte s'est correctement déroulée.\r\n\r\nObjet :\r\n\tID de sécurité :\t\tS-1-5-18\r\n\tNom du compte :\t\tSERVER_RECOVERY$\r\n\tDomaine du compte :\t\tDOUJA\r\n\tID d'ouverture de session :\t\t0x3E7\r\n\r\nInformations d'ouverture de session :\r\n\tType d'ouverture de session :\t\t5\r\n\tMode administrateur restreint :\t-\r\n\tCompte virtuel :\t\tNon\r\n\tJeton élevé :\t\tOui\r\n\r\nNiveau d'emprunt d'identité :\t\tEmprunt d’identité\r\n\r\nNouvelle ouverture de session :\r\n\tID de sécurité :\t\tS-1-5-18\r\n\tNom du compte :\t\tSystème\r\n\tDomaine du compte :\t\tAUTORITE NT\r\n\tID d'ouverture de session :\t\t0x3E7\r\n\tID d'ouverture de session liée :\t\t0x0\r\n\tNom du compte réseau :\t-\r\n\tDomaine du compte réseau :\t-\r\n\tGUID d'ouverture de session :\t\t{00000000-0000-0000-0000-000000000000}\r\n\r\nInformations sur le processus :\r\n\tID du processus :\t\t0x338\r\n\tNom du processus :\t\tC:\\Windows\\System32\\services.exe\r\n\r\nInformations sur le réseau :\r\n\tNom de la station de travail :\t-\r\n\tAdresse du réseau source :\t-\r\n\tPort source :\t\t-\r\n\r\nInformations détaillées sur l'authentification :\r\n\tProcessus d'ouverture de session :\t\tAdvapi  \r\n\tPackage d'authentification :\tNegotiate\r\n\tServices en transit :\t-\r\n\tNom du package (NTLM uniquement) :\t-\r\n\tLongueur de la clé :\t\t0\r\n\r\nCet événement est généré lors de la création d'une ouverture de session. Il est généré sur l'ordinateur sur lequel l'ouverture de session a été effectuée.\r\n\r\nLe champ Objet indique le compte sur le système local qui a demandé l'ouverture de session. Il s'agit le plus souvent d'un service, comme le service Serveur, ou un processus local tel que Winlogon.exe ou Services.exe.\r\n\r\nLe champ Type d'ouverture de session indique le type d'ouverture de session qui s'est produit. Les types les plus courants sont 2 (interactif) et 3 (réseau).\r\n\r\nLe champ Nouvelle ouverture de session indique le compte pour lequel la nouvelle ouverture de session a été créée, par exemple, le compte qui s'est connecté.\r\n\r\nLes champs relatifs au réseau indiquent la provenance d'une demande d'ouverture de session à distance. Le nom de la station de travail n'étant pas toujours disponible, peut être laissé vide dans certains cas.\r\n\r\nLe champ du niveau d'emprunt d'identité indique la portée de l'emprunt d'identité que peut prendre un processus dans la session d'ouverture de session.\r\n\r\nLes champs relatifs aux informations d'authentification fournissent des détails sur cette demande d'ouverture de session spécifique.\r\n\t- Le GUID d'ouverture de session est un identificateur unique pouvant servir à associer cet événement à un événement KDC .\r\n\t- Les services en transit indiquent les services intermédiaires qui ont participé à cette demande d'ouverture de session.\r\n\t- Nom du package indique quel est le sous-protocole qui a été utilisé parmi les protocoles NTLM.\r\n\t- La longueur de la clé indique la longueur de la clé de session générée. Elle a la valeur 0 si aucune clé de session n'a été demandée.\""},"eventdata":{"subjectUserSid":"S-1-5-18","subjectUserName":"SERVER_RECOVERY$","subjectDomainName":"DOUJA","subjectLogonId":"0x3e7","targetUserSid":"S-1-5-18","targetUserName":"Système","targetDomainName":"AUTORITE NT","targetLogonId":"0x3e7","logonType":"5","logonProcessName":"Advapi","authenticationPackageName":"Negotiate","logonGuid":"{00000000-0000-0000-0000-000000000000}","keyLength":"0","processId":"0x338","processName":"C:\\\\Windows\\\\System32\\\\services.exe","impersonationLevel":"%%1833","virtualAccount":"%%1843","targetLinkedLogonId":"0x0","elevatedToken":"%%1842"}}},"location":"EventChannel"}
{"timestamp":"2026-07-28T00:18:34.476+0100","rule":{"level":3,"description":"Windows Logon Success","id":"60106","mitre":{"id":["T1078"],"tactic":["Defense Evasion","Persistence","Privilege Escalation","Initial Access"],"technique":["Valid Accounts"]},"firedtimes":3,"mail":false,"groups":["windows","windows_security","authentication_success"],"pci_dss":["10.2.5"],"gpg13":["7.1","7.2"],"gdpr":["IV_32.2"],"hipaa":["164.312.b"],"nist_800_53":["AU.14","AC.9"],"tsc":["CC6.8","CC7.2","CC7.3"]},"agent":{"id":"003","name":"Server_recovery","ip":"10.212.1.100"},"manager":{"name":"WAZUH"},"id":"1785194314.28885","decoder":{"name":"windows_eventchannel"},"data":{"win":{"system":{"providerName":"Microsoft-Windows-Security-Auditing","providerGuid":"{54849625-5478-4994-a5ba-3e3b0328c30d}","eventID":"4624","version":"2","level":"0","task":"12544","opcode":"0","keywords":"0x8020000000000000","systemTime":"2026-07-28T00:15:17.968092600Z","eventRecordID":"5768836","processID":"880","threadID":"3052","channel":"Security","computer":"Server_recovery.douja.local","severityValue":"AUDIT_SUCCESS","message":"\"L'ouverture de session d'un compte s'est correctement déroulée.\r\n\r\nObjet :\r\n\tID de sécurité :\t\tS-1-5-18\r\n\tNom du compte :\t\tSERVER_RECOVERY$\r\n\tDomaine du compte :\t\tDOUJA\r\n\tID d'ouverture de session :\t\t0x3E7\r\n\r\nInformations d'ouverture de session :\r\n\tType d'ouverture de session :\t\t5\r\n\tMode administrateur restreint :\t-\r\n\tCompte virtuel :\t\tNon\r\n\tJeton élevé :\t\tOui\r\n\r\nNiveau d'emprunt d'identité :\t\tEmprunt d’identité\r\n\r\nNouvelle ouverture de session :\r\n\tID de sécurité :\t\tS-1-5-18\r\n\tNom du compte :\t\tSystème\r\n\tDomaine du compte :\t\tAUTORITE NT\r\n\tID d'ouverture de session :\t\t0x3E7\r\n\tID d'ouverture de session liée :\t\t0x0\r\n\tNom du compte réseau :\t-\r\n\tDomaine du compte réseau :\t-\r\n\tGUID d'ouverture de session :\t\t{00000000-0000-0000-0000-000000000000}\r\n\r\nInformations sur le processus :\r\n\tID du processus :\t\t0x338\r\n\tNom du processus :\t\tC:\\Windows\\System32\\services.exe\r\n\r\nInformations sur le réseau :\r\n\tNom de la station de travail :\t-\r\n\tAdresse du réseau source :\t-\r\n\tPort source :\t\t-\r\n\r\nInformations détaillées sur l'authentification :\r\n\tProcessus d'ouverture de session :\t\tAdvapi  \r\n\tPackage d'authentification :\tNegotiate\r\n\tServices en transit :\t-\r\n\tNom du package (NTLM uniquement) :\t-\r\n\tLongueur de la clé :\t\t0\r\n\r\nCet événement est généré lors de la création d'une ouverture de session. Il est généré sur l'ordinateur sur lequel l'ouverture de session a été effectuée.\r\n\r\nLe champ Objet indique le compte sur le système local qui a demandé l'ouverture de session. Il s'agit le plus souvent d'un service, comme le service Serveur, ou un processus local tel que Winlogon.exe ou Services.exe.\r\n\r\nLe champ Type d'ouverture de session indique le type d'ouverture de session qui s'est produit. Les types les plus courants sont 2 (interactif) et 3 (réseau).\r\n\r\nLe champ Nouvelle ouverture de session indique le compte pour lequel la nouvelle ouverture de session a été créée, par exemple, le compte qui s'est connecté.\r\n\r\nLes champs relatifs au réseau indiquent la provenance d'une demande d'ouverture de session à distance. Le nom de la station de travail n'étant pas toujours disponible, peut être laissé vide dans certains cas.\r\n\r\nLe champ du niveau d'emprunt d'identité indique la portée de l'emprunt d'identité que peut prendre un processus dans la session d'ouverture de session.\r\n\r\nLes champs relatifs aux informations d'authentification fournissent des détails sur cette demande d'ouverture de session spécifique.\r\n\t- Le GUID d'ouverture de session est un identificateur unique pouvant servir à associer cet événement à un événement KDC .\r\n\t- Les services en transit indiquent les services intermédiaires qui ont participé à cette demande d'ouverture de session.\r\n\t- Nom du package indique quel est le sous-protocole qui a été utilisé parmi les protocoles NTLM.\r\n\t- La longueur de la clé indique la longueur de la clé de session générée. Elle a la valeur 0 si aucune clé de session n'a été demandée.\""},"eventdata":{"subjectUserSid":"S-1-5-18","subjectUserName":"SERVER_RECOVERY$","subjectDomainName":"DOUJA","subjectLogonId":"0x3e7","targetUserSid":"S-1-5-18","targetUserName":"Système","targetDomainName":"AUTORITE NT","targetLogonId":"0x3e7","logonType":"5","logonProcessName":"Advapi","authenticationPackageName":"Negotiate","logonGuid":"{00000000-0000-0000-0000-000000000000}","keyLength":"0","processId":"0x338","processName":"C:\\\\Windows\\\\System32\\\\services.exe","impersonationLevel":"%%1833","virtualAccount":"%%1843","targetLinkedLogonId":"0x0","elevatedToken":"%%1842"}}},"location":"EventChannel"}
{"timestamp":"2026-07-28T00:24:51.532+0100","rule":{"level":3,"description":"Windows Logon Success","id":"60106","mitre":{"id":["T1078"],"tactic":["Defense Evasion","Persistence","Privilege Escalation","Initial Access"],"technique":["Valid Accounts"]},"firedtimes":4,"mail":false,"groups":["windows","windows_security","authentication_success"],"pci_dss":["10.2.5"],"gpg13":["7.1","7.2"],"gdpr":["IV_32.2"],"hipaa":["164.312.b"],"nist_800_53":["AU.14","AC.9"],"tsc":["CC6.8","CC7.2","CC7.3"]},"agent":{"id":"003","name":"Server_recovery","ip":"10.212.1.100"},"manager":{"name":"WAZUH"},"id":"1785194691.37722","decoder":{"name":"windows_eventchannel"},"data":{"win":{"system":{"providerName":"Microsoft-Windows-Security-Auditing","providerGuid":"{54849625-5478-4994-a5ba-3e3b0328c30d}","eventID":"4624","version":"2","level":"0","task":"12544","opcode":"0","keywords":"0x8020000000000000","systemTime":"2026-07-28T00:21:34.179045500Z","eventRecordID":"5768848","processID":"880","threadID":"4372","channel":"Security","computer":"Server_recovery.douja.local","severityValue":"AUDIT_SUCCESS","message":"\"L'ouverture de session d'un compte s'est correctement déroulée.\r\n\r\nObjet :\r\n\tID de sécurité :\t\tS-1-5-18\r\n\tNom du compte :\t\tSERVER_RECOVERY$\r\n\tDomaine du compte :\t\tDOUJA\r\n\tID d'ouverture de session :\t\t0x3E7\r\n\r\nInformations d'ouverture de session :\r\n\tType d'ouverture de session :\t\t5\r\n\tMode administrateur restreint :\t-\r\n\tCompte virtuel :\t\tNon\r\n\tJeton élevé :\t\tOui\r\n\r\nNiveau d'emprunt d'identité :\t\tEmprunt d’identité\r\n\r\nNouvelle ouverture de session :\r\n\tID de sécurité :\t\tS-1-5-18\r\n\tNom du compte :\t\tSystème\r\n\tDomaine du compte :\t\tAUTORITE NT\r\n\tID d'ouverture de session :\t\t0x3E7\r\n\tID d'ouverture de session liée :\t\t0x0\r\n\tNom du compte réseau :\t-\r\n\tDomaine du compte réseau :\t-\r\n\tGUID d'ouverture de session :\t\t{00000000-0000-0000-0000-000000000000}\r\n\r\nInformations sur le processus :\r\n\tID du processus :\t\t0x338\r\n\tNom du processus :\t\tC:\\Windows\\System32\\services.exe\r\n\r\nInformations sur le réseau :\r\n\tNom de la station de travail :\t-\r\n\tAdresse du réseau source :\t-\r\n\tPort source :\t\t-\r\n\r\nInformations détaillées sur l'authentification :\r\n\tProcessus d'ouverture de session :\t\tAdvapi  \r\n\tPackage d'authentification :\tNegotiate\r\n\tServices en transit :\t-\r\n\tNom du package (NTLM uniquement) :\t-\r\n\tLongueur de la clé :\t\t0\r\n\r\nCet événement est généré lors de la création d'une ouverture de session. Il est généré sur l'ordinateur sur lequel l'ouverture de session a été effectuée.\r\n\r\nLe champ Objet indique le compte sur le système local qui a demandé l'ouverture de session. Il s'agit le plus souvent d'un service, comme le service Serveur, ou un processus local tel que Winlogon.exe ou Services.exe.\r\n\r\nLe champ Type d'ouverture de session indique le type d'ouverture de session qui s'est produit. Les types les plus courants sont 2 (interactif) et 3 (réseau).\r\n\r\nLe champ Nouvelle ouverture de session indique le compte pour lequel la nouvelle ouverture de session a été créée, par exemple, le compte qui s'est connecté.\r\n\r\nLes champs relatifs au réseau indiquent la provenance d'une demande d'ouverture de session à distance. Le nom de la station de travail n'étant pas toujours disponible, peut être laissé vide dans certains cas.\r\n\r\nLe champ du niveau d'emprunt d'identité indique la portée de l'emprunt d'identité que peut prendre un processus dans la session d'ouverture de session.\r\n\r\nLes champs relatifs aux informations d'authentification fournissent des détails sur cette demande d'ouverture de session spécifique.\r\n\t- Le GUID d'ouverture de session est un identificateur unique pouvant servir à associer cet événement à un événement KDC .\r\n\t- Les services en transit indiquent les services intermédiaires qui ont participé à cette demande d'ouverture de session.\r\n\t- Nom du package indique quel est le sous-protocole qui a été utilisé parmi les protocoles NTLM.\r\n\t- La longueur de la clé indique la longueur de la clé de session générée. Elle a la valeur 0 si aucune clé de session n'a été demandée.\""},"eventdata":{"subjectUserSid":"S-1-5-18","subjectUserName":"SERVER_RECOVERY$","subjectDomainName":"DOUJA","subjectLogonId":"0x3e7","targetUserSid":"S-1-5-18","targetUserName":"Système","targetDomainName":"AUTORITE NT","targetLogonId":"0x3e7","logonType":"5","logonProcessName":"Advapi","authenticationPackageName":"Negotiate","logonGuid":"{00000000-0000-0000-0000-000000000000}","keyLength":"0","processId":"0x338","processName":"C:\\\\Windows\\\\System32\\\\services.exe","impersonationLevel":"%%1833","virtualAccount":"%%1843","targetLinkedLogonId":"0x0","elevatedToken":"%%1842"}}},"location":"EventChannel"}
{"timestamp":"2026-07-28T00:57:09.635+0100","rule":{"level":3,"description":"Windows Logon Success","id":"60106","mitre":{"id":["T1078"],"tactic":["Defense Evasion","Persistence","Privilege Escalation","Initial Access"],"technique":["Valid Accounts"]},"firedtimes":5,"mail":false,"groups":["windows","windows_security","authentication_success"],"pci_dss":["10.2.5"],"gpg13":["7.1","7.2"],"gdpr":["IV_32.2"],"hipaa":["164.312.b"],"nist_800_53":["AU.14","AC.9"],"tsc":["CC6.8","CC7.2","CC7.3"]},"agent":{"id":"003","name":"Server_recovery","ip":"10.212.1.100"},"manager":{"name":"WAZUH"},"id":"1785196629.46559","decoder":{"name":"windows_eventchannel"},"data":{"win":{"system":{"providerName":"Microsoft-Windows-Security-Auditing","providerGuid":"{54849625-5478-4994-a5ba-3e3b0328c30d}","eventID":"4624","version":"2","level":"0","task":"12544","opcode":"0","keywords":"0x8020000000000000","systemTime":"2026-07-28T00:53:52.284369200Z","eventRecordID":"5768851","processID":"880","threadID":"3956","channel":"Security","computer":"Server_recovery.douja.local","severityValue":"AUDIT_SUCCESS","message":"\"L'ouverture de session d'un compte s'est correctement déroulée.\r\n\r\nObjet :\r\n\tID de sécurité :\t\tS-1-0-0\r\n\tNom du compte :\t\t-\r\n\tDomaine du compte :\t\t-\r\n\tID d'ouverture de session :\t\t0x0\r\n\r\nInformations d'ouverture de session :\r\n\tType d'ouverture de session :\t\t3\r\n\tMode administrateur restreint :\t-\r\n\tCompte virtuel :\t\tNon\r\n\tJeton élevé :\t\tOui\r\n\r\nNiveau d'emprunt d'identité :\t\tEmprunt d’identité\r\n\r\nNouvelle ouverture de session :\r\n\tID de sécurité :\t\tS-1-5-18\r\n\tNom du compte :\t\tSERVER_RECOVERY$\r\n\tDomaine du compte :\t\tDOUJA.LOCAL\r\n\tID d'ouverture de session :\t\t0xA93023A\r\n\tID d'ouverture de session liée :\t\t0x0\r\n\tNom du compte réseau :\t-\r\n\tDomaine du compte réseau :\t-\r\n\tGUID d'ouverture de session :\t\t{2627de97-41ce-0b1c-180c-8e7b43321f30}\r\n\r\nInformations sur le processus :\r\n\tID du processus :\t\t0x0\r\n\tNom du processus :\t\t-\r\n\r\nInformations sur le réseau :\r\n\tNom de la station de travail :\t-\r\n\tAdresse du réseau source :\t::1\r\n\tPort source :\t\t0\r\n\r\nInformations détaillées sur l'authentification :\r\n\tProcessus d'ouverture de session :\t\tKerberos\r\n\tPackage d'authentification :\tKerberos\r\n\tServices en transit :\t-\r\n\tNom du package (NTLM uniquement) :\t-\r\n\tLongueur de la clé :\t\t0\r\n\r\nCet événement est généré lors de la création d'une ouverture de session. Il est généré sur l'ordinateur sur lequel l'ouverture de session a été effectuée.\r\n\r\nLe champ Objet indique le compte sur le système local qui a demandé l'ouverture de session. Il s'agit le plus souvent d'un service, comme le service Serveur, ou un processus local tel que Winlogon.exe ou Services.exe.\r\n\r\nLe champ Type d'ouverture de session indique le type d'ouverture de session qui s'est produit. Les types les plus courants sont 2 (interactif) et 3 (réseau).\r\n\r\nLe champ Nouvelle ouverture de session indique le compte pour lequel la nouvelle ouverture de session a été créée, par exemple, le compte qui s'est connecté.\r\n\r\nLes champs relatifs au réseau indiquent la provenance d'une demande d'ouverture de session à distance. Le nom de la station de travail n'étant pas toujours disponible, peut être laissé vide dans certains cas.\r\n\r\nLe champ du niveau d'emprunt d'identité indique la portée de l'emprunt d'identité que peut prendre un processus dans la session d'ouverture de session.\r\n\r\nLes champs relatifs aux informations d'authentification fournissent des détails sur cette demande d'ouverture de session spécifique.\r\n\t- Le GUID d'ouverture de session est un identificateur unique pouvant servir à associer cet événement à un événement KDC .\r\n\t- Les services en transit indiquent les services intermédiaires qui ont participé à cette demande d'ouverture de session.\r\n\t- Nom du package indique quel est le sous-protocole qui a été utilisé parmi les protocoles NTLM.\r\n\t- La longueur de la clé indique la longueur de la clé de session générée. Elle a la valeur 0 si aucune clé de session n'a été demandée.\""},"eventdata":{"subjectUserSid":"S-1-0-0","subjectLogonId":"0x0","targetUserSid":"S-1-5-18","targetUserName":"SERVER_RECOVERY$","targetDomainName":"DOUJA.LOCAL","targetLogonId":"0xa93023a","logonType":"3","logonProcessName":"Kerberos","authenticationPackageName":"Kerberos","logonGuid":"{2627de97-41ce-0b1c-180c-8e7b43321f30}","keyLength":"0","processId":"0x0","ipAddress":"::1","ipPort":"0","impersonationLevel":"%%1833","virtualAccount":"%%1843","targetLinkedLogonId":"0x0","elevatedToken":"%%1842"}}},"location":"EventChannel"}
{"timestamp":"2026-07-28T00:57:09.655+0100","rule":{"level":3,"description":"Windows User Logoff","id":"60137","firedtimes":1,"mail":false,"groups":["windows","windows_security"],"pci_dss":["10.2.5"],"gdpr":["IV_32.2"],"hipaa":["164.312.b"],"nist_800_53":["AU.14","AC.7"],"tsc":["CC6.8","CC7.2","CC7.3"]},"agent":{"id":"003","name":"Server_recovery","ip":"10.212.1.100"},"manager":{"name":"WAZUH"},"id":"1785196629.55136","decoder":{"name":"windows_eventchannel"},"data":{"win":{"system":{"providerName":"Microsoft-Windows-Security-Auditing","providerGuid":"{54849625-5478-4994-a5ba-3e3b0328c30d}","eventID":"4634","version":"0","level":"0","task":"12545","opcode":"0","keywords":"0x8020000000000000","systemTime":"2026-07-28T00:53:52.736465800Z","eventRecordID":"5768852","processID":"880","threadID":"3956","channel":"Security","computer":"Server_recovery.douja.local","severityValue":"AUDIT_SUCCESS","message":"\"Fermeture de session d’un compte.\r\n\r\nSujet :\r\n\tID de sécurité :\t\tS-1-5-18\r\n\tNom du compte :\t\tSERVER_RECOVERY$\r\n\tDomaine du compte :\t\tDOUJA\r\n\tID du compte :\t\t0xA93023A\r\n\r\nType d’ouverture de session :\t\t\t3\r\n\r\nCet événement est généré lorsqu’une session ouverte est supprimée. Il peut être associé à un événement d’ouverture de session en utilisant la valeur ID d’ouverture de session. Les ID d’ouverture de session ne sont uniques qu’entre les redémarrages sur un même ordinateur.\""},"eventdata":{"targetUserSid":"S-1-5-18","targetUserName":"SERVER_RECOVERY$","targetDomainName":"DOUJA","targetLogonId":"0xa93023a","logonType":"3"}}},"location":"EventChannel"}
{"timestamp":"2026-07-28T01:18:58.722+0100","rule":{"level":5,"description":"Systemd: Service exited due to a failure.","id":"40704","firedtimes":1,"mail":false,"groups":["local","systemd"],"gpg13":["4.3"],"gdpr":["IV_35.7.d"]},"agent":{"id":"000","name":"WAZUH"},"manager":{"name":"WAZUH"},"id":"1785197938.57812","full_log":"Jul 28 00:18:58 WAZUH systemd[1]: fwupd.service: Main process exited, code=exited, status=1/FAILURE","predecoder":{"program_name":"systemd","timestamp":"Jul 28 00:18:58","hostname":"WAZUH"},"decoder":{"name":"systemd"},"location":"journald"}
{"timestamp":"2026-07-28T01:19:18.863+0100","rule":{"level":3,"description":"Windows Logon Success","id":"60106","mitre":{"id":["T1078"],"tactic":["Defense Evasion","Persistence","Privilege Escalation","Initial Access"],"technique":["Valid Accounts"]},"firedtimes":1,"mail":false,"groups":["windows","windows_security","authentication_success"],"pci_dss":["10.2.5"],"gpg13":["7.1","7.2"],"gdpr":["IV_32.2"],"hipaa":["164.312.b"],"nist_800_53":["AU.14","AC.9"],"tsc":["CC6.8","CC7.2","CC7.3"]},"agent":{"id":"003","name":"Server_recovery","ip":"10.212.1.100"},"manager":{"name":"WAZUH"},"id":"1785197958.58088","decoder":{"name":"windows_eventchannel"},"data":{"win":{"system":{"providerName":"Microsoft-Windows-Security-Auditing","providerGuid":"{54849625-5478-4994-a5ba-3e3b0328c30d}","eventID":"4624","version":"2","level":"0","task":"12544","opcode":"0","keywords":"0x8020000000000000","systemTime":"2026-07-28T01:16:01.519527300Z","eventRecordID":"5768853","processID":"880","threadID":"10440","channel":"Security","computer":"Server_recovery.douja.local","severityValue":"AUDIT_SUCCESS","message":"\"L'ouverture de session d'un compte s'est correctement déroulée.\r\n\r\nObjet :\r\n\tID de sécurité :\t\tS-1-5-18\r\n\tNom du compte :\t\tSERVER_RECOVERY$\r\n\tDomaine du compte :\t\tDOUJA\r\n\tID d'ouverture de session :\t\t0x3E7\r\n\r\nInformations d'ouverture de session :\r\n\tType d'ouverture de session :\t\t5\r\n\tMode administrateur restreint :\t-\r\n\tCompte virtuel :\t\tNon\r\n\tJeton élevé :\t\tOui\r\n\r\nNiveau d'emprunt d'identité :\t\tEmprunt d’identité\r\n\r\nNouvelle ouverture de session :\r\n\tID de sécurité :\t\tS-1-5-18\r\n\tNom du compte :\t\tSystème\r\n\tDomaine du compte :\t\tAUTORITE NT\r\n\tID d'ouverture de session :\t\t0x3E7\r\n\tID d'ouverture de session liée :\t\t0x0\r\n\tNom du compte réseau :\t-\r\n\tDomaine du compte réseau :\t-\r\n\tGUID d'ouverture de session :\t\t{00000000-0000-0000-0000-000000000000}\r\n\r\nInformations sur le processus :\r\n\tID du processus :\t\t0x338\r\n\tNom du processus :\t\tC:\\Windows\\System32\\services.exe\r\n\r\nInformations sur le réseau :\r\n\tNom de la station de travail :\t-\r\n\tAdresse du réseau source :\t-\r\n\tPort source :\t\t-\r\n\r\nInformations détaillées sur l'authentification :\r\n\tProcessus d'ouverture de session :\t\tAdvapi  \r\n\tPackage d'authentification :\tNegotiate\r\n\tServices en transit :\t-\r\n\tNom du package (NTLM uniquement) :\t-\r\n\tLongueur de la clé :\t\t0\r\n\r\nCet événement est généré lors de la création d'une ouverture de session. Il est généré sur l'ordinateur sur lequel l'ouverture de session a été effectuée.\r\n\r\nLe champ Objet indique le compte sur le système local qui a demandé l'ouverture de session. Il s'agit le plus souvent d'un service, comme le service Serveur, ou un processus local tel que Winlogon.exe ou Services.exe.\r\n\r\nLe champ Type d'ouverture de session indique le type d'ouverture de session qui s'est produit. Les types les plus courants sont 2 (interactif) et 3 (réseau).\r\n\r\nLe champ Nouvelle ouverture de session indique le compte pour lequel la nouvelle ouverture de session a été créée, par exemple, le compte qui s'est connecté.\r\n\r\nLes champs relatifs au réseau indiquent la provenance d'une demande d'ouverture de session à distance. Le nom de la station de travail n'étant pas toujours disponible, peut être laissé vide dans certains cas.\r\n\r\nLe champ du niveau d'emprunt d'identité indique la portée de l'emprunt d'identité que peut prendre un processus dans la session d'ouverture de session.\r\n\r\nLes champs relatifs aux informations d'authentification fournissent des détails sur cette demande d'ouverture de session spécifique.\r\n\t- Le GUID d'ouverture de session est un identificateur unique pouvant servir à associer cet événement à un événement KDC .\r\n\t- Les services en transit indiquent les services intermédiaires qui ont participé à cette demande d'ouverture de session.\r\n\t- Nom du package indique quel est le sous-protocole qui a été utilisé parmi les protocoles NTLM.\r\n\t- La longueur de la clé indique la longueur de la clé de session générée. Elle a la valeur 0 si aucune clé de session n'a été demandée.\""},"eventdata":{"subjectUserSid":"S-1-5-18","subjectUserName":"SERVER_RECOVERY$","subjectDomainName":"DOUJA","subjectLogonId":"0x3e7","targetUserSid":"S-1-5-18","targetUserName":"Système","targetDomainName":"AUTORITE NT","targetLogonId":"0x3e7","logonType":"5","logonProcessName":"Advapi","authenticationPackageName":"Negotiate","logonGuid":"{00000000-0000-0000-0000-000000000000}","keyLength":"0","processId":"0x338","processName":"C:\\\\Windows\\\\System32\\\\services.exe","impersonationLevel":"%%1833","virtualAccount":"%%1843","targetLinkedLogonId":"0x0","elevatedToken":"%%1842"}}},"location":"EventChannel"}
