{"timestamp":"2026-07-28T09:00:08.926+0100","rule":{"level":3,"description":"Windows Logon Success","id":"60106","mitre":{"id":["T1078"],"tactic":["Defense Evasion","Persistence","Privilege Escalation","Initial Access"],"technique":["Valid Accounts"]},"firedtimes":1,"mail":false,"groups":["windows","windows_security","authentication_success"],"pci_dss":["10.2.5"],"gpg13":["7.1","7.2"],"gdpr":["IV_32.2"],"hipaa":["164.312.b"],"nist_800_53":["AU.14","AC.9"],"tsc":["CC6.8","CC7.2","CC7.3"]},"agent":{"id":"003","name":"Server_recovery","ip":"10.212.1.100"},"manager":{"name":"WAZUH"},"id":"1785225608.1301800","decoder":{"name":"windows_eventchannel"},"data":{"win":{"system":{"providerName":"Microsoft-Windows-Security-Auditing","providerGuid":"{54849625-5478-4994-a5ba-3e3b0328c30d}","eventID":"4624","version":"2","level":"0","task":"12544","opcode":"0","keywords":"0x8020000000000000","systemTime":"2026-07-28T08:56:51.724655900Z","eventRecordID":"5769013","processID":"880","threadID":"12908","channel":"Security","computer":"Server_recovery.douja.local","severityValue":"AUDIT_SUCCESS","message":"\"L'ouverture de session d'un compte s'est correctement déroulée.\r\n\r\nObjet :\r\n\tID de sécurité :\t\tS-1-5-18\r\n\tNom du compte :\t\tSERVER_RECOVERY$\r\n\tDomaine du compte :\t\tDOUJA\r\n\tID d'ouverture de session :\t\t0x3E7\r\n\r\nInformations d'ouverture de session :\r\n\tType d'ouverture de session :\t\t5\r\n\tMode administrateur restreint :\t-\r\n\tCompte virtuel :\t\tNon\r\n\tJeton élevé :\t\tOui\r\n\r\nNiveau d'emprunt d'identité :\t\tEmprunt d’identité\r\n\r\nNouvelle ouverture de session :\r\n\tID de sécurité :\t\tS-1-5-18\r\n\tNom du compte :\t\tSystème\r\n\tDomaine du compte :\t\tAUTORITE NT\r\n\tID d'ouverture de session :\t\t0x3E7\r\n\tID d'ouverture de session liée :\t\t0x0\r\n\tNom du compte réseau :\t-\r\n\tDomaine du compte réseau :\t-\r\n\tGUID d'ouverture de session :\t\t{00000000-0000-0000-0000-000000000000}\r\n\r\nInformations sur le processus :\r\n\tID du processus :\t\t0x338\r\n\tNom du processus :\t\tC:\\Windows\\System32\\services.exe\r\n\r\nInformations sur le réseau :\r\n\tNom de la station de travail :\t-\r\n\tAdresse du réseau source :\t-\r\n\tPort source :\t\t-\r\n\r\nInformations détaillées sur l'authentification :\r\n\tProcessus d'ouverture de session :\t\tAdvapi  \r\n\tPackage d'authentification :\tNegotiate\r\n\tServices en transit :\t-\r\n\tNom du package (NTLM uniquement) :\t-\r\n\tLongueur de la clé :\t\t0\r\n\r\nCet événement est généré lors de la création d'une ouverture de session. Il est généré sur l'ordinateur sur lequel l'ouverture de session a été effectuée.\r\n\r\nLe champ Objet indique le compte sur le système local qui a demandé l'ouverture de session. Il s'agit le plus souvent d'un service, comme le service Serveur, ou un processus local tel que Winlogon.exe ou Services.exe.\r\n\r\nLe champ Type d'ouverture de session indique le type d'ouverture de session qui s'est produit. Les types les plus courants sont 2 (interactif) et 3 (réseau).\r\n\r\nLe champ Nouvelle ouverture de session indique le compte pour lequel la nouvelle ouverture de session a été créée, par exemple, le compte qui s'est connecté.\r\n\r\nLes champs relatifs au réseau indiquent la provenance d'une demande d'ouverture de session à distance. Le nom de la station de travail n'étant pas toujours disponible, peut être laissé vide dans certains cas.\r\n\r\nLe champ du niveau d'emprunt d'identité indique la portée de l'emprunt d'identité que peut prendre un processus dans la session d'ouverture de session.\r\n\r\nLes champs relatifs aux informations d'authentification fournissent des détails sur cette demande d'ouverture de session spécifique.\r\n\t- Le GUID d'ouverture de session est un identificateur unique pouvant servir à associer cet événement à un événement KDC .\r\n\t- Les services en transit indiquent les services intermédiaires qui ont participé à cette demande d'ouverture de session.\r\n\t- Nom du package indique quel est le sous-protocole qui a été utilisé parmi les protocoles NTLM.\r\n\t- La longueur de la clé indique la longueur de la clé de session générée. Elle a la valeur 0 si aucune clé de session n'a été demandée.\""},"eventdata":{"subjectUserSid":"S-1-5-18","subjectUserName":"SERVER_RECOVERY$","subjectDomainName":"DOUJA","subjectLogonId":"0x3e7","targetUserSid":"S-1-5-18","targetUserName":"Système","targetDomainName":"AUTORITE NT","targetLogonId":"0x3e7","logonType":"5","logonProcessName":"Advapi","authenticationPackageName":"Negotiate","logonGuid":"{00000000-0000-0000-0000-000000000000}","keyLength":"0","processId":"0x338","processName":"C:\\\\Windows\\\\System32\\\\services.exe","impersonationLevel":"%%1833","virtualAccount":"%%1843","targetLinkedLogonId":"0x0","elevatedToken":"%%1842"}}},"location":"EventChannel"}
{"timestamp":"2026-07-28T09:00:25.352+0100","rule":{"level":5,"description":"Systemd: Service exited due to a failure.","id":"40704","firedtimes":1,"mail":false,"groups":["local","systemd"],"gpg13":["4.3"],"gdpr":["IV_35.7.d"]},"agent":{"id":"000","name":"WAZUH"},"manager":{"name":"WAZUH"},"id":"1785225625.1310641","full_log":"Jul 28 08:00:24 WAZUH systemd[1566]: snap.firmware-updater.firmware-notifier.service: Main process exited, code=exited, status=1/FAILURE","predecoder":{"program_name":"systemd","timestamp":"Jul 28 08:00:24","hostname":"WAZUH"},"decoder":{"name":"systemd"},"location":"journald"}
{"timestamp":"2026-07-28T09:00:25.352+0100","rule":{"level":5,"description":"Systemd: Service exited due to a failure.","id":"40704","firedtimes":2,"mail":false,"groups":["local","systemd"],"gpg13":["4.3"],"gdpr":["IV_35.7.d"]},"agent":{"id":"000","name":"WAZUH"},"manager":{"name":"WAZUH"},"id":"1785225625.1310956","full_log":"Jul 28 08:00:24 WAZUH systemd[1566]: snap.firmware-updater.firmware-notifier.service: Main process exited, code=exited, status=1/FAILURE","predecoder":{"program_name":"systemd","timestamp":"Jul 28 08:00:24","hostname":"WAZUH"},"decoder":{"name":"systemd"},"location":"journald"}
{"timestamp":"2026-07-28T09:00:27.353+0100","rule":{"level":5,"description":"Systemd: Service exited due to a failure.","id":"40704","firedtimes":3,"mail":false,"groups":["local","systemd"],"gpg13":["4.3"],"gdpr":["IV_35.7.d"]},"agent":{"id":"000","name":"WAZUH"},"manager":{"name":"WAZUH"},"id":"1785225627.1311271","full_log":"Jul 28 08:00:25 WAZUH systemd[1566]: snap.firmware-updater.firmware-notifier.service: Main process exited, code=exited, status=1/FAILURE","predecoder":{"program_name":"systemd","timestamp":"Jul 28 08:00:25","hostname":"WAZUH"},"decoder":{"name":"systemd"},"location":"journald"}
{"timestamp":"2026-07-28T09:00:27.355+0100","rule":{"level":5,"description":"Systemd: Service exited due to a failure.","id":"40704","firedtimes":4,"mail":false,"groups":["local","systemd"],"gpg13":["4.3"],"gdpr":["IV_35.7.d"]},"agent":{"id":"000","name":"WAZUH"},"manager":{"name":"WAZUH"},"id":"1785225627.1311586","full_log":"Jul 28 08:00:26 WAZUH systemd[1566]: snap.firmware-updater.firmware-notifier.service: Main process exited, code=exited, status=1/FAILURE","predecoder":{"program_name":"systemd","timestamp":"Jul 28 08:00:26","hostname":"WAZUH"},"decoder":{"name":"systemd"},"location":"journald"}
{"timestamp":"2026-07-28T09:00:27.355+0100","rule":{"level":5,"description":"Systemd: Service exited due to a failure.","id":"40704","firedtimes":5,"mail":false,"groups":["local","systemd"],"gpg13":["4.3"],"gdpr":["IV_35.7.d"]},"agent":{"id":"000","name":"WAZUH"},"manager":{"name":"WAZUH"},"id":"1785225627.1311901","full_log":"Jul 28 08:00:26 WAZUH systemd[1566]: snap.firmware-updater.firmware-notifier.service: Main process exited, code=exited, status=1/FAILURE","predecoder":{"program_name":"systemd","timestamp":"Jul 28 08:00:26","hostname":"WAZUH"},"decoder":{"name":"systemd"},"location":"journald"}
{"timestamp":"2026-07-28T09:00:41.019+0100","rule":{"level":3,"description":"Windows Logon Success","id":"60106","mitre":{"id":["T1078"],"tactic":["Defense Evasion","Persistence","Privilege Escalation","Initial Access"],"technique":["Valid Accounts"]},"firedtimes":2,"mail":false,"groups":["windows","windows_security","authentication_success"],"pci_dss":["10.2.5"],"gpg13":["7.1","7.2"],"gdpr":["IV_32.2"],"hipaa":["164.312.b"],"nist_800_53":["AU.14","AC.9"],"tsc":["CC6.8","CC7.2","CC7.3"]},"agent":{"id":"003","name":"Server_recovery","ip":"10.212.1.100"},"manager":{"name":"WAZUH"},"id":"1785225641.1312216","decoder":{"name":"windows_eventchannel"},"data":{"win":{"system":{"providerName":"Microsoft-Windows-Security-Auditing","providerGuid":"{54849625-5478-4994-a5ba-3e3b0328c30d}","eventID":"4624","version":"2","level":"0","task":"12544","opcode":"0","keywords":"0x8020000000000000","systemTime":"2026-07-28T08:57:23.814923900Z","eventRecordID":"5769015","processID":"880","threadID":"8188","channel":"Security","computer":"Server_recovery.douja.local","severityValue":"AUDIT_SUCCESS","message":"\"L'ouverture de session d'un compte s'est correctement déroulée.\r\n\r\nObjet :\r\n\tID de sécurité :\t\tS-1-5-18\r\n\tNom du compte :\t\tSERVER_RECOVERY$\r\n\tDomaine du compte :\t\tDOUJA\r\n\tID d'ouverture de session :\t\t0x3E7\r\n\r\nInformations d'ouverture de session :\r\n\tType d'ouverture de session :\t\t5\r\n\tMode administrateur restreint :\t-\r\n\tCompte virtuel :\t\tNon\r\n\tJeton élevé :\t\tOui\r\n\r\nNiveau d'emprunt d'identité :\t\tEmprunt d’identité\r\n\r\nNouvelle ouverture de session :\r\n\tID de sécurité :\t\tS-1-5-18\r\n\tNom du compte :\t\tSystème\r\n\tDomaine du compte :\t\tAUTORITE NT\r\n\tID d'ouverture de session :\t\t0x3E7\r\n\tID d'ouverture de session liée :\t\t0x0\r\n\tNom du compte réseau :\t-\r\n\tDomaine du compte réseau :\t-\r\n\tGUID d'ouverture de session :\t\t{00000000-0000-0000-0000-000000000000}\r\n\r\nInformations sur le processus :\r\n\tID du processus :\t\t0x338\r\n\tNom du processus :\t\tC:\\Windows\\System32\\services.exe\r\n\r\nInformations sur le réseau :\r\n\tNom de la station de travail :\t-\r\n\tAdresse du réseau source :\t-\r\n\tPort source :\t\t-\r\n\r\nInformations détaillées sur l'authentification :\r\n\tProcessus d'ouverture de session :\t\tAdvapi  \r\n\tPackage d'authentification :\tNegotiate\r\n\tServices en transit :\t-\r\n\tNom du package (NTLM uniquement) :\t-\r\n\tLongueur de la clé :\t\t0\r\n\r\nCet événement est généré lors de la création d'une ouverture de session. Il est généré sur l'ordinateur sur lequel l'ouverture de session a été effectuée.\r\n\r\nLe champ Objet indique le compte sur le système local qui a demandé l'ouverture de session. Il s'agit le plus souvent d'un service, comme le service Serveur, ou un processus local tel que Winlogon.exe ou Services.exe.\r\n\r\nLe champ Type d'ouverture de session indique le type d'ouverture de session qui s'est produit. Les types les plus courants sont 2 (interactif) et 3 (réseau).\r\n\r\nLe champ Nouvelle ouverture de session indique le compte pour lequel la nouvelle ouverture de session a été créée, par exemple, le compte qui s'est connecté.\r\n\r\nLes champs relatifs au réseau indiquent la provenance d'une demande d'ouverture de session à distance. Le nom de la station de travail n'étant pas toujours disponible, peut être laissé vide dans certains cas.\r\n\r\nLe champ du niveau d'emprunt d'identité indique la portée de l'emprunt d'identité que peut prendre un processus dans la session d'ouverture de session.\r\n\r\nLes champs relatifs aux informations d'authentification fournissent des détails sur cette demande d'ouverture de session spécifique.\r\n\t- Le GUID d'ouverture de session est un identificateur unique pouvant servir à associer cet événement à un événement KDC .\r\n\t- Les services en transit indiquent les services intermédiaires qui ont participé à cette demande d'ouverture de session.\r\n\t- Nom du package indique quel est le sous-protocole qui a été utilisé parmi les protocoles NTLM.\r\n\t- La longueur de la clé indique la longueur de la clé de session générée. Elle a la valeur 0 si aucune clé de session n'a été demandée.\""},"eventdata":{"subjectUserSid":"S-1-5-18","subjectUserName":"SERVER_RECOVERY$","subjectDomainName":"DOUJA","subjectLogonId":"0x3e7","targetUserSid":"S-1-5-18","targetUserName":"Système","targetDomainName":"AUTORITE NT","targetLogonId":"0x3e7","logonType":"5","logonProcessName":"Advapi","authenticationPackageName":"Negotiate","logonGuid":"{00000000-0000-0000-0000-000000000000}","keyLength":"0","processId":"0x338","processName":"C:\\\\Windows\\\\System32\\\\services.exe","impersonationLevel":"%%1833","virtualAccount":"%%1843","targetLinkedLogonId":"0x0","elevatedToken":"%%1842"}}},"location":"EventChannel"}
{"timestamp":"2026-07-28T09:00:46.326+0100","rule":{"level":3,"description":"Windows Logon Success","id":"60106","mitre":{"id":["T1078"],"tactic":["Defense Evasion","Persistence","Privilege Escalation","Initial Access"],"technique":["Valid Accounts"]},"firedtimes":3,"mail":false,"groups":["windows","windows_security","authentication_success"],"pci_dss":["10.2.5"],"gpg13":["7.1","7.2"],"gdpr":["IV_32.2"],"hipaa":["164.312.b"],"nist_800_53":["AU.14","AC.9"],"tsc":["CC6.8","CC7.2","CC7.3"]},"agent":{"id":"003","name":"Server_recovery","ip":"10.212.1.100"},"manager":{"name":"WAZUH"},"id":"1785225646.1321055","decoder":{"name":"windows_eventchannel"},"data":{"win":{"system":{"providerName":"Microsoft-Windows-Security-Auditing","providerGuid":"{54849625-5478-4994-a5ba-3e3b0328c30d}","eventID":"4624","version":"2","level":"0","task":"12544","opcode":"0","keywords":"0x8020000000000000","systemTime":"2026-07-28T08:57:29.066106000Z","eventRecordID":"5769017","processID":"880","threadID":"8188","channel":"Security","computer":"Server_recovery.douja.local","severityValue":"AUDIT_SUCCESS","message":"\"L'ouverture de session d'un compte s'est correctement déroulée.\r\n\r\nObjet :\r\n\tID de sécurité :\t\tS-1-5-18\r\n\tNom du compte :\t\tSERVER_RECOVERY$\r\n\tDomaine du compte :\t\tDOUJA\r\n\tID d'ouverture de session :\t\t0x3E7\r\n\r\nInformations d'ouverture de session :\r\n\tType d'ouverture de session :\t\t5\r\n\tMode administrateur restreint :\t-\r\n\tCompte virtuel :\t\tNon\r\n\tJeton élevé :\t\tOui\r\n\r\nNiveau d'emprunt d'identité :\t\tEmprunt d’identité\r\n\r\nNouvelle ouverture de session :\r\n\tID de sécurité :\t\tS-1-5-18\r\n\tNom du compte :\t\tSystème\r\n\tDomaine du compte :\t\tAUTORITE NT\r\n\tID d'ouverture de session :\t\t0x3E7\r\n\tID d'ouverture de session liée :\t\t0x0\r\n\tNom du compte réseau :\t-\r\n\tDomaine du compte réseau :\t-\r\n\tGUID d'ouverture de session :\t\t{00000000-0000-0000-0000-000000000000}\r\n\r\nInformations sur le processus :\r\n\tID du processus :\t\t0x338\r\n\tNom du processus :\t\tC:\\Windows\\System32\\services.exe\r\n\r\nInformations sur le réseau :\r\n\tNom de la station de travail :\t-\r\n\tAdresse du réseau source :\t-\r\n\tPort source :\t\t-\r\n\r\nInformations détaillées sur l'authentification :\r\n\tProcessus d'ouverture de session :\t\tAdvapi  \r\n\tPackage d'authentification :\tNegotiate\r\n\tServices en transit :\t-\r\n\tNom du package (NTLM uniquement) :\t-\r\n\tLongueur de la clé :\t\t0\r\n\r\nCet événement est généré lors de la création d'une ouverture de session. Il est généré sur l'ordinateur sur lequel l'ouverture de session a été effectuée.\r\n\r\nLe champ Objet indique le compte sur le système local qui a demandé l'ouverture de session. Il s'agit le plus souvent d'un service, comme le service Serveur, ou un processus local tel que Winlogon.exe ou Services.exe.\r\n\r\nLe champ Type d'ouverture de session indique le type d'ouverture de session qui s'est produit. Les types les plus courants sont 2 (interactif) et 3 (réseau).\r\n\r\nLe champ Nouvelle ouverture de session indique le compte pour lequel la nouvelle ouverture de session a été créée, par exemple, le compte qui s'est connecté.\r\n\r\nLes champs relatifs au réseau indiquent la provenance d'une demande d'ouverture de session à distance. Le nom de la station de travail n'étant pas toujours disponible, peut être laissé vide dans certains cas.\r\n\r\nLe champ du niveau d'emprunt d'identité indique la portée de l'emprunt d'identité que peut prendre un processus dans la session d'ouverture de session.\r\n\r\nLes champs relatifs aux informations d'authentification fournissent des détails sur cette demande d'ouverture de session spécifique.\r\n\t- Le GUID d'ouverture de session est un identificateur unique pouvant servir à associer cet événement à un événement KDC .\r\n\t- Les services en transit indiquent les services intermédiaires qui ont participé à cette demande d'ouverture de session.\r\n\t- Nom du package indique quel est le sous-protocole qui a été utilisé parmi les protocoles NTLM.\r\n\t- La longueur de la clé indique la longueur de la clé de session générée. Elle a la valeur 0 si aucune clé de session n'a été demandée.\""},"eventdata":{"subjectUserSid":"S-1-5-18","subjectUserName":"SERVER_RECOVERY$","subjectDomainName":"DOUJA","subjectLogonId":"0x3e7","targetUserSid":"S-1-5-18","targetUserName":"Système","targetDomainName":"AUTORITE NT","targetLogonId":"0x3e7","logonType":"5","logonProcessName":"Advapi","authenticationPackageName":"Negotiate","logonGuid":"{00000000-0000-0000-0000-000000000000}","keyLength":"0","processId":"0x338","processName":"C:\\\\Windows\\\\System32\\\\services.exe","impersonationLevel":"%%1833","virtualAccount":"%%1843","targetLinkedLogonId":"0x0","elevatedToken":"%%1842"}}},"location":"EventChannel"}
{"timestamp":"2026-07-28T09:01:12.258+0100","rule":{"level":3,"description":"Software protection service scheduled successfully.","id":"60642","firedtimes":1,"mail":false,"groups":["windows","windows_application"]},"agent":{"id":"003","name":"Server_recovery","ip":"10.212.1.100"},"manager":{"name":"WAZUH"},"id":"1785225672.1329894","decoder":{"name":"windows_eventchannel"},"data":{"win":{"system":{"providerName":"Microsoft-Windows-Security-SPP","providerGuid":"{E23B33B0-C8C9-472C-A5F9-F2BDFEA0F156}","eventSourceName":"Software Protection Platform Service","eventID":"16384","version":"0","level":"4","task":"0","opcode":"0","keywords":"0x80000000000000","systemTime":"2026-07-28T08:57:56.062488500Z","eventRecordID":"899729","processID":"0","threadID":"0","channel":"Application","computer":"Server_recovery.douja.local","severityValue":"INFORMATION","message":"\"La planification du redémarrage du service de protection logicielle à 2126-07-04T08:57:56Z a réussi. Raison : RulesEngine.\""},"eventdata":{"data":"2126-07-04T08:57:56Z, RulesEngine"}}},"location":"EventChannel"}
{"timestamp":"2026-07-28T09:01:33.074+0100","rule":{"level":3,"description":"Software protection service scheduled successfully.","id":"60642","firedtimes":2,"mail":false,"groups":["windows","windows_application"]},"agent":{"id":"001","name":"windows-dev","ip":"172.17.1.120","labels":{"os":"windows10-pro","team":"soc"}},"manager":{"name":"WAZUH"},"id":"1785225693.1331555","decoder":{"name":"windows_eventchannel"},"data":{"win":{"system":{"providerName":"Microsoft-Windows-Security-SPP","providerGuid":"{E23B33B0-C8C9-472C-A5F9-F2BDFEA0F156}","eventSourceName":"Software Protection Platform Service","eventID":"16384","version":"0","level":"4","task":"0","opcode":"0","keywords":"0x80000000000000","systemTime":"2026-07-28T08:58:16.8760951Z","eventRecordID":"567134","processID":"0","threadID":"0","channel":"Application","computer":"inf22.douja.local","severityValue":"INFORMATION","message":"\"La planification du redémarrage du service de protection logicielle à 2026-08-27T08:47:16Z a réussi. Raison : RulesEngine.\""},"eventdata":{"data":"2026-08-27T08:47:16Z, RulesEngine"}}},"location":"EventChannel"}
{"timestamp":"2026-07-28T09:02:33.476+0100","rule":{"level":7,"description":"Windows Firewall With Advanced Security: {5A28B1D0-474C-4F70-BC5C-7994CC45972B} rule has been deleted in the Windows Defender Firewall exception list.","id":"67008","firedtimes":1,"mail":false,"groups":["windows","windows_firewall","firewall"],"pci_dss":["1.4"],"gpg13":["4.12"],"gdpr":["IV_35.7.d"],"hipaa":["164.312.a.1"],"nist_800_53":["SC.7"],"tsc":["CC6.7","CC6.8"]},"agent":{"id":"001","name":"windows-dev","ip":"172.17.1.120","labels":{"os":"windows10-pro","team":"soc"}},"manager":{"name":"WAZUH"},"id":"1785225753.1333216","decoder":{"name":"windows_eventchannel"},"data":{"win":{"system":{"providerName":"Microsoft-Windows-Windows Firewall With Advanced Security","providerGuid":"{d1bc9aff-2abf-4d71-9146-ecb2a986eb85}","eventID":"2006","version":"0","level":"4","task":"0","opcode":"0","keywords":"0x8000020000000000","systemTime":"2026-07-28T08:59:16.8117428Z","eventRecordID":"161573","processID":"2136","threadID":"13472","channel":"Microsoft-Windows-Windows Firewall With Advanced Security/Firewall","computer":"inf22.douja.local","severityValue":"INFORMATION","message":"\"Une règle a été supprimée de la liste d’exceptions du Pare-feu Windows Defender.\r\n\r\nRègle supprimée :\r\n\tID règle :\t{5A28B1D0-474C-4F70-BC5C-7994CC45972B}\r\n\tNom de la règle :\tAdobe Acrobat Reader Protected Mode\r\n\tUtilisateur ayant fait la modification :\tS-1-5-80-3088073201-1464728630-1879813800-1107566885-823218052\r\n\tApplication ayant fait la modification :\tC:\\WINDOWS\\System32\\svchost.exe\""},"eventdata":{"ruleId":"{5A28B1D0-474C-4F70-BC5C-7994CC45972B}","ruleName":"Adobe Acrobat Reader Protected Mode","modifyingUser":"S-1-5-80-3088073201-1464728630-1879813800-1107566885-823218052","modifyingApplication":"C:\\\\WINDOWS\\\\System32\\\\svchost.exe"}}},"location":"EventChannel"}
{"timestamp":"2026-07-28T09:02:33.478+0100","rule":{"level":7,"description":"Windows Firewall With Advanced Security: {3C62A1DE-FAA4-450C-8137-9E1AC332169C} rule has been deleted in the Windows Defender Firewall exception list.","id":"67008","firedtimes":2,"mail":false,"groups":["windows","windows_firewall","firewall"],"pci_dss":["1.4"],"gpg13":["4.12"],"gdpr":["IV_35.7.d"],"hipaa":["164.312.a.1"],"nist_800_53":["SC.7"],"tsc":["CC6.7","CC6.8"]},"agent":{"id":"001","name":"windows-dev","ip":"172.17.1.120","labels":{"os":"windows10-pro","team":"soc"}},"manager":{"name":"WAZUH"},"id":"1785225753.1336147","decoder":{"name":"windows_eventchannel"},"data":{"win":{"system":{"providerName":"Microsoft-Windows-Windows Firewall With Advanced Security","providerGuid":"{d1bc9aff-2abf-4d71-9146-ecb2a986eb85}","eventID":"2006","version":"0","level":"4","task":"0","opcode":"0","keywords":"0x8000020000000000","systemTime":"2026-07-28T08:59:16.8167528Z","eventRecordID":"161574","processID":"2136","threadID":"13472","channel":"Microsoft-Windows-Windows Firewall With Advanced Security/Firewall","computer":"inf22.douja.local","severityValue":"INFORMATION","message":"\"Une règle a été supprimée de la liste d’exceptions du Pare-feu Windows Defender.\r\n\r\nRègle supprimée :\r\n\tID règle :\t{3C62A1DE-FAA4-450C-8137-9E1AC332169C}\r\n\tNom de la règle :\tAdobe Acrobat Reader Protected Mode\r\n\tUtilisateur ayant fait la modification :\tS-1-5-80-3088073201-1464728630-1879813800-1107566885-823218052\r\n\tApplication ayant fait la modification :\tC:\\WINDOWS\\System32\\svchost.exe\""},"eventdata":{"ruleId":"{3C62A1DE-FAA4-450C-8137-9E1AC332169C}","ruleName":"Adobe Acrobat Reader Protected Mode","modifyingUser":"S-1-5-80-3088073201-1464728630-1879813800-1107566885-823218052","modifyingApplication":"C:\\\\WINDOWS\\\\System32\\\\svchost.exe"}}},"location":"EventChannel"}
{"timestamp":"2026-07-28T09:02:36.205+0100","rule":{"level":7,"description":"Windows Firewall With Advanced Security: {D34A618E-F38B-4F9A-B21C-1C7C27D2B554} rule has been deleted in the Windows Defender Firewall exception list.","id":"67008","firedtimes":3,"mail":false,"groups":["windows","windows_firewall","firewall"],"pci_dss":["1.4"],"gpg13":["4.12"],"gdpr":["IV_35.7.d"],"hipaa":["164.312.a.1"],"nist_800_53":["SC.7"],"tsc":["CC6.7","CC6.8"]},"agent":{"id":"001","name":"windows-dev","ip":"172.17.1.120","labels":{"os":"windows10-pro","team":"soc"}},"manager":{"name":"WAZUH"},"id":"1785225756.1339078","decoder":{"name":"windows_eventchannel"},"data":{"win":{"system":{"providerName":"Microsoft-Windows-Windows Firewall With Advanced Security","providerGuid":"{d1bc9aff-2abf-4d71-9146-ecb2a986eb85}","eventID":"2006","version":"0","level":"4","task":"0","opcode":"0","keywords":"0x8000020000000000","systemTime":"2026-07-28T08:59:19.0174081Z","eventRecordID":"161577","processID":"2136","threadID":"20860","channel":"Microsoft-Windows-Windows Firewall With Advanced Security/Firewall","computer":"inf22.douja.local","severityValue":"INFORMATION","message":"\"Une règle a été supprimée de la liste d’exceptions du Pare-feu Windows Defender.\r\n\r\nRègle supprimée :\r\n\tID règle :\t{D34A618E-F38B-4F9A-B21C-1C7C27D2B554}\r\n\tNom de la règle :\tAdobe Acrobat Reader Protected Mode\r\n\tUtilisateur ayant fait la modification :\tS-1-5-80-3088073201-1464728630-1879813800-1107566885-823218052\r\n\tApplication ayant fait la modification :\tC:\\WINDOWS\\System32\\svchost.exe\""},"eventdata":{"ruleId":"{D34A618E-F38B-4F9A-B21C-1C7C27D2B554}","ruleName":"Adobe Acrobat Reader Protected Mode","modifyingUser":"S-1-5-80-3088073201-1464728630-1879813800-1107566885-823218052","modifyingApplication":"C:\\\\WINDOWS\\\\System32\\\\svchost.exe"}}},"location":"EventChannel"}
{"timestamp":"2026-07-28T09:02:36.208+0100","rule":{"level":7,"description":"Windows Firewall With Advanced Security: {2D7E3793-9E8B-485F-B829-9B57876484C7} rule has been deleted in the Windows Defender Firewall exception list.","id":"67008","firedtimes":4,"mail":false,"groups":["windows","windows_firewall","firewall"],"pci_dss":["1.4"],"gpg13":["4.12"],"gdpr":["IV_35.7.d"],"hipaa":["164.312.a.1"],"nist_800_53":["SC.7"],"tsc":["CC6.7","CC6.8"]},"agent":{"id":"001","name":"windows-dev","ip":"172.17.1.120","labels":{"os":"windows10-pro","team":"soc"}},"manager":{"name":"WAZUH"},"id":"1785225756.1342009","decoder":{"name":"windows_eventchannel"},"data":{"win":{"system":{"providerName":"Microsoft-Windows-Windows Firewall With Advanced Security","providerGuid":"{d1bc9aff-2abf-4d71-9146-ecb2a986eb85}","eventID":"2006","version":"0","level":"4","task":"0","opcode":"0","keywords":"0x8000020000000000","systemTime":"2026-07-28T08:59:19.0223619Z","eventRecordID":"161578","processID":"2136","threadID":"20860","channel":"Microsoft-Windows-Windows Firewall With Advanced Security/Firewall","computer":"inf22.douja.local","severityValue":"INFORMATION","message":"\"Une règle a été supprimée de la liste d’exceptions du Pare-feu Windows Defender.\r\n\r\nRègle supprimée :\r\n\tID règle :\t{2D7E3793-9E8B-485F-B829-9B57876484C7}\r\n\tNom de la règle :\tAdobe Acrobat Reader Protected Mode\r\n\tUtilisateur ayant fait la modification :\tS-1-5-80-3088073201-1464728630-1879813800-1107566885-823218052\r\n\tApplication ayant fait la modification :\tC:\\WINDOWS\\System32\\svchost.exe\""},"eventdata":{"ruleId":"{2D7E3793-9E8B-485F-B829-9B57876484C7}","ruleName":"Adobe Acrobat Reader Protected Mode","modifyingUser":"S-1-5-80-3088073201-1464728630-1879813800-1107566885-823218052","modifyingApplication":"C:\\\\WINDOWS\\\\System32\\\\svchost.exe"}}},"location":"EventChannel"}
{"timestamp":"2026-07-28T09:04:27.383+0100","rule":{"level":6,"description":"WMI query for System Information Discovery.","id":"92654","mitre":{"id":["T1082","T1047"],"tactic":["Discovery","Execution"],"technique":["System Information Discovery","Windows Management Instrumentation"]},"firedtimes":1,"mail":false,"groups":["win_evt_channel","windows"]},"agent":{"id":"001","name":"windows-dev","ip":"172.17.1.120","labels":{"os":"windows10-pro","team":"soc"}},"manager":{"name":"WAZUH"},"id":"1785225867.1344940","full_log":"{\"win\":{\"system\":{\"providerName\":\"Microsoft-Windows-WMI-Activity\",\"providerGuid\":\"{1418ef04-b0b4-4623-bf7e-d74ab47bbdaa}\",\"eventID\":\"5857\",\"version\":\"0\",\"level\":\"0\",\"task\":\"0\",\"opcode\":\"0\",\"keywords\":\"0x4000000000000000\",\"systemTime\":\"2026-07-28T09:01:10.1967322Z\",\"eventRecordID\":\"429227\",\"processID\":\"18648\",\"threadID\":\"7320\",\"channel\":\"Microsoft-Windows-WMI-Activity/Operational\",\"computer\":\"inf22.douja.local\",\"severityValue\":\"UNKNOWN\",\"message\":\"\\\"Le fournisseur CIMWin32 a démarré avec le code de résultat 0x0. ProcessusHôte = wmiprvse.exe ; IDProcessus = 18648 ; CheminAccèsFournisseur = %systemroot%\\\\system32\\\\wbem\\\\cimwin32.dll\\\"\"},\"operation_StartedOperational\":{\"providerName\":\"CIMWin32\",\"code\":\"0x0\",\"hostProcess\":\"wmiprvse.exe\",\"processID\":\"18648\",\"providerPath\":\"%systemroot%\\\\\\\\system32\\\\\\\\wbem\\\\\\\\cimwin32.dll\"}}}","decoder":{"name":"windows_eventchannel"},"data":{"win":{"system":{"providerName":"Microsoft-Windows-WMI-Activity","providerGuid":"{1418ef04-b0b4-4623-bf7e-d74ab47bbdaa}","eventID":"5857","version":"0","level":"0","task":"0","opcode":"0","keywords":"0x4000000000000000","systemTime":"2026-07-28T09:01:10.1967322Z","eventRecordID":"429227","processID":"18648","threadID":"7320","channel":"Microsoft-Windows-WMI-Activity/Operational","computer":"inf22.douja.local","severityValue":"UNKNOWN","message":"\"Le fournisseur CIMWin32 a démarré avec le code de résultat 0x0. ProcessusHôte = wmiprvse.exe ; IDProcessus = 18648 ; CheminAccèsFournisseur = %systemroot%\\system32\\wbem\\cimwin32.dll\""},"operation_StartedOperational":{"providerName":"CIMWin32","code":"0x0","hostProcess":"wmiprvse.exe","processID":"18648","providerPath":"%systemroot%\\\\system32\\\\wbem\\\\cimwin32.dll"}}},"location":"EventChannel"}
{"timestamp":"2026-07-28T09:06:41.551+0100","rule":{"level":3,"description":"Software protection service scheduled successfully.","id":"60642","firedtimes":3,"mail":false,"groups":["windows","windows_application"]},"agent":{"id":"001","name":"windows-dev","ip":"172.17.1.120","labels":{"os":"windows10-pro","team":"soc"}},"manager":{"name":"WAZUH"},"id":"1785226001.1347044","decoder":{"name":"windows_eventchannel"},"data":{"win":{"system":{"providerName":"Microsoft-Windows-Security-SPP","providerGuid":"{E23B33B0-C8C9-472C-A5F9-F2BDFEA0F156}","eventSourceName":"Software Protection Platform Service","eventID":"16384","version":"0","level":"4","task":"0","opcode":"0","keywords":"0x80000000000000","systemTime":"2026-07-28T09:03:25.3677282Z","eventRecordID":"567139","processID":"0","threadID":"0","channel":"Application","computer":"inf22.douja.local","severityValue":"INFORMATION","message":"\"La planification du redémarrage du service de protection logicielle à 2026-08-27T08:47:25Z a réussi. Raison : RulesEngine.\""},"eventdata":{"data":"2026-08-27T08:47:25Z, RulesEngine"}}},"location":"EventChannel"}
{"timestamp":"2026-07-28T09:06:47.990+0100","rule":{"level":6,"description":"WMI query for System Information Discovery.","id":"92654","mitre":{"id":["T1082","T1047"],"tactic":["Discovery","Execution"],"technique":["System Information Discovery","Windows Management Instrumentation"]},"firedtimes":2,"mail":false,"groups":["win_evt_channel","windows"]},"agent":{"id":"001","name":"windows-dev","ip":"172.17.1.120","labels":{"os":"windows10-pro","team":"soc"}},"manager":{"name":"WAZUH"},"id":"1785226007.1348705","full_log":"{\"win\":{\"system\":{\"providerName\":\"Microsoft-Windows-WMI-Activity\",\"providerGuid\":\"{1418ef04-b0b4-4623-bf7e-d74ab47bbdaa}\",\"eventID\":\"5857\",\"version\":\"0\",\"level\":\"0\",\"task\":\"0\",\"opcode\":\"0\",\"keywords\":\"0x4000000000000000\",\"systemTime\":\"2026-07-28T09:03:31.1134476Z\",\"eventRecordID\":\"429230\",\"processID\":\"12580\",\"threadID\":\"9188\",\"channel\":\"Microsoft-Windows-WMI-Activity/Operational\",\"computer\":\"inf22.douja.local\",\"severityValue\":\"UNKNOWN\",\"message\":\"\\\"Le fournisseur CIMWin32 a démarré avec le code de résultat 0x0. ProcessusHôte = wmiprvse.exe ; IDProcessus = 12580 ; CheminAccèsFournisseur = %systemroot%\\\\system32\\\\wbem\\\\cimwin32.dll\\\"\"},\"operation_StartedOperational\":{\"providerName\":\"CIMWin32\",\"code\":\"0x0\",\"hostProcess\":\"wmiprvse.exe\",\"processID\":\"12580\",\"providerPath\":\"%systemroot%\\\\\\\\system32\\\\\\\\wbem\\\\\\\\cimwin32.dll\"}}}","decoder":{"name":"windows_eventchannel"},"data":{"win":{"system":{"providerName":"Microsoft-Windows-WMI-Activity","providerGuid":"{1418ef04-b0b4-4623-bf7e-d74ab47bbdaa}","eventID":"5857","version":"0","level":"0","task":"0","opcode":"0","keywords":"0x4000000000000000","systemTime":"2026-07-28T09:03:31.1134476Z","eventRecordID":"429230","processID":"12580","threadID":"9188","channel":"Microsoft-Windows-WMI-Activity/Operational","computer":"inf22.douja.local","severityValue":"UNKNOWN","message":"\"Le fournisseur CIMWin32 a démarré avec le code de résultat 0x0. ProcessusHôte = wmiprvse.exe ; IDProcessus = 12580 ; CheminAccèsFournisseur = %systemroot%\\system32\\wbem\\cimwin32.dll\""},"operation_StartedOperational":{"providerName":"CIMWin32","code":"0x0","hostProcess":"wmiprvse.exe","processID":"12580","providerPath":"%systemroot%\\\\system32\\\\wbem\\\\cimwin32.dll"}}},"location":"EventChannel"}
