{"timestamp":"2026-07-28T08:54:34.106+0100","rule":{"level":3,"description":"Software protection service scheduled successfully.","id":"60642","firedtimes":2,"mail":false,"groups":["windows","windows_application"]},"agent":{"id":"001","name":"windows-dev","ip":"172.17.1.120","labels":{"os":"windows10-pro","team":"soc"}},"manager":{"name":"WAZUH"},"id":"1785225274.1150514","decoder":{"name":"windows_eventchannel"},"data":{"win":{"system":{"providerName":"Microsoft-Windows-Security-SPP","providerGuid":"{E23B33B0-C8C9-472C-A5F9-F2BDFEA0F156}","eventSourceName":"Software Protection Platform Service","eventID":"16384","version":"0","level":"4","task":"0","opcode":"0","keywords":"0x80000000000000","systemTime":"2026-07-28T08:51:18.5970943Z","eventRecordID":"566852","processID":"0","threadID":"0","channel":"Application","computer":"inf22.douja.local","severityValue":"INFORMATION","message":"\"La planification du redémarrage du service de protection logicielle à 2026-08-27T08:47:18Z a réussi. Raison : RulesEngine.\""},"eventdata":{"data":"2026-08-27T08:47:18Z, RulesEngine"}}},"location":"EventChannel"}
{"timestamp":"2026-07-28T08:54:39.714+0100","rule":{"level":9,"description":"Windows application error event.","id":"60602","firedtimes":2,"mail":false,"groups":["windows","windows_application","system_error"],"gdpr":["IV_35.7.d"],"gpg13":["4.3"]},"agent":{"id":"001","name":"windows-dev","ip":"172.17.1.120","labels":{"os":"windows10-pro","team":"soc"}},"manager":{"name":"WAZUH"},"id":"1785225279.1152175","decoder":{"name":"windows_eventchannel"},"data":{"win":{"system":{"providerName":"MsiInstaller","eventID":"1024","version":"0","level":"2","task":"0","opcode":"0","keywords":"0x80000000000000","systemTime":"2026-07-28T08:51:24.1805986Z","eventRecordID":"566853","processID":"0","threadID":"0","channel":"Application","computer":"inf22.douja.local","severityValue":"ERROR","message":"\"Produit : SQL Server 2016 Database Engine Services - La mise à jour ‘{BB0930EA-0733-449F-B46B-203D05FF073A}’ n’a pas pu être installée. Code d’erreur 1642. Windows Installer peut créer des journaux pour faciliter la résolution des éventuelles erreurs d’installation des packages logiciels. Utilisez le lien suivant pour afficher des instructions concernant l’activation des journaux : http://go.microsoft.com/fwlink/?LinkId=23127\""},"eventdata":{"binary":"7B42463645333843342D443830312D343530382D394536312D3236463545303544363045437D207B42423039333045412D303733332D343439462D423436422D3230334430354646303733417D2031363432","data":"SQL Server 2016 Database Engine Services, {BB0930EA-0733-449F-B46B-203D05FF073A}, 1642"}}},"location":"EventChannel"}
{"timestamp":"2026-07-28T08:54:39.716+0100","rule":{"level":3,"description":"Windows installer installed an update.","id":"60636","firedtimes":1,"mail":false,"groups":["windows","windows_application"]},"agent":{"id":"001","name":"windows-dev","ip":"172.17.1.120","labels":{"os":"windows10-pro","team":"soc"}},"manager":{"name":"WAZUH"},"id":"1785225279.1154674","decoder":{"name":"windows_eventchannel"},"data":{"win":{"system":{"providerName":"MsiInstaller","eventID":"1036","version":"0","level":"4","task":"0","opcode":"0","keywords":"0x80000000000000","systemTime":"2026-07-28T08:51:24.1815930Z","eventRecordID":"566854","processID":"0","threadID":"0","channel":"Application","computer":"inf22.douja.local","severityValue":"INFORMATION","message":"\"Windows Installer a installé une mise à jour. Nom du produit : SQL Server 2016 Database Engine Services. Version du produit : 13.0.1601.5. Langue du produit : 1033. Nom de la mise à jour : {BB0930EA-0733-449F-B46B-203D05FF073A}. Fabricant : Microsoft Corporation. Réussite de l’installation ou état d’erreur : 1642.\""},"eventdata":{"binary":"7B42463645333843342D443830312D343530382D394536312D3236463545303544363045437D3030303037353335626436633731653339343337663531653637393538313235623834373030303030393034","data":"SQL Server 2016 Database Engine Services, 13.0.1601.5, 1033, {BB0930EA-0733-449F-B46B-203D05FF073A}, 1642, Microsoft Corporation"}}},"location":"EventChannel"}
{"timestamp":"2026-07-28T08:54:39.733+0100","rule":{"level":3,"description":"Application installed SQL Server 2016 Database Engine Services, 13.0.1601.5, 1033, 1642, Microsoft Corporation.","id":"60612","firedtimes":1,"mail":false,"groups":["windows","windows_application"]},"agent":{"id":"001","name":"windows-dev","ip":"172.17.1.120","labels":{"os":"windows10-pro","team":"soc"}},"manager":{"name":"WAZUH"},"id":"1785225279.1157001","decoder":{"name":"windows_eventchannel"},"data":{"win":{"system":{"providerName":"MsiInstaller","eventID":"1033","version":"0","level":"4","task":"0","opcode":"0","keywords":"0x80000000000000","systemTime":"2026-07-28T08:51:24.1864431Z","eventRecordID":"566856","processID":"0","threadID":"0","channel":"Application","computer":"inf22.douja.local","severityValue":"INFORMATION","message":"\"Windows Installer a installé le produit. Nom du produit : SQL Server 2016 Database Engine Services. Version du produit : 13.0.1601.5. Langue du produit : 1033. Fabricant : Microsoft Corporation. Réussite de l’installation ou état d’erreur : 1642.\""},"eventdata":{"binary":"7B42463645333843342D443830312D343530382D394536312D3236463545303544363045437D3030303037353335626436633731653339343337663531653637393538313235623834373030303030393034","data":"SQL Server 2016 Database Engine Services, 13.0.1601.5, 1033, 1642, Microsoft Corporation"}}},"location":"EventChannel"}
{"timestamp":"2026-07-28T08:54:41.779+0100","rule":{"level":3,"description":"Update installed successfully.","id":"60626","firedtimes":1,"mail":false,"groups":["windows","windows_application"]},"agent":{"id":"001","name":"windows-dev","ip":"172.17.1.120","labels":{"os":"windows10-pro","team":"soc"}},"manager":{"name":"WAZUH"},"id":"1785225281.1159177","decoder":{"name":"windows_eventchannel"},"data":{"win":{"system":{"providerName":"MsiInstaller","eventID":"1022","version":"0","level":"4","task":"0","opcode":"0","keywords":"0x80000000000000","systemTime":"2026-07-28T08:51:26.2714892Z","eventRecordID":"566857","processID":"0","threadID":"0","channel":"Application","computer":"inf22.douja.local","severityValue":"INFORMATION","message":"\"Produit : SQL Server 2016 Database Engine Shared - La mise à jour ‘Hotfix 7095 for SQL Server Database Services  Core Shared (64-bit) (KB5102339)’ a été installée.\""},"eventdata":{"binary":"7B36383641383143302D433845342D343646362D393532462D4231394132384538433433307D207B31314639453337362D354336452D343437352D384344362D4436453445304137333941327D","data":"SQL Server 2016 Database Engine Shared, Hotfix 7095 for SQL Server Database Services  Core Shared (64-bit) (KB5102339)"}}},"location":"EventChannel"}
{"timestamp":"2026-07-28T08:54:41.780+0100","rule":{"level":3,"description":"Windows installer installed an update.","id":"60636","firedtimes":2,"mail":false,"groups":["windows","windows_application"]},"agent":{"id":"001","name":"windows-dev","ip":"172.17.1.120","labels":{"os":"windows10-pro","team":"soc"}},"manager":{"name":"WAZUH"},"id":"1785225281.1161140","decoder":{"name":"windows_eventchannel"},"data":{"win":{"system":{"providerName":"MsiInstaller","eventID":"1036","version":"0","level":"4","task":"0","opcode":"0","keywords":"0x80000000000000","systemTime":"2026-07-28T08:51:26.2724872Z","eventRecordID":"566858","processID":"0","threadID":"0","channel":"Application","computer":"inf22.douja.local","severityValue":"INFORMATION","message":"\"Windows Installer a installé une mise à jour. Nom du produit : SQL Server 2016 Database Engine Shared. Version du produit : 13.3.6300.2. Langue du produit : 1033. Nom de la mise à jour : Hotfix 7095 for SQL Server Database Services  Core Shared (64-bit) (KB5102339). Fabricant : Microsoft Corporation. Réussite de l’installation ou état d’erreur : 0.\""},"eventdata":{"binary":"7B36383641383143302D433845342D343646362D393532462D4231394132384538433433307D3030303039363636396238353333356434633061376333333461363461303432366537383030303030393034","data":"SQL Server 2016 Database Engine Shared, 13.3.6300.2, 1033, Hotfix 7095 for SQL Server Database Services  Core Shared (64-bit) (KB5102339), 0, Microsoft Corporation"}}},"location":"EventChannel"}
{"timestamp":"2026-07-28T08:54:41.782+0100","rule":{"level":3,"description":"Windows installer reconfigured the product.","id":"60635","firedtimes":1,"mail":false,"groups":["windows","windows_application"]},"agent":{"id":"001","name":"windows-dev","ip":"172.17.1.120","labels":{"os":"windows10-pro","team":"soc"}},"manager":{"name":"WAZUH"},"id":"1785225281.1163607","decoder":{"name":"windows_eventchannel"},"data":{"win":{"system":{"providerName":"MsiInstaller","eventID":"1035","version":"0","level":"4","task":"0","opcode":"0","keywords":"0x80000000000000","systemTime":"2026-07-28T08:51:26.2736856Z","eventRecordID":"566860","processID":"0","threadID":"0","channel":"Application","computer":"inf22.douja.local","severityValue":"INFORMATION","message":"\"Windows Installer a reconfiguré le produit. Nom du produit : SQL Server 2016 Database Engine Shared. Version du produit : 13.3.6300.2. Langue du produit : 1033. Fabricant : Microsoft Corporation. Réussite de la reconfiguration ou état d’erreur : 0.\""},"eventdata":{"binary":"7B36383641383143302D433845342D343646362D393532462D4231394132384538433433307D3030303039363636396238353333356434633061376333333461363461303432366537383030303030393034","data":"SQL Server 2016 Database Engine Shared, 13.3.6300.2, 1033, 0, Microsoft Corporation"}}},"location":"EventChannel"}
{"timestamp":"2026-07-28T08:54:42.017+0100","rule":{"level":3,"description":"Update installed successfully.","id":"60626","firedtimes":2,"mail":false,"groups":["windows","windows_application"]},"agent":{"id":"001","name":"windows-dev","ip":"172.17.1.120","labels":{"os":"windows10-pro","team":"soc"}},"manager":{"name":"WAZUH"},"id":"1785225282.1165705","decoder":{"name":"windows_eventchannel"},"data":{"win":{"system":{"providerName":"MsiInstaller","eventID":"1022","version":"0","level":"4","task":"0","opcode":"0","keywords":"0x80000000000000","systemTime":"2026-07-28T08:51:26.5107137Z","eventRecordID":"566861","processID":"0","threadID":"0","channel":"Application","computer":"inf22.douja.local","severityValue":"INFORMATION","message":"\"Produit : SQL Server 2016 SQL Data Quality Common - La mise à jour ‘Hotfix 7095 for SQL Server Data Quality Services  (64-bit) (KB5102339)’ a été installée.\""},"eventdata":{"binary":"7B37383238313532352D323642352D343845302D414233362D4446454531313744393642417D207B30333835393338342D303237452D344631462D383237362D4333413045383735394433317D","data":"SQL Server 2016 SQL Data Quality Common, Hotfix 7095 for SQL Server Data Quality Services  (64-bit) (KB5102339)"}}},"location":"EventChannel"}
{"timestamp":"2026-07-28T08:54:42.018+0100","rule":{"level":3,"description":"Windows installer installed an update.","id":"60636","firedtimes":3,"mail":false,"groups":["windows","windows_application"]},"agent":{"id":"001","name":"windows-dev","ip":"172.17.1.120","labels":{"os":"windows10-pro","team":"soc"}},"manager":{"name":"WAZUH"},"id":"1785225282.1167640","decoder":{"name":"windows_eventchannel"},"data":{"win":{"system":{"providerName":"MsiInstaller","eventID":"1036","version":"0","level":"4","task":"0","opcode":"0","keywords":"0x80000000000000","systemTime":"2026-07-28T08:51:26.5114501Z","eventRecordID":"566862","processID":"0","threadID":"0","channel":"Application","computer":"inf22.douja.local","severityValue":"INFORMATION","message":"\"Windows Installer a installé une mise à jour. Nom du produit : SQL Server 2016 SQL Data Quality Common. Version du produit : 13.3.6300.2. Langue du produit : 1033. Nom de la mise à jour : Hotfix 7095 for SQL Server Data Quality Services  (64-bit) (KB5102339). Fabricant : Microsoft Corporation. Réussite de l’installation ou état d’erreur : 0.\""},"eventdata":{"binary":"7B37383238313532352D323642352D343845302D414233362D4446454531313744393642417D3030303031666237636565633239623766623839323635396233313566346233663433663030303030393034","data":"SQL Server 2016 SQL Data Quality Common, 13.3.6300.2, 1033, Hotfix 7095 for SQL Server Data Quality Services  (64-bit) (KB5102339), 0, Microsoft Corporation"}}},"location":"EventChannel"}
{"timestamp":"2026-07-28T08:54:42.020+0100","rule":{"level":3,"description":"Windows installer reconfigured the product.","id":"60635","firedtimes":2,"mail":false,"groups":["windows","windows_application"]},"agent":{"id":"001","name":"windows-dev","ip":"172.17.1.120","labels":{"os":"windows10-pro","team":"soc"}},"manager":{"name":"WAZUH"},"id":"1785225282.1170079","decoder":{"name":"windows_eventchannel"},"data":{"win":{"system":{"providerName":"MsiInstaller","eventID":"1035","version":"0","level":"4","task":"0","opcode":"0","keywords":"0x80000000000000","systemTime":"2026-07-28T08:51:26.5124451Z","eventRecordID":"566864","processID":"0","threadID":"0","channel":"Application","computer":"inf22.douja.local","severityValue":"INFORMATION","message":"\"Windows Installer a reconfiguré le produit. Nom du produit : SQL Server 2016 SQL Data Quality Common. Version du produit : 13.3.6300.2. Langue du produit : 1033. Fabricant : Microsoft Corporation. Réussite de la reconfiguration ou état d’erreur : 0.\""},"eventdata":{"binary":"7B37383238313532352D323642352D343845302D414233362D4446454531313744393642417D3030303031666237636565633239623766623839323635396233313566346233663433663030303030393034","data":"SQL Server 2016 SQL Data Quality Common, 13.3.6300.2, 1033, 0, Microsoft Corporation"}}},"location":"EventChannel"}
{"timestamp":"2026-07-28T08:54:43.769+0100","rule":{"level":3,"description":"Update installed successfully.","id":"60626","firedtimes":3,"mail":false,"groups":["windows","windows_application"]},"agent":{"id":"001","name":"windows-dev","ip":"172.17.1.120","labels":{"os":"windows10-pro","team":"soc"}},"manager":{"name":"WAZUH"},"id":"1785225283.1172181","decoder":{"name":"windows_eventchannel"},"data":{"win":{"system":{"providerName":"MsiInstaller","eventID":"1022","version":"0","level":"4","task":"0","opcode":"0","keywords":"0x80000000000000","systemTime":"2026-07-28T08:51:28.2603255Z","eventRecordID":"566865","processID":"0","threadID":"0","channel":"Application","computer":"inf22.douja.local","severityValue":"INFORMATION","message":"\"Produit : SQL Server 2016 Client Tools Extensions - La mise à jour ‘Hotfix 7095 for SQL Server Tools and Workstation Components Extensions (64-bit) (KB5102339)’ a été installée.\""},"eventdata":{"binary":"7B41423736354443372D373634322D344431432D424544432D3033353531364343443232347D207B35343835433831452D464634412D344636322D383334432D3944343032373346323034377D","data":"SQL Server 2016 Client Tools Extensions, Hotfix 7095 for SQL Server Tools and Workstation Components Extensions (64-bit) (KB5102339)"}}},"location":"EventChannel"}
{"timestamp":"2026-07-28T08:54:43.770+0100","rule":{"level":3,"description":"Windows installer installed an update.","id":"60636","firedtimes":4,"mail":false,"groups":["windows","windows_application"]},"agent":{"id":"001","name":"windows-dev","ip":"172.17.1.120","labels":{"os":"windows10-pro","team":"soc"}},"manager":{"name":"WAZUH"},"id":"1785225283.1174200","decoder":{"name":"windows_eventchannel"},"data":{"win":{"system":{"providerName":"MsiInstaller","eventID":"1036","version":"0","level":"4","task":"0","opcode":"0","keywords":"0x80000000000000","systemTime":"2026-07-28T08:51:28.2613180Z","eventRecordID":"566866","processID":"0","threadID":"0","channel":"Application","computer":"inf22.douja.local","severityValue":"INFORMATION","message":"\"Windows Installer a installé une mise à jour. Nom du produit : SQL Server 2016 Client Tools Extensions. Version du produit : 13.3.6300.2. Langue du produit : 1033. Nom de la mise à jour : Hotfix 7095 for SQL Server Tools and Workstation Components Extensions (64-bit) (KB5102339). Fabricant : Microsoft Corporation. Réussite de l’installation ou état d’erreur : 0.\""},"eventdata":{"binary":"7B41423736354443372D373634322D344431432D424544432D3033353531364343443232347D3030303038356164626435393233613738656465613634653365376336316466363739353030303030393034","data":"SQL Server 2016 Client Tools Extensions, 13.3.6300.2, 1033, Hotfix 7095 for SQL Server Tools and Workstation Components Extensions (64-bit) (KB5102339), 0, Microsoft Corporation"}}},"location":"EventChannel"}
{"timestamp":"2026-07-28T08:54:43.773+0100","rule":{"level":3,"description":"Windows installer reconfigured the product.","id":"60635","firedtimes":3,"mail":false,"groups":["windows","windows_application"]},"agent":{"id":"001","name":"windows-dev","ip":"172.17.1.120","labels":{"os":"windows10-pro","team":"soc"}},"manager":{"name":"WAZUH"},"id":"1785225283.1176723","decoder":{"name":"windows_eventchannel"},"data":{"win":{"system":{"providerName":"MsiInstaller","eventID":"1035","version":"0","level":"4","task":"0","opcode":"0","keywords":"0x80000000000000","systemTime":"2026-07-28T08:51:28.2623169Z","eventRecordID":"566868","processID":"0","threadID":"0","channel":"Application","computer":"inf22.douja.local","severityValue":"INFORMATION","message":"\"Windows Installer a reconfiguré le produit. Nom du produit : SQL Server 2016 Client Tools Extensions. Version du produit : 13.3.6300.2. Langue du produit : 1033. Fabricant : Microsoft Corporation. Réussite de la reconfiguration ou état d’erreur : 0.\""},"eventdata":{"binary":"7B41423736354443372D373634322D344431432D424544432D3033353531364343443232347D3030303038356164626435393233613738656465613634653365376336316466363739353030303030393034","data":"SQL Server 2016 Client Tools Extensions, 13.3.6300.2, 1033, 0, Microsoft Corporation"}}},"location":"EventChannel"}
{"timestamp":"2026-07-28T08:54:44.053+0100","rule":{"level":3,"description":"Update installed successfully.","id":"60626","firedtimes":4,"mail":false,"groups":["windows","windows_application"]},"agent":{"id":"001","name":"windows-dev","ip":"172.17.1.120","labels":{"os":"windows10-pro","team":"soc"}},"manager":{"name":"WAZUH"},"id":"1785225284.1178825","decoder":{"name":"windows_eventchannel"},"data":{"win":{"system":{"providerName":"MsiInstaller","eventID":"1022","version":"0","level":"4","task":"0","opcode":"0","keywords":"0x80000000000000","systemTime":"2026-07-28T08:51:28.5453055Z","eventRecordID":"566869","processID":"0","threadID":"0","channel":"Application","computer":"inf22.douja.local","severityValue":"INFORMATION","message":"\"Produit : SQL Server 2016 Distributed Replay - La mise à jour ‘Hotfix 7095 for SQL Server Distributed Replay Client (64-bit) (KB5102339)’ a été installée.\""},"eventdata":{"binary":"7B38433731364134322D464438422D343738442D424137302D3231333730454331413636417D207B30384236413236362D464131422D343031432D384439382D4244453243413932303242367D","data":"SQL Server 2016 Distributed Replay, Hotfix 7095 for SQL Server Distributed Replay Client (64-bit) (KB5102339)"}}},"location":"EventChannel"}
{"timestamp":"2026-07-28T08:54:44.060+0100","rule":{"level":3,"description":"Windows installer installed an update.","id":"60636","firedtimes":5,"mail":false,"groups":["windows","windows_application"]},"agent":{"id":"001","name":"windows-dev","ip":"172.17.1.120","labels":{"os":"windows10-pro","team":"soc"}},"manager":{"name":"WAZUH"},"id":"1785225284.1180752","decoder":{"name":"windows_eventchannel"},"data":{"win":{"system":{"providerName":"MsiInstaller","eventID":"1036","version":"0","level":"4","task":"0","opcode":"0","keywords":"0x80000000000000","systemTime":"2026-07-28T08:51:28.5463085Z","eventRecordID":"566870","processID":"0","threadID":"0","channel":"Application","computer":"inf22.douja.local","severityValue":"INFORMATION","message":"\"Windows Installer a installé une mise à jour. Nom du produit : SQL Server 2016 Distributed Replay. Version du produit : 13.3.6300.2. Langue du produit : 1033. Nom de la mise à jour : Hotfix 7095 for SQL Server Distributed Replay Client (64-bit) (KB5102339). Fabricant : Microsoft Corporation. Réussite de l’installation ou état d’erreur : 0.\""},"eventdata":{"binary":"7B38433731364134322D464438422D343738442D424137302D3231333730454331413636417D3030303038613633393263643865613233303838356438353933326437393630646133323030303030393034","data":"SQL Server 2016 Distributed Replay, 13.3.6300.2, 1033, Hotfix 7095 for SQL Server Distributed Replay Client (64-bit) (KB5102339), 0, Microsoft Corporation"}}},"location":"EventChannel"}
{"timestamp":"2026-07-28T08:54:44.062+0100","rule":{"level":3,"description":"Windows installer reconfigured the product.","id":"60635","firedtimes":4,"mail":false,"groups":["windows","windows_application"]},"agent":{"id":"001","name":"windows-dev","ip":"172.17.1.120","labels":{"os":"windows10-pro","team":"soc"}},"manager":{"name":"WAZUH"},"id":"1785225284.1183183","decoder":{"name":"windows_eventchannel"},"data":{"win":{"system":{"providerName":"MsiInstaller","eventID":"1035","version":"0","level":"4","task":"0","opcode":"0","keywords":"0x80000000000000","systemTime":"2026-07-28T08:51:28.5473296Z","eventRecordID":"566872","processID":"0","threadID":"0","channel":"Application","computer":"inf22.douja.local","severityValue":"INFORMATION","message":"\"Windows Installer a reconfiguré le produit. Nom du produit : SQL Server 2016 Distributed Replay. Version du produit : 13.3.6300.2. Langue du produit : 1033. Fabricant : Microsoft Corporation. Réussite de la reconfiguration ou état d’erreur : 0.\""},"eventdata":{"binary":"7B38433731364134322D464438422D343738442D424137302D3231333730454331413636417D3030303038613633393263643865613233303838356438353933326437393630646133323030303030393034","data":"SQL Server 2016 Distributed Replay, 13.3.6300.2, 1033, 0, Microsoft Corporation"}}},"location":"EventChannel"}
{"timestamp":"2026-07-28T08:54:45.230+0100","rule":{"level":3,"description":"Update installed successfully.","id":"60626","firedtimes":5,"mail":false,"groups":["windows","windows_application"]},"agent":{"id":"001","name":"windows-dev","ip":"172.17.1.120","labels":{"os":"windows10-pro","team":"soc"}},"manager":{"name":"WAZUH"},"id":"1785225285.1185265","decoder":{"name":"windows_eventchannel"},"data":{"win":{"system":{"providerName":"MsiInstaller","eventID":"1022","version":"0","level":"4","task":"0","opcode":"0","keywords":"0x80000000000000","systemTime":"2026-07-28T08:51:29.7190980Z","eventRecordID":"566873","processID":"0","threadID":"0","channel":"Application","computer":"inf22.douja.local","severityValue":"INFORMATION","message":"\"Produit : SQL Server 2016 Common Files - La mise à jour ‘Hotfix 7095 for SQL Server Database Services  Common Core (64-bit) (KB5102339)’ a été installée.\""},"eventdata":{"binary":"7B35373834364441382D384235442D343436362D423835302D4538434446433934303436437D207B42454132313841392D454546322D344139332D423143342D3138433038363541303533387D","data":"SQL Server 2016 Common Files, Hotfix 7095 for SQL Server Database Services  Common Core (64-bit) (KB5102339)"}}},"location":"EventChannel"}
{"timestamp":"2026-07-28T08:54:45.233+0100","rule":{"level":3,"description":"Windows installer installed an update.","id":"60636","firedtimes":6,"mail":false,"groups":["windows","windows_application"]},"agent":{"id":"001","name":"windows-dev","ip":"172.17.1.120","labels":{"os":"windows10-pro","team":"soc"}},"manager":{"name":"WAZUH"},"id":"1785225285.1187188","decoder":{"name":"windows_eventchannel"},"data":{"win":{"system":{"providerName":"MsiInstaller","eventID":"1036","version":"0","level":"4","task":"0","opcode":"0","keywords":"0x80000000000000","systemTime":"2026-07-28T08:51:29.7201381Z","eventRecordID":"566874","processID":"0","threadID":"0","channel":"Application","computer":"inf22.douja.local","severityValue":"INFORMATION","message":"\"Windows Installer a installé une mise à jour. Nom du produit : SQL Server 2016 Common Files. Version du produit : 13.3.6300.2. Langue du produit : 1033. Nom de la mise à jour : Hotfix 7095 for SQL Server Database Services  Common Core (64-bit) (KB5102339). Fabricant : Microsoft Corporation. Réussite de l’installation ou état d’erreur : 0.\""},"eventdata":{"binary":"7B35373834364441382D384235442D343436362D423835302D4538434446433934303436437D3030303033663939373563626531616663653036653330613931643663373232666230333030303030393034","data":"SQL Server 2016 Common Files, 13.3.6300.2, 1033, Hotfix 7095 for SQL Server Database Services  Common Core (64-bit) (KB5102339), 0, Microsoft Corporation"}}},"location":"EventChannel"}
{"timestamp":"2026-07-28T08:54:45.240+0100","rule":{"level":3,"description":"Windows installer reconfigured the product.","id":"60635","firedtimes":5,"mail":false,"groups":["windows","windows_application"]},"agent":{"id":"001","name":"windows-dev","ip":"172.17.1.120","labels":{"os":"windows10-pro","team":"soc"}},"manager":{"name":"WAZUH"},"id":"1785225285.1189615","decoder":{"name":"windows_eventchannel"},"data":{"win":{"system":{"providerName":"MsiInstaller","eventID":"1035","version":"0","level":"4","task":"0","opcode":"0","keywords":"0x80000000000000","systemTime":"2026-07-28T08:51:29.7236559Z","eventRecordID":"566876","processID":"0","threadID":"0","channel":"Application","computer":"inf22.douja.local","severityValue":"INFORMATION","message":"\"Windows Installer a reconfiguré le produit. Nom du produit : SQL Server 2016 Common Files. Version du produit : 13.3.6300.2. Langue du produit : 1033. Fabricant : Microsoft Corporation. Réussite de la reconfiguration ou état d’erreur : 0.\""},"eventdata":{"binary":"7B35373834364441382D384235442D343436362D423835302D4538434446433934303436437D3030303033663939373563626531616663653036653330613931643663373232666230333030303030393034","data":"SQL Server 2016 Common Files, 13.3.6300.2, 1033, 0, Microsoft Corporation"}}},"location":"EventChannel"}
{"timestamp":"2026-07-28T08:54:45.422+0100","rule":{"level":3,"description":"Update installed successfully.","id":"60626","firedtimes":6,"mail":false,"groups":["windows","windows_application"]},"agent":{"id":"001","name":"windows-dev","ip":"172.17.1.120","labels":{"os":"windows10-pro","team":"soc"}},"manager":{"name":"WAZUH"},"id":"1785225285.1191673","decoder":{"name":"windows_eventchannel"},"data":{"win":{"system":{"providerName":"MsiInstaller","eventID":"1022","version":"0","level":"4","task":"0","opcode":"0","keywords":"0x80000000000000","systemTime":"2026-07-28T08:51:29.9131184Z","eventRecordID":"566877","processID":"0","threadID":"0","channel":"Application","computer":"inf22.douja.local","severityValue":"INFORMATION","message":"\"Produit : Enregistreur VSS Microsoft pour SQL Server 2016 - La mise à jour ‘Hotfix 7095 for Microsoft SQL Server VSS Writer (64-bit) (KB5102339)’ a été installée.\""},"eventdata":{"binary":"7B37304245344337412D343243352D344337442D383135442D3745464530453130433935377D207B37453730464430432D453334432D344341352D393944332D3943423843313043313042437D","data":"Enregistreur VSS Microsoft pour SQL Server 2016, Hotfix 7095 for Microsoft SQL Server VSS Writer (64-bit) (KB5102339)"}}},"location":"EventChannel"}
{"timestamp":"2026-07-28T08:54:45.426+0100","rule":{"level":3,"description":"Windows installer installed an update.","id":"60636","firedtimes":7,"mail":false,"groups":["windows","windows_application"]},"agent":{"id":"001","name":"windows-dev","ip":"172.17.1.120","labels":{"os":"windows10-pro","team":"soc"}},"manager":{"name":"WAZUH"},"id":"1785225285.1193636","decoder":{"name":"windows_eventchannel"},"data":{"win":{"system":{"providerName":"MsiInstaller","eventID":"1036","version":"0","level":"4","task":"0","opcode":"0","keywords":"0x80000000000000","systemTime":"2026-07-28T08:51:29.9141506Z","eventRecordID":"566878","processID":"0","threadID":"0","channel":"Application","computer":"inf22.douja.local","severityValue":"INFORMATION","message":"\"Windows Installer a installé une mise à jour. Nom du produit : Enregistreur VSS Microsoft pour SQL Server 2016. Version du produit : 13.3.6300.2. Langue du produit : 1036. Nom de la mise à jour : Hotfix 7095 for Microsoft SQL Server VSS Writer (64-bit) (KB5102339). Fabricant : Microsoft Corporation. Réussite de l’installation ou état d’erreur : 0.\""},"eventdata":{"binary":"7B37304245344337412D343243352D344337442D383135442D3745464530453130433935377D3030303066643432653237623738383533326662353531666261383763346663346137393030303030633034","data":"Enregistreur VSS Microsoft pour SQL Server 2016, 13.3.6300.2, 1036, Hotfix 7095 for Microsoft SQL Server VSS Writer (64-bit) (KB5102339), 0, Microsoft Corporation"}}},"location":"EventChannel"}
{"timestamp":"2026-07-28T08:54:45.432+0100","rule":{"level":3,"description":"Windows installer reconfigured the product.","id":"60635","firedtimes":6,"mail":false,"groups":["windows","windows_application"]},"agent":{"id":"001","name":"windows-dev","ip":"172.17.1.120","labels":{"os":"windows10-pro","team":"soc"}},"manager":{"name":"WAZUH"},"id":"1785225285.1196103","decoder":{"name":"windows_eventchannel"},"data":{"win":{"system":{"providerName":"MsiInstaller","eventID":"1035","version":"0","level":"4","task":"0","opcode":"0","keywords":"0x80000000000000","systemTime":"2026-07-28T08:51:29.9151587Z","eventRecordID":"566880","processID":"0","threadID":"0","channel":"Application","computer":"inf22.douja.local","severityValue":"INFORMATION","message":"\"Windows Installer a reconfiguré le produit. Nom du produit : Enregistreur VSS Microsoft pour SQL Server 2016. Version du produit : 13.3.6300.2. Langue du produit : 1036. Fabricant : Microsoft Corporation. Réussite de la reconfiguration ou état d’erreur : 0.\""},"eventdata":{"binary":"7B37304245344337412D343243352D344337442D383135442D3745464530453130433935377D3030303066643432653237623738383533326662353531666261383763346663346137393030303030633034","data":"Enregistreur VSS Microsoft pour SQL Server 2016, 13.3.6300.2, 1036, 0, Microsoft Corporation"}}},"location":"EventChannel"}
{"timestamp":"2026-07-28T08:54:45.595+0100","rule":{"level":3,"description":"Update installed successfully.","id":"60626","firedtimes":7,"mail":false,"groups":["windows","windows_application"]},"agent":{"id":"001","name":"windows-dev","ip":"172.17.1.120","labels":{"os":"windows10-pro","team":"soc"}},"manager":{"name":"WAZUH"},"id":"1785225285.1198241","decoder":{"name":"windows_eventchannel"},"data":{"win":{"system":{"providerName":"MsiInstaller","eventID":"1022","version":"0","level":"4","task":"0","opcode":"0","keywords":"0x80000000000000","systemTime":"2026-07-28T08:51:30.0851666Z","eventRecordID":"566881","processID":"0","threadID":"0","channel":"Application","computer":"inf22.douja.local","severityValue":"INFORMATION","message":"\"Produit : Browser pour SQL Server 2016 - La mise à jour ‘Hotfix 7095 for Microsoft SQL Server Browser (KB5102339)’ a été installée.\""},"eventdata":{"binary":"7B42364145373446392D424144372D344546382D414243462D3935373838384541314545437D207B43314430324232322D414241362D343734362D414643342D3546424638424539363846387D","data":"Browser pour SQL Server 2016, Hotfix 7095 for Microsoft SQL Server Browser (KB5102339)"}}},"location":"EventChannel"}
{"timestamp":"2026-07-28T08:54:45.599+0100","rule":{"level":3,"description":"Windows installer installed an update.","id":"60636","firedtimes":8,"mail":false,"groups":["windows","windows_application"]},"agent":{"id":"001","name":"windows-dev","ip":"172.17.1.120","labels":{"os":"windows10-pro","team":"soc"}},"manager":{"name":"WAZUH"},"id":"1785225285.1200080","decoder":{"name":"windows_eventchannel"},"data":{"win":{"system":{"providerName":"MsiInstaller","eventID":"1036","version":"0","level":"4","task":"0","opcode":"0","keywords":"0x80000000000000","systemTime":"2026-07-28T08:51:30.0861646Z","eventRecordID":"566882","processID":"0","threadID":"0","channel":"Application","computer":"inf22.douja.local","severityValue":"INFORMATION","message":"\"Windows Installer a installé une mise à jour. Nom du produit : Browser pour SQL Server 2016. Version du produit : 13.3.6300.2. Langue du produit : 1036. Nom de la mise à jour : Hotfix 7095 for Microsoft SQL Server Browser (KB5102339). Fabricant : Microsoft Corporation. Réussite de l’installation ou état d’erreur : 0.\""},"eventdata":{"binary":"7B42364145373446392D424144372D344546382D414243462D3935373838384541314545437D3030303062373762643864393161623235353135666337336233666436346333363864653030303030633034","data":"Browser pour SQL Server 2016, 13.3.6300.2, 1036, Hotfix 7095 for Microsoft SQL Server Browser (KB5102339), 0, Microsoft Corporation"}}},"location":"EventChannel"}
{"timestamp":"2026-07-28T08:54:45.606+0100","rule":{"level":3,"description":"Windows installer reconfigured the product.","id":"60635","firedtimes":7,"mail":false,"groups":["windows","windows_application"]},"agent":{"id":"001","name":"windows-dev","ip":"172.17.1.120","labels":{"os":"windows10-pro","team":"soc"}},"manager":{"name":"WAZUH"},"id":"1785225285.1202423","decoder":{"name":"windows_eventchannel"},"data":{"win":{"system":{"providerName":"MsiInstaller","eventID":"1035","version":"0","level":"4","task":"0","opcode":"0","keywords":"0x80000000000000","systemTime":"2026-07-28T08:51:30.0891573Z","eventRecordID":"566884","processID":"0","threadID":"0","channel":"Application","computer":"inf22.douja.local","severityValue":"INFORMATION","message":"\"Windows Installer a reconfiguré le produit. Nom du produit : Browser pour SQL Server 2016. Version du produit : 13.3.6300.2. Langue du produit : 1036. Fabricant : Microsoft Corporation. Réussite de la reconfiguration ou état d’erreur : 0.\""},"eventdata":{"binary":"7B42364145373446392D424144372D344546382D414243462D3935373838384541314545437D3030303062373762643864393161623235353135666337336233666436346333363864653030303030633034","data":"Browser pour SQL Server 2016, 13.3.6300.2, 1036, 0, Microsoft Corporation"}}},"location":"EventChannel"}
{"timestamp":"2026-07-28T08:55:39.952+0100","rule":{"level":3,"description":"Windows installer began an installation process.","id":"60610","firedtimes":1,"mail":false,"groups":["windows","windows_application"]},"agent":{"id":"001","name":"windows-dev","ip":"172.17.1.120","labels":{"os":"windows10-pro","team":"soc"}},"manager":{"name":"WAZUH"},"id":"1785225339.1204485","decoder":{"name":"windows_eventchannel"},"data":{"win":{"system":{"providerName":"MsiInstaller","eventID":"1040","version":"0","level":"4","task":"0","opcode":"0","keywords":"0x80000000000000","systemTime":"2026-07-28T08:52:24.3606162Z","eventRecordID":"566891","processID":"0","threadID":"0","channel":"Application","computer":"inf22.douja.local","severityValue":"INFORMATION","message":"\"Début d’une transaction Windows Installer : C:\\Program Files\\Microsoft SQL Server\\130\\Setup Bootstrap\\Update Cache\\KB5102339\\QFE\\1033_ENU_LP\\x64\\setup\\sqlsupport_msi\\SqlSupport.msi. ID du processus client : 20288.\""},"eventdata":{"data":"C:\\\\Program Files\\\\Microsoft SQL Server\\\\130\\\\Setup Bootstrap\\\\Update Cache\\\\KB5102339\\\\QFE\\\\1033_ENU_LP\\\\x64\\\\setup\\\\sqlsupport_msi\\\\SqlSupport.msi, 20288"}}},"location":"EventChannel"}
{"timestamp":"2026-07-28T08:56:26.447+0100","rule":{"level":3,"description":"Application installed Product: Microsoft SQL Server 2016 Setup (English) -- Installation completed successfully..","id":"60612","firedtimes":2,"mail":false,"groups":["windows","windows_application"]},"agent":{"id":"001","name":"windows-dev","ip":"172.17.1.120","labels":{"os":"windows10-pro","team":"soc"}},"manager":{"name":"WAZUH"},"id":"1785225386.1206323","decoder":{"name":"windows_eventchannel"},"data":{"win":{"system":{"providerName":"MsiInstaller","eventID":"11707","version":"0","level":"4","task":"0","opcode":"0","keywords":"0x80000000000000","systemTime":"2026-07-28T08:53:10.7494391Z","eventRecordID":"566894","processID":"0","threadID":"0","channel":"Application","computer":"inf22.douja.local","severityValue":"INFORMATION","message":"\"Product: Microsoft SQL Server 2016 Setup (English) -- Installation completed successfully.\""},"eventdata":{"binary":"7B34353045374235322D374639352D343042342D383044332D3830433341344637323645457D","data":"Product: Microsoft SQL Server 2016 Setup (English) -- Installation completed successfully."}}},"location":"EventChannel"}
{"timestamp":"2026-07-28T08:56:26.448+0100","rule":{"level":3,"description":"Application installed Microsoft SQL Server 2016 Setup (English), 13.3.7095.1, 1033, 0, Microsoft Corporation.","id":"60612","firedtimes":3,"mail":false,"groups":["windows","windows_application"]},"agent":{"id":"001","name":"windows-dev","ip":"172.17.1.120","labels":{"os":"windows10-pro","team":"soc"}},"manager":{"name":"WAZUH"},"id":"1785225386.1207997","decoder":{"name":"windows_eventchannel"},"data":{"win":{"system":{"providerName":"MsiInstaller","eventID":"1033","version":"0","level":"4","task":"0","opcode":"0","keywords":"0x80000000000000","systemTime":"2026-07-28T08:53:10.7504337Z","eventRecordID":"566895","processID":"0","threadID":"0","channel":"Application","computer":"inf22.douja.local","severityValue":"INFORMATION","message":"\"Windows Installer a installé le produit. Nom du produit : Microsoft SQL Server 2016 Setup (English). Version du produit : 13.3.7095.1. Langue du produit : 1033. Fabricant : Microsoft Corporation. Réussite de l’installation ou état d’erreur : 0.\""},"eventdata":{"binary":"7B34353045374235322D374639352D343042342D383044332D3830433341344637323645457D3030303066343735336633613731366663663335303530623334323935643334663734333030303030393034","data":"Microsoft SQL Server 2016 Setup (English), 13.3.7095.1, 1033, 0, Microsoft Corporation"}}},"location":"EventChannel"}
{"timestamp":"2026-07-28T08:56:26.892+0100","rule":{"level":3,"description":"Windows installer began an installation process.","id":"60610","firedtimes":2,"mail":false,"groups":["windows","windows_application"]},"agent":{"id":"001","name":"windows-dev","ip":"172.17.1.120","labels":{"os":"windows10-pro","team":"soc"}},"manager":{"name":"WAZUH"},"id":"1785225386.1210163","decoder":{"name":"windows_eventchannel"},"data":{"win":{"system":{"providerName":"MsiInstaller","eventID":"1040","version":"0","level":"4","task":"0","opcode":"0","keywords":"0x80000000000000","systemTime":"2026-07-28T08:53:11.1939568Z","eventRecordID":"566897","processID":"0","threadID":"0","channel":"Application","computer":"inf22.douja.local","severityValue":"INFORMATION","message":"\"Début d’une transaction Windows Installer : {78281525-26B5-48E0-AB36-DFEE117D96BA}. ID du processus client : 20288.\""},"eventdata":{"data":"{78281525-26B5-48E0-AB36-DFEE117D96BA}, 20288"}}},"location":"EventChannel"}
{"timestamp":"2026-07-28T08:56:27.165+0100","rule":{"level":3,"description":"Application uninstalled Product: SQL Server 2016 SQL Data Quality Common -- Install started..","id":"60611","firedtimes":1,"mail":false,"groups":["windows","windows_application"]},"agent":{"id":"001","name":"windows-dev","ip":"172.17.1.120","labels":{"os":"windows10-pro","team":"soc"}},"manager":{"name":"WAZUH"},"id":"1785225387.1211549","decoder":{"name":"windows_eventchannel"},"data":{"win":{"system":{"providerName":"MsiInstaller","eventID":"11724","version":"0","level":"4","task":"0","opcode":"0","keywords":"0x80000000000000","systemTime":"2026-07-28T08:53:11.4661993Z","eventRecordID":"566898","processID":"0","threadID":"0","channel":"Application","computer":"inf22.douja.local","severityValue":"INFORMATION","message":"\"Product: SQL Server 2016 SQL Data Quality Common -- Install started.\""},"eventdata":{"data":"Product: SQL Server 2016 SQL Data Quality Common -- Install started."}}},"location":"EventChannel"}
{"timestamp":"2026-07-28T08:56:39.093+0100","rule":{"level":3,"description":"Update installed successfully.","id":"60626","firedtimes":8,"mail":false,"groups":["windows","windows_application"]},"agent":{"id":"001","name":"windows-dev","ip":"172.17.1.120","labels":{"os":"windows10-pro","team":"soc"}},"manager":{"name":"WAZUH"},"id":"1785225399.1212928","decoder":{"name":"windows_eventchannel"},"data":{"win":{"system":{"providerName":"MsiInstaller","eventID":"1022","version":"0","level":"4","task":"0","opcode":"0","keywords":"0x80000000000000","systemTime":"2026-07-28T08:53:23.3668329Z","eventRecordID":"566902","processID":"0","threadID":"0","channel":"Application","computer":"inf22.douja.local","severityValue":"INFORMATION","message":"\"Produit : SQL Server 2016 SQL Data Quality Common - La mise à jour ‘Hotfix 7095 for SQL Server Data Quality Services  (64-bit) (KB5102339)’ a été installée.\""},"eventdata":{"binary":"7B37383238313532352D323642352D343845302D414233362D4446454531313744393642417D207B30333835393338342D303237452D344631462D383237362D4333413045383735394433317D","data":"SQL Server 2016 SQL Data Quality Common, Hotfix 7095 for SQL Server Data Quality Services  (64-bit) (KB5102339)"}}},"location":"EventChannel"}
{"timestamp":"2026-07-28T08:56:39.110+0100","rule":{"level":3,"description":"Windows installer reconfigured the product.","id":"60635","firedtimes":8,"mail":false,"groups":["windows","windows_application"]},"agent":{"id":"001","name":"windows-dev","ip":"172.17.1.120","labels":{"os":"windows10-pro","team":"soc"}},"manager":{"name":"WAZUH"},"id":"1785225399.1214863","decoder":{"name":"windows_eventchannel"},"data":{"win":{"system":{"providerName":"MsiInstaller","eventID":"1035","version":"0","level":"4","task":"0","opcode":"0","keywords":"0x80000000000000","systemTime":"2026-07-28T08:53:23.3685785Z","eventRecordID":"566905","processID":"0","threadID":"0","channel":"Application","computer":"inf22.douja.local","severityValue":"INFORMATION","message":"\"Windows Installer a reconfiguré le produit. Nom du produit : SQL Server 2016 SQL Data Quality Common. Version du produit : 13.3.6300.2. Langue du produit : 1033. Fabricant : Microsoft Corporation. Réussite de la reconfiguration ou état d’erreur : 0.\""},"eventdata":{"binary":"7B37383238313532352D323642352D343845302D414233362D4446454531313744393642417D3030303031666237636565633239623766623839323635396233313566346233663433663030303030393034","data":"SQL Server 2016 SQL Data Quality Common, 13.3.6300.2, 1033, 0, Microsoft Corporation"}}},"location":"EventChannel"}
{"timestamp":"2026-07-28T08:56:39.110+0100","rule":{"level":3,"description":"Windows installer installed an update.","id":"60636","firedtimes":9,"mail":false,"groups":["windows","windows_application"]},"agent":{"id":"001","name":"windows-dev","ip":"172.17.1.120","labels":{"os":"windows10-pro","team":"soc"}},"manager":{"name":"WAZUH"},"id":"1785225399.1216965","decoder":{"name":"windows_eventchannel"},"data":{"win":{"system":{"providerName":"MsiInstaller","eventID":"1036","version":"0","level":"4","task":"0","opcode":"0","keywords":"0x80000000000000","systemTime":"2026-07-28T08:53:23.3675535Z","eventRecordID":"566903","processID":"0","threadID":"0","channel":"Application","computer":"inf22.douja.local","severityValue":"INFORMATION","message":"\"Windows Installer a installé une mise à jour. Nom du produit : SQL Server 2016 SQL Data Quality Common. Version du produit : 13.3.6300.2. Langue du produit : 1033. Nom de la mise à jour : Hotfix 7095 for SQL Server Data Quality Services  (64-bit) (KB5102339). Fabricant : Microsoft Corporation. Réussite de l’installation ou état d’erreur : 0.\""},"eventdata":{"binary":"7B37383238313532352D323642352D343845302D414233362D4446454531313744393642417D3030303031666237636565633239623766623839323635396233313566346233663433663030303030393034","data":"SQL Server 2016 SQL Data Quality Common, 13.3.6300.2, 1033, Hotfix 7095 for SQL Server Data Quality Services  (64-bit) (KB5102339), 0, Microsoft Corporation"}}},"location":"EventChannel"}
{"timestamp":"2026-07-28T08:56:39.551+0100","rule":{"level":3,"description":"Windows installer began an installation process.","id":"60610","firedtimes":3,"mail":false,"groups":["windows","windows_application"]},"agent":{"id":"001","name":"windows-dev","ip":"172.17.1.120","labels":{"os":"windows10-pro","team":"soc"}},"manager":{"name":"WAZUH"},"id":"1785225399.1219404","decoder":{"name":"windows_eventchannel"},"data":{"win":{"system":{"providerName":"MsiInstaller","eventID":"1040","version":"0","level":"4","task":"0","opcode":"0","keywords":"0x80000000000000","systemTime":"2026-07-28T08:53:23.8244790Z","eventRecordID":"566907","processID":"0","threadID":"0","channel":"Application","computer":"inf22.douja.local","severityValue":"INFORMATION","message":"\"Début d’une transaction Windows Installer : {AB765DC7-7642-4D1C-BEDC-035516CCD224}. ID du processus client : 20288.\""},"eventdata":{"data":"{AB765DC7-7642-4D1C-BEDC-035516CCD224}, 20288"}}},"location":"EventChannel"}
{"timestamp":"2026-07-28T08:56:39.947+0100","rule":{"level":3,"description":"Application uninstalled Product: SQL Server 2016 Client Tools Extensions -- Install started..","id":"60611","firedtimes":2,"mail":false,"groups":["windows","windows_application"]},"agent":{"id":"001","name":"windows-dev","ip":"172.17.1.120","labels":{"os":"windows10-pro","team":"soc"}},"manager":{"name":"WAZUH"},"id":"1785225399.1220790","decoder":{"name":"windows_eventchannel"},"data":{"win":{"system":{"providerName":"MsiInstaller","eventID":"11724","version":"0","level":"4","task":"0","opcode":"0","keywords":"0x80000000000000","systemTime":"2026-07-28T08:53:24.2198143Z","eventRecordID":"566908","processID":"0","threadID":"0","channel":"Application","computer":"inf22.douja.local","severityValue":"INFORMATION","message":"\"Product: SQL Server 2016 Client Tools Extensions -- Install started.\""},"eventdata":{"data":"Product: SQL Server 2016 Client Tools Extensions -- Install started."}}},"location":"EventChannel"}
{"timestamp":"2026-07-28T08:56:51.479+0100","rule":{"level":3,"description":"Update installed successfully.","id":"60626","firedtimes":9,"mail":false,"groups":["windows","windows_application"]},"agent":{"id":"001","name":"windows-dev","ip":"172.17.1.120","labels":{"os":"windows10-pro","team":"soc"}},"manager":{"name":"WAZUH"},"id":"1785225411.1222169","decoder":{"name":"windows_eventchannel"},"data":{"win":{"system":{"providerName":"MsiInstaller","eventID":"1022","version":"0","level":"4","task":"0","opcode":"0","keywords":"0x80000000000000","systemTime":"2026-07-28T08:53:35.6978010Z","eventRecordID":"566911","processID":"0","threadID":"0","channel":"Application","computer":"inf22.douja.local","severityValue":"INFORMATION","message":"\"Produit : SQL Server 2016 Client Tools Extensions - La mise à jour ‘Hotfix 7095 for SQL Server Tools and Workstation Components Extensions (64-bit) (KB5102339)’ a été installée.\""},"eventdata":{"binary":"7B41423736354443372D373634322D344431432D424544432D3033353531364343443232347D207B35343835433831452D464634412D344636322D383334432D3944343032373346323034377D","data":"SQL Server 2016 Client Tools Extensions, Hotfix 7095 for SQL Server Tools and Workstation Components Extensions (64-bit) (KB5102339)"}}},"location":"EventChannel"}
{"timestamp":"2026-07-28T08:56:51.481+0100","rule":{"level":3,"description":"Windows installer installed an update.","id":"60636","firedtimes":10,"mail":false,"groups":["windows","windows_application"]},"agent":{"id":"001","name":"windows-dev","ip":"172.17.1.120","labels":{"os":"windows10-pro","team":"soc"}},"manager":{"name":"WAZUH"},"id":"1785225411.1224188","decoder":{"name":"windows_eventchannel"},"data":{"win":{"system":{"providerName":"MsiInstaller","eventID":"1036","version":"0","level":"4","task":"0","opcode":"0","keywords":"0x80000000000000","systemTime":"2026-07-28T08:53:35.6987965Z","eventRecordID":"566912","processID":"0","threadID":"0","channel":"Application","computer":"inf22.douja.local","severityValue":"INFORMATION","message":"\"Windows Installer a installé une mise à jour. Nom du produit : SQL Server 2016 Client Tools Extensions. Version du produit : 13.3.6300.2. Langue du produit : 1033. Nom de la mise à jour : Hotfix 7095 for SQL Server Tools and Workstation Components Extensions (64-bit) (KB5102339). Fabricant : Microsoft Corporation. Réussite de l’installation ou état d’erreur : 0.\""},"eventdata":{"binary":"7B41423736354443372D373634322D344431432D424544432D3033353531364343443232347D3030303038356164626435393233613738656465613634653365376336316466363739353030303030393034","data":"SQL Server 2016 Client Tools Extensions, 13.3.6300.2, 1033, Hotfix 7095 for SQL Server Tools and Workstation Components Extensions (64-bit) (KB5102339), 0, Microsoft Corporation"}}},"location":"EventChannel"}
{"timestamp":"2026-07-28T08:56:51.482+0100","rule":{"level":3,"description":"Windows installer reconfigured the product.","id":"60635","firedtimes":9,"mail":false,"groups":["windows","windows_application"]},"agent":{"id":"001","name":"windows-dev","ip":"172.17.1.120","labels":{"os":"windows10-pro","team":"soc"}},"manager":{"name":"WAZUH"},"id":"1785225411.1226711","decoder":{"name":"windows_eventchannel"},"data":{"win":{"system":{"providerName":"MsiInstaller","eventID":"1035","version":"0","level":"4","task":"0","opcode":"0","keywords":"0x80000000000000","systemTime":"2026-07-28T08:53:35.6997907Z","eventRecordID":"566914","processID":"0","threadID":"0","channel":"Application","computer":"inf22.douja.local","severityValue":"INFORMATION","message":"\"Windows Installer a reconfiguré le produit. Nom du produit : SQL Server 2016 Client Tools Extensions. Version du produit : 13.3.6300.2. Langue du produit : 1033. Fabricant : Microsoft Corporation. Réussite de la reconfiguration ou état d’erreur : 0.\""},"eventdata":{"binary":"7B41423736354443372D373634322D344431432D424544432D3033353531364343443232347D3030303038356164626435393233613738656465613634653365376336316466363739353030303030393034","data":"SQL Server 2016 Client Tools Extensions, 13.3.6300.2, 1033, 0, Microsoft Corporation"}}},"location":"EventChannel"}
