{"timestamp":"2026-07-28T08:56:53.143+0100","rule":{"level":3,"description":"Windows installer began an installation process.","id":"60610","firedtimes":4,"mail":false,"groups":["windows","windows_application"]},"agent":{"id":"001","name":"windows-dev","ip":"172.17.1.120","labels":{"os":"windows10-pro","team":"soc"}},"manager":{"name":"WAZUH"},"id":"1785225413.1228813","decoder":{"name":"windows_eventchannel"},"data":{"win":{"system":{"providerName":"MsiInstaller","eventID":"1040","version":"0","level":"4","task":"0","opcode":"0","keywords":"0x80000000000000","systemTime":"2026-07-28T08:53:37.3843397Z","eventRecordID":"566917","processID":"0","threadID":"0","channel":"Application","computer":"inf22.douja.local","severityValue":"INFORMATION","message":"\"Début d’une transaction Windows Installer : C:\\Program Files\\Microsoft SQL Server\\130\\Setup Bootstrap\\Update Cache\\KB5102339\\QFE\\1033_ENU_LP\\x64\\setup\\x64\\msodbcsql.msi. ID du processus client : 20288.\""},"eventdata":{"data":"C:\\\\Program Files\\\\Microsoft SQL Server\\\\130\\\\Setup Bootstrap\\\\Update Cache\\\\KB5102339\\\\QFE\\\\1033_ENU_LP\\\\x64\\\\setup\\\\x64\\\\msodbcsql.msi, 20288"}}},"location":"EventChannel"}
{"timestamp":"2026-07-28T08:56:56.457+0100","rule":{"level":3,"description":"Application installed Product: Microsoft ODBC Driver 13 for SQL Server -- Installation completed successfully..","id":"60612","firedtimes":4,"mail":false,"groups":["windows","windows_application"]},"agent":{"id":"001","name":"windows-dev","ip":"172.17.1.120","labels":{"os":"windows10-pro","team":"soc"}},"manager":{"name":"WAZUH"},"id":"1785225416.1230603","decoder":{"name":"windows_eventchannel"},"data":{"win":{"system":{"providerName":"MsiInstaller","eventID":"11707","version":"0","level":"4","task":"0","opcode":"0","keywords":"0x80000000000000","systemTime":"2026-07-28T08:53:40.6696911Z","eventRecordID":"566920","processID":"0","threadID":"0","channel":"Application","computer":"inf22.douja.local","severityValue":"INFORMATION","message":"\"Product: Microsoft ODBC Driver 13 for SQL Server -- Installation completed successfully.\""},"eventdata":{"binary":"7B33433941383641332D333845442D344235372D423343382D3339394232344235354439417D","data":"Product: Microsoft ODBC Driver 13 for SQL Server -- Installation completed successfully."}}},"location":"EventChannel"}
{"timestamp":"2026-07-28T08:56:56.457+0100","rule":{"level":3,"description":"Application installed Microsoft ODBC Driver 13 for SQL Server, 13.3.7095.1, 1033, 0, Microsoft Corporation.","id":"60612","firedtimes":5,"mail":false,"groups":["windows","windows_application"]},"agent":{"id":"001","name":"windows-dev","ip":"172.17.1.120","labels":{"os":"windows10-pro","team":"soc"}},"manager":{"name":"WAZUH"},"id":"1785225416.1232267","decoder":{"name":"windows_eventchannel"},"data":{"win":{"system":{"providerName":"MsiInstaller","eventID":"1033","version":"0","level":"4","task":"0","opcode":"0","keywords":"0x80000000000000","systemTime":"2026-07-28T08:53:40.6706847Z","eventRecordID":"566921","processID":"0","threadID":"0","channel":"Application","computer":"inf22.douja.local","severityValue":"INFORMATION","message":"\"Windows Installer a installé le produit. Nom du produit : Microsoft ODBC Driver 13 for SQL Server. Version du produit : 13.3.7095.1. Langue du produit : 1033. Fabricant : Microsoft Corporation. Réussite de l’installation ou état d’erreur : 0.\""},"eventdata":{"binary":"7B33433941383641332D333845442D344235372D423343382D3339394232344235354439417D3030303063623338313362663262363833366338356436616462653933333664316338613030303030393034","data":"Microsoft ODBC Driver 13 for SQL Server, 13.3.7095.1, 1033, 0, Microsoft Corporation"}}},"location":"EventChannel"}
{"timestamp":"2026-07-28T08:56:56.869+0100","rule":{"level":3,"description":"Windows installer began an installation process.","id":"60610","firedtimes":5,"mail":false,"groups":["windows","windows_application"]},"agent":{"id":"001","name":"windows-dev","ip":"172.17.1.120","labels":{"os":"windows10-pro","team":"soc"}},"manager":{"name":"WAZUH"},"id":"1785225416.1234423","decoder":{"name":"windows_eventchannel"},"data":{"win":{"system":{"providerName":"MsiInstaller","eventID":"1040","version":"0","level":"4","task":"0","opcode":"0","keywords":"0x80000000000000","systemTime":"2026-07-28T08:53:41.1019284Z","eventRecordID":"566923","processID":"0","threadID":"0","channel":"Application","computer":"inf22.douja.local","severityValue":"INFORMATION","message":"\"Début d’une transaction Windows Installer : {70BE4C7A-42C5-4C7D-815D-7EFE0E10C957}. ID du processus client : 20288.\""},"eventdata":{"data":"{70BE4C7A-42C5-4C7D-815D-7EFE0E10C957}, 20288"}}},"location":"EventChannel"}
{"timestamp":"2026-07-28T08:57:01.409+0100","rule":{"level":3,"description":"Update installed successfully.","id":"60626","firedtimes":10,"mail":false,"groups":["windows","windows_application"]},"agent":{"id":"001","name":"windows-dev","ip":"172.17.1.120","labels":{"os":"windows10-pro","team":"soc"}},"manager":{"name":"WAZUH"},"id":"1785225421.1235809","decoder":{"name":"windows_eventchannel"},"data":{"win":{"system":{"providerName":"MsiInstaller","eventID":"1022","version":"0","level":"4","task":"0","opcode":"0","keywords":"0x80000000000000","systemTime":"2026-07-28T08:53:45.6163172Z","eventRecordID":"566927","processID":"0","threadID":"0","channel":"Application","computer":"inf22.douja.local","severityValue":"INFORMATION","message":"\"Produit : Enregistreur VSS Microsoft pour SQL Server 2016 - La mise à jour ‘Hotfix 7095 for Microsoft SQL Server VSS Writer (64-bit) (KB5102339)’ a été installée.\""},"eventdata":{"binary":"7B37304245344337412D343243352D344337442D383135442D3745464530453130433935377D207B37453730464430432D453334432D344341352D393944332D3943423843313043313042437D","data":"Enregistreur VSS Microsoft pour SQL Server 2016, Hotfix 7095 for Microsoft SQL Server VSS Writer (64-bit) (KB5102339)"}}},"location":"EventChannel"}
{"timestamp":"2026-07-28T08:57:01.410+0100","rule":{"level":3,"description":"Windows installer installed an update.","id":"60636","firedtimes":11,"mail":false,"groups":["windows","windows_application"]},"agent":{"id":"001","name":"windows-dev","ip":"172.17.1.120","labels":{"os":"windows10-pro","team":"soc"}},"manager":{"name":"WAZUH"},"id":"1785225421.1237772","decoder":{"name":"windows_eventchannel"},"data":{"win":{"system":{"providerName":"MsiInstaller","eventID":"1036","version":"0","level":"4","task":"0","opcode":"0","keywords":"0x80000000000000","systemTime":"2026-07-28T08:53:45.6169485Z","eventRecordID":"566928","processID":"0","threadID":"0","channel":"Application","computer":"inf22.douja.local","severityValue":"INFORMATION","message":"\"Windows Installer a installé une mise à jour. Nom du produit : Enregistreur VSS Microsoft pour SQL Server 2016. Version du produit : 13.3.6300.2. Langue du produit : 1036. Nom de la mise à jour : Hotfix 7095 for Microsoft SQL Server VSS Writer (64-bit) (KB5102339). Fabricant : Microsoft Corporation. Réussite de l’installation ou état d’erreur : 0.\""},"eventdata":{"binary":"7B37304245344337412D343243352D344337442D383135442D3745464530453130433935377D3030303066643432653237623738383533326662353531666261383763346663346137393030303030633034","data":"Enregistreur VSS Microsoft pour SQL Server 2016, 13.3.6300.2, 1036, Hotfix 7095 for Microsoft SQL Server VSS Writer (64-bit) (KB5102339), 0, Microsoft Corporation"}}},"location":"EventChannel"}
{"timestamp":"2026-07-28T08:57:01.412+0100","rule":{"level":3,"description":"Windows installer reconfigured the product.","id":"60635","firedtimes":10,"mail":false,"groups":["windows","windows_application"]},"agent":{"id":"001","name":"windows-dev","ip":"172.17.1.120","labels":{"os":"windows10-pro","team":"soc"}},"manager":{"name":"WAZUH"},"id":"1785225421.1240239","decoder":{"name":"windows_eventchannel"},"data":{"win":{"system":{"providerName":"MsiInstaller","eventID":"1035","version":"0","level":"4","task":"0","opcode":"0","keywords":"0x80000000000000","systemTime":"2026-07-28T08:53:45.6179453Z","eventRecordID":"566930","processID":"0","threadID":"0","channel":"Application","computer":"inf22.douja.local","severityValue":"INFORMATION","message":"\"Windows Installer a reconfiguré le produit. Nom du produit : Enregistreur VSS Microsoft pour SQL Server 2016. Version du produit : 13.3.6300.2. Langue du produit : 1036. Fabricant : Microsoft Corporation. Réussite de la reconfiguration ou état d’erreur : 0.\""},"eventdata":{"binary":"7B37304245344337412D343243352D344337442D383135442D3745464530453130433935377D3030303066643432653237623738383533326662353531666261383763346663346137393030303030633034","data":"Enregistreur VSS Microsoft pour SQL Server 2016, 13.3.6300.2, 1036, 0, Microsoft Corporation"}}},"location":"EventChannel"}
{"timestamp":"2026-07-28T08:57:03.259+0100","rule":{"level":3,"description":"Windows installer began an installation process.","id":"60610","firedtimes":6,"mail":false,"groups":["windows","windows_application"]},"agent":{"id":"001","name":"windows-dev","ip":"172.17.1.120","labels":{"os":"windows10-pro","team":"soc"}},"manager":{"name":"WAZUH"},"id":"1785225423.1242377","decoder":{"name":"windows_eventchannel"},"data":{"win":{"system":{"providerName":"MsiInstaller","eventID":"1040","version":"0","level":"4","task":"0","opcode":"0","keywords":"0x80000000000000","systemTime":"2026-07-28T08:53:46.1349789Z","eventRecordID":"566932","processID":"0","threadID":"0","channel":"Application","computer":"inf22.douja.local","severityValue":"INFORMATION","message":"\"Début d’une transaction Windows Installer : {B6AE74F9-BAD7-4EF8-ABCF-957888EA1EEC}. ID du processus client : 20288.\""},"eventdata":{"data":"{B6AE74F9-BAD7-4EF8-ABCF-957888EA1EEC}, 20288"}}},"location":"EventChannel"}
{"timestamp":"2026-07-28T08:57:11.010+0100","rule":{"level":3,"description":"Update installed successfully.","id":"60626","firedtimes":11,"mail":false,"groups":["windows","windows_application"]},"agent":{"id":"001","name":"windows-dev","ip":"172.17.1.120","labels":{"os":"windows10-pro","team":"soc"}},"manager":{"name":"WAZUH"},"id":"1785225431.1243763","decoder":{"name":"windows_eventchannel"},"data":{"win":{"system":{"providerName":"MsiInstaller","eventID":"1022","version":"0","level":"4","task":"0","opcode":"0","keywords":"0x80000000000000","systemTime":"2026-07-28T08:53:55.2121287Z","eventRecordID":"566935","processID":"0","threadID":"0","channel":"Application","computer":"inf22.douja.local","severityValue":"INFORMATION","message":"\"Produit : Browser pour SQL Server 2016 - La mise à jour ‘Hotfix 7095 for Microsoft SQL Server Browser (KB5102339)’ a été installée.\""},"eventdata":{"binary":"7B42364145373446392D424144372D344546382D414243462D3935373838384541314545437D207B43314430324232322D414241362D343734362D414643342D3546424638424539363846387D","data":"Browser pour SQL Server 2016, Hotfix 7095 for Microsoft SQL Server Browser (KB5102339)"}}},"location":"EventChannel"}
{"timestamp":"2026-07-28T08:57:11.011+0100","rule":{"level":3,"description":"Windows installer installed an update.","id":"60636","firedtimes":12,"mail":false,"groups":["windows","windows_application"]},"agent":{"id":"001","name":"windows-dev","ip":"172.17.1.120","labels":{"os":"windows10-pro","team":"soc"}},"manager":{"name":"WAZUH"},"id":"1785225431.1245602","decoder":{"name":"windows_eventchannel"},"data":{"win":{"system":{"providerName":"MsiInstaller","eventID":"1036","version":"0","level":"4","task":"0","opcode":"0","keywords":"0x80000000000000","systemTime":"2026-07-28T08:53:55.2121287Z","eventRecordID":"566936","processID":"0","threadID":"0","channel":"Application","computer":"inf22.douja.local","severityValue":"INFORMATION","message":"\"Windows Installer a installé une mise à jour. Nom du produit : Browser pour SQL Server 2016. Version du produit : 13.3.6300.2. Langue du produit : 1036. Nom de la mise à jour : Hotfix 7095 for Microsoft SQL Server Browser (KB5102339). Fabricant : Microsoft Corporation. Réussite de l’installation ou état d’erreur : 0.\""},"eventdata":{"binary":"7B42364145373446392D424144372D344546382D414243462D3935373838384541314545437D3030303062373762643864393161623235353135666337336233666436346333363864653030303030633034","data":"Browser pour SQL Server 2016, 13.3.6300.2, 1036, Hotfix 7095 for Microsoft SQL Server Browser (KB5102339), 0, Microsoft Corporation"}}},"location":"EventChannel"}
{"timestamp":"2026-07-28T08:57:11.014+0100","rule":{"level":3,"description":"Windows installer reconfigured the product.","id":"60635","firedtimes":11,"mail":false,"groups":["windows","windows_application"]},"agent":{"id":"001","name":"windows-dev","ip":"172.17.1.120","labels":{"os":"windows10-pro","team":"soc"}},"manager":{"name":"WAZUH"},"id":"1785225431.1247945","decoder":{"name":"windows_eventchannel"},"data":{"win":{"system":{"providerName":"MsiInstaller","eventID":"1035","version":"0","level":"4","task":"0","opcode":"0","keywords":"0x80000000000000","systemTime":"2026-07-28T08:53:55.2133253Z","eventRecordID":"566938","processID":"0","threadID":"0","channel":"Application","computer":"inf22.douja.local","severityValue":"INFORMATION","message":"\"Windows Installer a reconfiguré le produit. Nom du produit : Browser pour SQL Server 2016. Version du produit : 13.3.6300.2. Langue du produit : 1036. Fabricant : Microsoft Corporation. Réussite de la reconfiguration ou état d’erreur : 0.\""},"eventdata":{"binary":"7B42364145373446392D424144372D344546382D414243462D3935373838384541314545437D3030303062373762643864393161623235353135666337336233666436346333363864653030303030633034","data":"Browser pour SQL Server 2016, 13.3.6300.2, 1036, 0, Microsoft Corporation"}}},"location":"EventChannel"}
{"timestamp":"2026-07-28T08:57:11.855+0100","rule":{"level":3,"description":"Windows installer began an installation process.","id":"60610","firedtimes":7,"mail":false,"groups":["windows","windows_application"]},"agent":{"id":"001","name":"windows-dev","ip":"172.17.1.120","labels":{"os":"windows10-pro","team":"soc"}},"manager":{"name":"WAZUH"},"id":"1785225431.1250007","decoder":{"name":"windows_eventchannel"},"data":{"win":{"system":{"providerName":"MsiInstaller","eventID":"1040","version":"0","level":"4","task":"0","opcode":"0","keywords":"0x80000000000000","systemTime":"2026-07-28T08:53:55.9450735Z","eventRecordID":"566940","processID":"0","threadID":"0","channel":"Application","computer":"inf22.douja.local","severityValue":"INFORMATION","message":"\"Début d’une transaction Windows Installer : {57846DA8-8B5D-4466-B850-E8CDFC94046C}. ID du processus client : 20288.\""},"eventdata":{"data":"{57846DA8-8B5D-4466-B850-E8CDFC94046C}, 20288"}}},"location":"EventChannel"}
{"timestamp":"2026-07-28T08:57:12.204+0100","rule":{"level":3,"description":"Application uninstalled Product: SQL Server 2016 Common Files -- Install started..","id":"60611","firedtimes":3,"mail":false,"groups":["windows","windows_application"]},"agent":{"id":"001","name":"windows-dev","ip":"172.17.1.120","labels":{"os":"windows10-pro","team":"soc"}},"manager":{"name":"WAZUH"},"id":"1785225432.1251393","decoder":{"name":"windows_eventchannel"},"data":{"win":{"system":{"providerName":"MsiInstaller","eventID":"11724","version":"0","level":"4","task":"0","opcode":"0","keywords":"0x80000000000000","systemTime":"2026-07-28T08:53:56.4035418Z","eventRecordID":"566942","processID":"0","threadID":"0","channel":"Application","computer":"inf22.douja.local","severityValue":"INFORMATION","message":"\"Product: SQL Server 2016 Common Files -- Install started.\""},"eventdata":{"data":"Product: SQL Server 2016 Common Files -- Install started."}}},"location":"EventChannel"}
{"timestamp":"2026-07-28T08:57:16.278+0100","rule":{"level":3,"description":"Update installed successfully.","id":"60626","firedtimes":12,"mail":false,"groups":["windows","windows_application"]},"agent":{"id":"001","name":"windows-dev","ip":"172.17.1.120","labels":{"os":"windows10-pro","team":"soc"}},"manager":{"name":"WAZUH"},"id":"1785225436.1252717","decoder":{"name":"windows_eventchannel"},"data":{"win":{"system":{"providerName":"MsiInstaller","eventID":"1022","version":"0","level":"4","task":"0","opcode":"0","keywords":"0x80000000000000","systemTime":"2026-07-28T08:54:00.4681813Z","eventRecordID":"566944","processID":"0","threadID":"0","channel":"Application","computer":"inf22.douja.local","severityValue":"INFORMATION","message":"\"Produit : SQL Server 2016 Common Files - La mise à jour ‘Hotfix 7095 for SQL Server Database Services  Common Core (64-bit) (KB5102339)’ a été installée.\""},"eventdata":{"binary":"7B35373834364441382D384235442D343436362D423835302D4538434446433934303436437D207B42454132313841392D454546322D344139332D423143342D3138433038363541303533387D","data":"SQL Server 2016 Common Files, Hotfix 7095 for SQL Server Database Services  Common Core (64-bit) (KB5102339)"}}},"location":"EventChannel"}
{"timestamp":"2026-07-28T08:57:16.286+0100","rule":{"level":3,"description":"Windows installer installed an update.","id":"60636","firedtimes":13,"mail":false,"groups":["windows","windows_application"]},"agent":{"id":"001","name":"windows-dev","ip":"172.17.1.120","labels":{"os":"windows10-pro","team":"soc"}},"manager":{"name":"WAZUH"},"id":"1785225436.1254640","decoder":{"name":"windows_eventchannel"},"data":{"win":{"system":{"providerName":"MsiInstaller","eventID":"1036","version":"0","level":"4","task":"0","opcode":"0","keywords":"0x80000000000000","systemTime":"2026-07-28T08:54:00.4688281Z","eventRecordID":"566945","processID":"0","threadID":"0","channel":"Application","computer":"inf22.douja.local","severityValue":"INFORMATION","message":"\"Windows Installer a installé une mise à jour. Nom du produit : SQL Server 2016 Common Files. Version du produit : 13.3.6300.2. Langue du produit : 1033. Nom de la mise à jour : Hotfix 7095 for SQL Server Database Services  Common Core (64-bit) (KB5102339). Fabricant : Microsoft Corporation. Réussite de l’installation ou état d’erreur : 0.\""},"eventdata":{"binary":"7B35373834364441382D384235442D343436362D423835302D4538434446433934303436437D3030303033663939373563626531616663653036653330613931643663373232666230333030303030393034","data":"SQL Server 2016 Common Files, 13.3.6300.2, 1033, Hotfix 7095 for SQL Server Database Services  Common Core (64-bit) (KB5102339), 0, Microsoft Corporation"}}},"location":"EventChannel"}
{"timestamp":"2026-07-28T08:57:16.287+0100","rule":{"level":3,"description":"Windows installer reconfigured the product.","id":"60635","firedtimes":12,"mail":false,"groups":["windows","windows_application"]},"agent":{"id":"001","name":"windows-dev","ip":"172.17.1.120","labels":{"os":"windows10-pro","team":"soc"}},"manager":{"name":"WAZUH"},"id":"1785225436.1257067","decoder":{"name":"windows_eventchannel"},"data":{"win":{"system":{"providerName":"MsiInstaller","eventID":"1035","version":"0","level":"4","task":"0","opcode":"0","keywords":"0x80000000000000","systemTime":"2026-07-28T08:54:00.4688281Z","eventRecordID":"566947","processID":"0","threadID":"0","channel":"Application","computer":"inf22.douja.local","severityValue":"INFORMATION","message":"\"Windows Installer a reconfiguré le produit. Nom du produit : SQL Server 2016 Common Files. Version du produit : 13.3.6300.2. Langue du produit : 1033. Fabricant : Microsoft Corporation. Réussite de la reconfiguration ou état d’erreur : 0.\""},"eventdata":{"binary":"7B35373834364441382D384235442D343436362D423835302D4538434446433934303436437D3030303033663939373563626531616663653036653330613931643663373232666230333030303030393034","data":"SQL Server 2016 Common Files, 13.3.6300.2, 1033, 0, Microsoft Corporation"}}},"location":"EventChannel"}
{"timestamp":"2026-07-28T08:57:16.859+0100","rule":{"level":3,"description":"Windows installer began an installation process.","id":"60610","firedtimes":8,"mail":false,"groups":["windows","windows_application"]},"agent":{"id":"001","name":"windows-dev","ip":"172.17.1.120","labels":{"os":"windows10-pro","team":"soc"}},"manager":{"name":"WAZUH"},"id":"1785225436.1259125","decoder":{"name":"windows_eventchannel"},"data":{"win":{"system":{"providerName":"MsiInstaller","eventID":"1040","version":"0","level":"4","task":"0","opcode":"0","keywords":"0x80000000000000","systemTime":"2026-07-28T08:54:01.0477213Z","eventRecordID":"566949","processID":"0","threadID":"0","channel":"Application","computer":"inf22.douja.local","severityValue":"INFORMATION","message":"\"Début d’une transaction Windows Installer : {8C716A42-FD8B-478D-BA70-21370EC1A66A}. ID du processus client : 20288.\""},"eventdata":{"data":"{8C716A42-FD8B-478D-BA70-21370EC1A66A}, 20288"}}},"location":"EventChannel"}
{"timestamp":"2026-07-28T08:57:17.286+0100","rule":{"level":3,"description":"Application uninstalled Product: SQL Server 2016 Distributed Replay -- Install started..","id":"60611","firedtimes":4,"mail":false,"groups":["windows","windows_application"]},"agent":{"id":"001","name":"windows-dev","ip":"172.17.1.120","labels":{"os":"windows10-pro","team":"soc"}},"manager":{"name":"WAZUH"},"id":"1785225437.1260511","decoder":{"name":"windows_eventchannel"},"data":{"win":{"system":{"providerName":"MsiInstaller","eventID":"11724","version":"0","level":"4","task":"0","opcode":"0","keywords":"0x80000000000000","systemTime":"2026-07-28T08:54:01.4736171Z","eventRecordID":"566950","processID":"0","threadID":"0","channel":"Application","computer":"inf22.douja.local","severityValue":"INFORMATION","message":"\"Product: SQL Server 2016 Distributed Replay -- Install started.\""},"eventdata":{"data":"Product: SQL Server 2016 Distributed Replay -- Install started."}}},"location":"EventChannel"}
{"timestamp":"2026-07-28T08:57:20.147+0100","rule":{"level":3,"description":"Update installed successfully.","id":"60626","firedtimes":13,"mail":false,"groups":["windows","windows_application"]},"agent":{"id":"001","name":"windows-dev","ip":"172.17.1.120","labels":{"os":"windows10-pro","team":"soc"}},"manager":{"name":"WAZUH"},"id":"1785225440.1261865","decoder":{"name":"windows_eventchannel"},"data":{"win":{"system":{"providerName":"MsiInstaller","eventID":"1022","version":"0","level":"4","task":"0","opcode":"0","keywords":"0x80000000000000","systemTime":"2026-07-28T08:54:04.3275064Z","eventRecordID":"566953","processID":"0","threadID":"0","channel":"Application","computer":"inf22.douja.local","severityValue":"INFORMATION","message":"\"Produit : SQL Server 2016 Distributed Replay - La mise à jour ‘Hotfix 7095 for SQL Server Distributed Replay Client (64-bit) (KB5102339)’ a été installée.\""},"eventdata":{"binary":"7B38433731364134322D464438422D343738442D424137302D3231333730454331413636417D207B30384236413236362D464131422D343031432D384439382D4244453243413932303242367D","data":"SQL Server 2016 Distributed Replay, Hotfix 7095 for SQL Server Distributed Replay Client (64-bit) (KB5102339)"}}},"location":"EventChannel"}
{"timestamp":"2026-07-28T08:57:20.148+0100","rule":{"level":3,"description":"Windows installer installed an update.","id":"60636","firedtimes":14,"mail":false,"groups":["windows","windows_application"]},"agent":{"id":"001","name":"windows-dev","ip":"172.17.1.120","labels":{"os":"windows10-pro","team":"soc"}},"manager":{"name":"WAZUH"},"id":"1785225440.1263792","decoder":{"name":"windows_eventchannel"},"data":{"win":{"system":{"providerName":"MsiInstaller","eventID":"1036","version":"0","level":"4","task":"0","opcode":"0","keywords":"0x80000000000000","systemTime":"2026-07-28T08:54:04.3275064Z","eventRecordID":"566954","processID":"0","threadID":"0","channel":"Application","computer":"inf22.douja.local","severityValue":"INFORMATION","message":"\"Windows Installer a installé une mise à jour. Nom du produit : SQL Server 2016 Distributed Replay. Version du produit : 13.3.6300.2. Langue du produit : 1033. Nom de la mise à jour : Hotfix 7095 for SQL Server Distributed Replay Client (64-bit) (KB5102339). Fabricant : Microsoft Corporation. Réussite de l’installation ou état d’erreur : 0.\""},"eventdata":{"binary":"7B38433731364134322D464438422D343738442D424137302D3231333730454331413636417D3030303038613633393263643865613233303838356438353933326437393630646133323030303030393034","data":"SQL Server 2016 Distributed Replay, 13.3.6300.2, 1033, Hotfix 7095 for SQL Server Distributed Replay Client (64-bit) (KB5102339), 0, Microsoft Corporation"}}},"location":"EventChannel"}
{"timestamp":"2026-07-28T08:57:20.150+0100","rule":{"level":3,"description":"Windows installer reconfigured the product.","id":"60635","firedtimes":13,"mail":false,"groups":["windows","windows_application"]},"agent":{"id":"001","name":"windows-dev","ip":"172.17.1.120","labels":{"os":"windows10-pro","team":"soc"}},"manager":{"name":"WAZUH"},"id":"1785225440.1266223","decoder":{"name":"windows_eventchannel"},"data":{"win":{"system":{"providerName":"MsiInstaller","eventID":"1035","version":"0","level":"4","task":"0","opcode":"0","keywords":"0x80000000000000","systemTime":"2026-07-28T08:54:04.3285252Z","eventRecordID":"566956","processID":"0","threadID":"0","channel":"Application","computer":"inf22.douja.local","severityValue":"INFORMATION","message":"\"Windows Installer a reconfiguré le produit. Nom du produit : SQL Server 2016 Distributed Replay. Version du produit : 13.3.6300.2. Langue du produit : 1033. Fabricant : Microsoft Corporation. Réussite de la reconfiguration ou état d’erreur : 0.\""},"eventdata":{"binary":"7B38433731364134322D464438422D343738442D424137302D3231333730454331413636417D3030303038613633393263643865613233303838356438353933326437393630646133323030303030393034","data":"SQL Server 2016 Distributed Replay, 13.3.6300.2, 1033, 0, Microsoft Corporation"}}},"location":"EventChannel"}
{"timestamp":"2026-07-28T08:57:20.807+0100","rule":{"level":3,"description":"Windows installer began an installation process.","id":"60610","firedtimes":9,"mail":false,"groups":["windows","windows_application"]},"agent":{"id":"001","name":"windows-dev","ip":"172.17.1.120","labels":{"os":"windows10-pro","team":"soc"}},"manager":{"name":"WAZUH"},"id":"1785225440.1268305","decoder":{"name":"windows_eventchannel"},"data":{"win":{"system":{"providerName":"MsiInstaller","eventID":"1040","version":"0","level":"4","task":"0","opcode":"0","keywords":"0x80000000000000","systemTime":"2026-07-28T08:54:04.9873618Z","eventRecordID":"566958","processID":"0","threadID":"0","channel":"Application","computer":"inf22.douja.local","severityValue":"INFORMATION","message":"\"Début d’une transaction Windows Installer : C:\\Program Files\\Microsoft SQL Server\\130\\Setup Bootstrap\\Update Cache\\KB5102339\\QFE\\x64\\setup\\RsFx.msi. ID du processus client : 20288.\""},"eventdata":{"data":"C:\\\\Program Files\\\\Microsoft SQL Server\\\\130\\\\Setup Bootstrap\\\\Update Cache\\\\KB5102339\\\\QFE\\\\x64\\\\setup\\\\RsFx.msi, 20288"}}},"location":"EventChannel"}
{"timestamp":"2026-07-28T08:57:20.944+0100","rule":{"level":6,"description":"WMI query for System Information Discovery.","id":"92654","mitre":{"id":["T1082","T1047"],"tactic":["Discovery","Execution"],"technique":["System Information Discovery","Windows Management Instrumentation"]},"firedtimes":2,"mail":false,"groups":["win_evt_channel","windows"]},"agent":{"id":"001","name":"windows-dev","ip":"172.17.1.120","labels":{"os":"windows10-pro","team":"soc"}},"manager":{"name":"WAZUH"},"id":"1785225440.1270001","full_log":"{\"win\":{\"system\":{\"providerName\":\"Microsoft-Windows-WMI-Activity\",\"providerGuid\":\"{1418ef04-b0b4-4623-bf7e-d74ab47bbdaa}\",\"eventID\":\"5857\",\"version\":\"0\",\"level\":\"0\",\"task\":\"0\",\"opcode\":\"0\",\"keywords\":\"0x4000000000000000\",\"systemTime\":\"2026-07-28T08:54:04.1004075Z\",\"eventRecordID\":\"429224\",\"processID\":\"22120\",\"threadID\":\"9960\",\"channel\":\"Microsoft-Windows-WMI-Activity/Operational\",\"computer\":\"inf22.douja.local\",\"severityValue\":\"UNKNOWN\",\"message\":\"\\\"Le fournisseur CIMWin32 a démarré avec le code de résultat 0x0. ProcessusHôte = wmiprvse.exe ; IDProcessus = 22120 ; CheminAccèsFournisseur = %systemroot%\\\\system32\\\\wbem\\\\cimwin32.dll\\\"\"},\"operation_StartedOperational\":{\"providerName\":\"CIMWin32\",\"code\":\"0x0\",\"hostProcess\":\"wmiprvse.exe\",\"processID\":\"22120\",\"providerPath\":\"%systemroot%\\\\\\\\system32\\\\\\\\wbem\\\\\\\\cimwin32.dll\"}}}","decoder":{"name":"windows_eventchannel"},"data":{"win":{"system":{"providerName":"Microsoft-Windows-WMI-Activity","providerGuid":"{1418ef04-b0b4-4623-bf7e-d74ab47bbdaa}","eventID":"5857","version":"0","level":"0","task":"0","opcode":"0","keywords":"0x4000000000000000","systemTime":"2026-07-28T08:54:04.1004075Z","eventRecordID":"429224","processID":"22120","threadID":"9960","channel":"Microsoft-Windows-WMI-Activity/Operational","computer":"inf22.douja.local","severityValue":"UNKNOWN","message":"\"Le fournisseur CIMWin32 a démarré avec le code de résultat 0x0. ProcessusHôte = wmiprvse.exe ; IDProcessus = 22120 ; CheminAccèsFournisseur = %systemroot%\\system32\\wbem\\cimwin32.dll\""},"operation_StartedOperational":{"providerName":"CIMWin32","code":"0x0","hostProcess":"wmiprvse.exe","processID":"22120","providerPath":"%systemroot%\\\\system32\\\\wbem\\\\cimwin32.dll"}}},"location":"EventChannel"}
{"timestamp":"2026-07-28T08:57:22.686+0100","rule":{"level":3,"description":"Application installed Product: Microsoft SQL Server 2016 RsFx Driver -- Installation completed successfully..","id":"60612","firedtimes":6,"mail":false,"groups":["windows","windows_application"]},"agent":{"id":"001","name":"windows-dev","ip":"172.17.1.120","labels":{"os":"windows10-pro","team":"soc"}},"manager":{"name":"WAZUH"},"id":"1785225442.1272105","decoder":{"name":"windows_eventchannel"},"data":{"win":{"system":{"providerName":"MsiInstaller","eventID":"11707","version":"0","level":"4","task":"0","opcode":"0","keywords":"0x80000000000000","systemTime":"2026-07-28T08:54:06.8611898Z","eventRecordID":"566961","processID":"0","threadID":"0","channel":"Application","computer":"inf22.douja.local","severityValue":"INFORMATION","message":"\"Product: Microsoft SQL Server 2016 RsFx Driver -- Installation completed successfully.\""},"eventdata":{"binary":"7B32334136333042462D383337362D344533362D383934442D3038344539384237433938387D","data":"Product: Microsoft SQL Server 2016 RsFx Driver -- Installation completed successfully."}}},"location":"EventChannel"}
{"timestamp":"2026-07-28T08:57:22.687+0100","rule":{"level":3,"description":"Application installed Microsoft SQL Server 2016 RsFx Driver, 13.3.7095.1, 1033, 0, Microsoft Corporation.","id":"60612","firedtimes":7,"mail":false,"groups":["windows","windows_application"]},"agent":{"id":"001","name":"windows-dev","ip":"172.17.1.120","labels":{"os":"windows10-pro","team":"soc"}},"manager":{"name":"WAZUH"},"id":"1785225442.1273759","decoder":{"name":"windows_eventchannel"},"data":{"win":{"system":{"providerName":"MsiInstaller","eventID":"1033","version":"0","level":"4","task":"0","opcode":"0","keywords":"0x80000000000000","systemTime":"2026-07-28T08:54:06.8616207Z","eventRecordID":"566962","processID":"0","threadID":"0","channel":"Application","computer":"inf22.douja.local","severityValue":"INFORMATION","message":"\"Windows Installer a installé le produit. Nom du produit : Microsoft SQL Server 2016 RsFx Driver. Version du produit : 13.3.7095.1. Langue du produit : 1033. Fabricant : Microsoft Corporation. Réussite de l’installation ou état d’erreur : 0.\""},"eventdata":{"binary":"7B32334136333042462D383337362D344533362D383934442D3038344539384237433938387D3030303039303932323161386534336635626665306465393835386333666466326638363030303030393034","data":"Microsoft SQL Server 2016 RsFx Driver, 13.3.7095.1, 1033, 0, Microsoft Corporation"}}},"location":"EventChannel"}
{"timestamp":"2026-07-28T08:57:23.269+0100","rule":{"level":3,"description":"Windows installer began an installation process.","id":"60610","firedtimes":10,"mail":false,"groups":["windows","windows_application"]},"agent":{"id":"001","name":"windows-dev","ip":"172.17.1.120","labels":{"os":"windows10-pro","team":"soc"}},"manager":{"name":"WAZUH"},"id":"1785225443.1275905","decoder":{"name":"windows_eventchannel"},"data":{"win":{"system":{"providerName":"MsiInstaller","eventID":"1040","version":"0","level":"4","task":"0","opcode":"0","keywords":"0x80000000000000","systemTime":"2026-07-28T08:54:07.4423850Z","eventRecordID":"566964","processID":"0","threadID":"0","channel":"Application","computer":"inf22.douja.local","severityValue":"INFORMATION","message":"\"Début d’une transaction Windows Installer : {686A81C0-C8E4-46F6-952F-B19A28E8C430}. ID du processus client : 20288.\""},"eventdata":{"data":"{686A81C0-C8E4-46F6-952F-B19A28E8C430}, 20288"}}},"location":"EventChannel"}
{"timestamp":"2026-07-28T08:57:24.445+0100","rule":{"level":3,"description":"Application uninstalled Product: SQL Server 2016 Database Engine Shared -- Install started..","id":"60611","firedtimes":5,"mail":false,"groups":["windows","windows_application"]},"agent":{"id":"001","name":"windows-dev","ip":"172.17.1.120","labels":{"os":"windows10-pro","team":"soc"}},"manager":{"name":"WAZUH"},"id":"1785225444.1277291","decoder":{"name":"windows_eventchannel"},"data":{"win":{"system":{"providerName":"MsiInstaller","eventID":"11724","version":"0","level":"4","task":"0","opcode":"0","keywords":"0x80000000000000","systemTime":"2026-07-28T08:54:08.6161436Z","eventRecordID":"566968","processID":"0","threadID":"0","channel":"Application","computer":"inf22.douja.local","severityValue":"INFORMATION","message":"\"Product: SQL Server 2016 Database Engine Shared -- Install started.\""},"eventdata":{"data":"Product: SQL Server 2016 Database Engine Shared -- Install started."}}},"location":"EventChannel"}
{"timestamp":"2026-07-28T08:57:32.789+0100","rule":{"level":3,"description":"Windows installer installed an update.","id":"60636","firedtimes":15,"mail":false,"groups":["windows","windows_application"]},"agent":{"id":"001","name":"windows-dev","ip":"172.17.1.120","labels":{"os":"windows10-pro","team":"soc"}},"manager":{"name":"WAZUH"},"id":"1785225452.1278665","decoder":{"name":"windows_eventchannel"},"data":{"win":{"system":{"providerName":"MsiInstaller","eventID":"1036","version":"0","level":"4","task":"0","opcode":"0","keywords":"0x80000000000000","systemTime":"2026-07-28T08:54:16.9414731Z","eventRecordID":"566971","processID":"0","threadID":"0","channel":"Application","computer":"inf22.douja.local","severityValue":"INFORMATION","message":"\"Windows Installer a installé une mise à jour. Nom du produit : SQL Server 2016 Database Engine Shared. Version du produit : 13.3.6300.2. Langue du produit : 1033. Nom de la mise à jour : Hotfix 7095 for SQL Server Database Services  Core Shared (64-bit) (KB5102339). Fabricant : Microsoft Corporation. Réussite de l’installation ou état d’erreur : 0.\""},"eventdata":{"binary":"7B36383641383143302D433845342D343646362D393532462D4231394132384538433433307D3030303039363636396238353333356434633061376333333461363461303432366537383030303030393034","data":"SQL Server 2016 Database Engine Shared, 13.3.6300.2, 1033, Hotfix 7095 for SQL Server Database Services  Core Shared (64-bit) (KB5102339), 0, Microsoft Corporation"}}},"location":"EventChannel"}
{"timestamp":"2026-07-28T08:57:32.790+0100","rule":{"level":3,"description":"Update installed successfully.","id":"60626","firedtimes":14,"mail":false,"groups":["windows","windows_application"]},"agent":{"id":"001","name":"windows-dev","ip":"172.17.1.120","labels":{"os":"windows10-pro","team":"soc"}},"manager":{"name":"WAZUH"},"id":"1785225452.1281132","decoder":{"name":"windows_eventchannel"},"data":{"win":{"system":{"providerName":"MsiInstaller","eventID":"1022","version":"0","level":"4","task":"0","opcode":"0","keywords":"0x80000000000000","systemTime":"2026-07-28T08:54:16.9404784Z","eventRecordID":"566970","processID":"0","threadID":"0","channel":"Application","computer":"inf22.douja.local","severityValue":"INFORMATION","message":"\"Produit : SQL Server 2016 Database Engine Shared - La mise à jour ‘Hotfix 7095 for SQL Server Database Services  Core Shared (64-bit) (KB5102339)’ a été installée.\""},"eventdata":{"binary":"7B36383641383143302D433845342D343646362D393532462D4231394132384538433433307D207B31314639453337362D354336452D343437352D384344362D4436453445304137333941327D","data":"SQL Server 2016 Database Engine Shared, Hotfix 7095 for SQL Server Database Services  Core Shared (64-bit) (KB5102339)"}}},"location":"EventChannel"}
{"timestamp":"2026-07-28T08:57:32.818+0100","rule":{"level":3,"description":"Windows installer reconfigured the product.","id":"60635","firedtimes":14,"mail":false,"groups":["windows","windows_application"]},"agent":{"id":"001","name":"windows-dev","ip":"172.17.1.120","labels":{"os":"windows10-pro","team":"soc"}},"manager":{"name":"WAZUH"},"id":"1785225452.1283095","decoder":{"name":"windows_eventchannel"},"data":{"win":{"system":{"providerName":"MsiInstaller","eventID":"1035","version":"0","level":"4","task":"0","opcode":"0","keywords":"0x80000000000000","systemTime":"2026-07-28T08:54:16.9414731Z","eventRecordID":"566973","processID":"0","threadID":"0","channel":"Application","computer":"inf22.douja.local","severityValue":"INFORMATION","message":"\"Windows Installer a reconfiguré le produit. Nom du produit : SQL Server 2016 Database Engine Shared. Version du produit : 13.3.6300.2. Langue du produit : 1033. Fabricant : Microsoft Corporation. Réussite de la reconfiguration ou état d’erreur : 0.\""},"eventdata":{"binary":"7B36383641383143302D433845342D343646362D393532462D4231394132384538433433307D3030303039363636396238353333356434633061376333333461363461303432366537383030303030393034","data":"SQL Server 2016 Database Engine Shared, 13.3.6300.2, 1033, 0, Microsoft Corporation"}}},"location":"EventChannel"}
{"timestamp":"2026-07-28T08:57:33.361+0100","rule":{"level":3,"description":"Windows installer began an installation process.","id":"60610","firedtimes":11,"mail":false,"groups":["windows","windows_application"]},"agent":{"id":"001","name":"windows-dev","ip":"172.17.1.120","labels":{"os":"windows10-pro","team":"soc"}},"manager":{"name":"WAZUH"},"id":"1785225453.1285193","decoder":{"name":"windows_eventchannel"},"data":{"win":{"system":{"providerName":"MsiInstaller","eventID":"1040","version":"0","level":"4","task":"0","opcode":"0","keywords":"0x80000000000000","systemTime":"2026-07-28T08:54:17.5118836Z","eventRecordID":"566975","processID":"0","threadID":"0","channel":"Application","computer":"inf22.douja.local","severityValue":"INFORMATION","message":"\"Début d’une transaction Windows Installer : {51574D2C-DE28-4441-BDC2-967F0FFC0918}. ID du processus client : 20288.\""},"eventdata":{"data":"{51574D2C-DE28-4441-BDC2-967F0FFC0918}, 20288"}}},"location":"EventChannel"}
{"timestamp":"2026-07-28T08:57:34.105+0100","rule":{"level":3,"description":"Application uninstalled Product: SQL Server 2016 Database Engine Services -- Install started..","id":"60611","firedtimes":6,"mail":false,"groups":["windows","windows_application"]},"agent":{"id":"001","name":"windows-dev","ip":"172.17.1.120","labels":{"os":"windows10-pro","team":"soc"}},"manager":{"name":"WAZUH"},"id":"1785225454.1286579","decoder":{"name":"windows_eventchannel"},"data":{"win":{"system":{"providerName":"MsiInstaller","eventID":"11724","version":"0","level":"4","task":"0","opcode":"0","keywords":"0x80000000000000","systemTime":"2026-07-28T08:54:18.2549637Z","eventRecordID":"566977","processID":"0","threadID":"0","channel":"Application","computer":"inf22.douja.local","severityValue":"INFORMATION","message":"\"Product: SQL Server 2016 Database Engine Services -- Install started.\""},"eventdata":{"data":"Product: SQL Server 2016 Database Engine Services -- Install started."}}},"location":"EventChannel"}
{"timestamp":"2026-07-28T08:57:41.515+0100","rule":{"level":3,"description":"Update installed successfully.","id":"60626","firedtimes":15,"mail":false,"groups":["windows","windows_application"]},"agent":{"id":"001","name":"windows-dev","ip":"172.17.1.120","labels":{"os":"windows10-pro","team":"soc"}},"manager":{"name":"WAZUH"},"id":"1785225461.1287963","decoder":{"name":"windows_eventchannel"},"data":{"win":{"system":{"providerName":"MsiInstaller","eventID":"1022","version":"0","level":"4","task":"0","opcode":"0","keywords":"0x80000000000000","systemTime":"2026-07-28T08:54:25.6475681Z","eventRecordID":"566979","processID":"0","threadID":"0","channel":"Application","computer":"inf22.douja.local","severityValue":"INFORMATION","message":"\"Produit : SQL Server 2016 Database Engine Services - La mise à jour ‘Hotfix 7095 for SQL Server Database Services  Core Instance (64-bit) (KB5102339)’ a été installée.\""},"eventdata":{"binary":"7B35313537344432432D444532382D343434312D424443322D3936374630464643303931387D207B42423039333045412D303733332D343439462D423436422D3230334430354646303733417D","data":"SQL Server 2016 Database Engine Services, Hotfix 7095 for SQL Server Database Services  Core Instance (64-bit) (KB5102339)"}}},"location":"EventChannel"}
{"timestamp":"2026-07-28T08:57:41.517+0100","rule":{"level":3,"description":"Windows installer installed an update.","id":"60636","firedtimes":16,"mail":false,"groups":["windows","windows_application"]},"agent":{"id":"001","name":"windows-dev","ip":"172.17.1.120","labels":{"os":"windows10-pro","team":"soc"}},"manager":{"name":"WAZUH"},"id":"1785225461.1289942","decoder":{"name":"windows_eventchannel"},"data":{"win":{"system":{"providerName":"MsiInstaller","eventID":"1036","version":"0","level":"4","task":"0","opcode":"0","keywords":"0x80000000000000","systemTime":"2026-07-28T08:54:25.6480755Z","eventRecordID":"566980","processID":"0","threadID":"0","channel":"Application","computer":"inf22.douja.local","severityValue":"INFORMATION","message":"\"Windows Installer a installé une mise à jour. Nom du produit : SQL Server 2016 Database Engine Services. Version du produit : 13.3.6300.2. Langue du produit : 1033. Nom de la mise à jour : Hotfix 7095 for SQL Server Database Services  Core Instance (64-bit) (KB5102339). Fabricant : Microsoft Corporation. Réussite de l’installation ou état d’erreur : 0.\""},"eventdata":{"binary":"7B35313537344432432D444532382D343434312D424443322D3936374630464643303931387D3030303061623765303964396336383637666537393166616237396364633836333762363030303030393034","data":"SQL Server 2016 Database Engine Services, 13.3.6300.2, 1033, Hotfix 7095 for SQL Server Database Services  Core Instance (64-bit) (KB5102339), 0, Microsoft Corporation"}}},"location":"EventChannel"}
{"timestamp":"2026-07-28T08:57:41.519+0100","rule":{"level":3,"description":"Windows installer reconfigured the product.","id":"60635","firedtimes":15,"mail":false,"groups":["windows","windows_application"]},"agent":{"id":"001","name":"windows-dev","ip":"172.17.1.120","labels":{"os":"windows10-pro","team":"soc"}},"manager":{"name":"WAZUH"},"id":"1785225461.1292425","decoder":{"name":"windows_eventchannel"},"data":{"win":{"system":{"providerName":"MsiInstaller","eventID":"1035","version":"0","level":"4","task":"0","opcode":"0","keywords":"0x80000000000000","systemTime":"2026-07-28T08:54:25.6492072Z","eventRecordID":"566982","processID":"0","threadID":"0","channel":"Application","computer":"inf22.douja.local","severityValue":"INFORMATION","message":"\"Windows Installer a reconfiguré le produit. Nom du produit : SQL Server 2016 Database Engine Services. Version du produit : 13.3.6300.2. Langue du produit : 1033. Fabricant : Microsoft Corporation. Réussite de la reconfiguration ou état d’erreur : 0.\""},"eventdata":{"binary":"7B35313537344432432D444532382D343434312D424443322D3936374630464643303931387D3030303061623765303964396336383637666537393166616237396364633836333762363030303030393034","data":"SQL Server 2016 Database Engine Services, 13.3.6300.2, 1033, 0, Microsoft Corporation"}}},"location":"EventChannel"}
{"timestamp":"2026-07-28T08:58:07.577+0100","rule":{"level":9,"description":"Windows application error event.","id":"60602","firedtimes":3,"mail":false,"groups":["windows","windows_application","system_error"],"gdpr":["IV_35.7.d"],"gpg13":["4.3"]},"agent":{"id":"001","name":"windows-dev","ip":"172.17.1.120","labels":{"os":"windows10-pro","team":"soc"}},"manager":{"name":"WAZUH"},"id":"1785225487.1294531","decoder":{"name":"windows_eventchannel"},"data":{"win":{"system":{"providerName":"Microsoft-Windows-PerfNet","providerGuid":"{cab2b8a5-49b9-4eec-b1b0-fac21da05a3b}","eventID":"2004","version":"1","level":"2","task":"0","opcode":"0","keywords":"0x8000000000000000","systemTime":"2026-07-28T08:54:50.6354218Z","eventRecordID":"567128","processID":"4860","threadID":"7712","channel":"Application","computer":"inf22.douja.local","severityValue":"ERROR","message":"\"Impossible d’ouvrir l’objet de performance pour le service Serveur. Les quatre premiers octets (DWORD) de la section Data contiennent le code de statut.\""},"eventdata":{"nTSTATUS":"3221225506"}}},"location":"EventChannel"}
{"timestamp":"2026-07-28T08:58:07.590+0100","rule":{"level":5,"description":"The open procedure for service remote access failed.","id":"61060","firedtimes":1,"mail":false,"groups":["windows","windows_application"]},"agent":{"id":"001","name":"windows-dev","ip":"172.17.1.120","labels":{"os":"windows10-pro","team":"soc"}},"manager":{"name":"WAZUH"},"id":"1785225487.1296103","decoder":{"name":"windows_eventchannel"},"data":{"win":{"system":{"providerName":"Microsoft-Windows-Perflib","providerGuid":"{13b197bd-7cee-4b4e-8dd0-59314ce374ce}","eventID":"1008","version":"1","level":"3","task":"0","opcode":"0","keywords":"0x8000000000000000","systemTime":"2026-07-28T08:54:50.9399757Z","eventRecordID":"567130","processID":"4860","threadID":"7712","channel":"Application","computer":"inf22.douja.local","severityValue":"WARNING","message":"\"La procédure d'ouverture pour le service « WmiApRpl » dans la DLL « C:\\WINDOWS\\system32\\wbem\\wmiaprpl.dll » a échoué avec le code d'erreur Le périphérique n’est pas prêt.. Les données de performances pour ce service ne sont pas disponibles.\""},"eventdata":{"service":"WmiApRpl","library":"C:\\\\WINDOWS\\\\system32\\\\wbem\\\\wmiaprpl.dll","win32Error":"21"}}},"location":"EventChannel"}
{"timestamp":"2026-07-28T08:58:12.484+0100","rule":{"level":6,"description":"WMI query for System Information Discovery.","id":"92654","mitre":{"id":["T1082","T1047"],"tactic":["Discovery","Execution"],"technique":["System Information Discovery","Windows Management Instrumentation"]},"firedtimes":3,"mail":false,"groups":["win_evt_channel","windows"]},"agent":{"id":"001","name":"windows-dev","ip":"172.17.1.120","labels":{"os":"windows10-pro","team":"soc"}},"manager":{"name":"WAZUH"},"id":"1785225492.1298035","full_log":"{\"win\":{\"system\":{\"providerName\":\"Microsoft-Windows-WMI-Activity\",\"providerGuid\":\"{1418ef04-b0b4-4623-bf7e-d74ab47bbdaa}\",\"eventID\":\"5857\",\"version\":\"0\",\"level\":\"0\",\"task\":\"0\",\"opcode\":\"0\",\"keywords\":\"0x4000000000000000\",\"systemTime\":\"2026-07-28T08:54:55.5448120Z\",\"eventRecordID\":\"429225\",\"processID\":\"22120\",\"threadID\":\"9960\",\"channel\":\"Microsoft-Windows-WMI-Activity/Operational\",\"computer\":\"inf22.douja.local\",\"severityValue\":\"UNKNOWN\",\"message\":\"\\\"Le fournisseur CIMWin32 a démarré avec le code de résultat 0x0. ProcessusHôte = wmiprvse.exe ; IDProcessus = 22120 ; CheminAccèsFournisseur = %systemroot%\\\\system32\\\\wbem\\\\cimwin32.dll\\\"\"},\"operation_StartedOperational\":{\"providerName\":\"CIMWin32\",\"code\":\"0x0\",\"hostProcess\":\"wmiprvse.exe\",\"processID\":\"22120\",\"providerPath\":\"%systemroot%\\\\\\\\system32\\\\\\\\wbem\\\\\\\\cimwin32.dll\"}}}","decoder":{"name":"windows_eventchannel"},"data":{"win":{"system":{"providerName":"Microsoft-Windows-WMI-Activity","providerGuid":"{1418ef04-b0b4-4623-bf7e-d74ab47bbdaa}","eventID":"5857","version":"0","level":"0","task":"0","opcode":"0","keywords":"0x4000000000000000","systemTime":"2026-07-28T08:54:55.5448120Z","eventRecordID":"429225","processID":"22120","threadID":"9960","channel":"Microsoft-Windows-WMI-Activity/Operational","computer":"inf22.douja.local","severityValue":"UNKNOWN","message":"\"Le fournisseur CIMWin32 a démarré avec le code de résultat 0x0. ProcessusHôte = wmiprvse.exe ; IDProcessus = 22120 ; CheminAccèsFournisseur = %systemroot%\\system32\\wbem\\cimwin32.dll\""},"operation_StartedOperational":{"providerName":"CIMWin32","code":"0x0","hostProcess":"wmiprvse.exe","processID":"22120","providerPath":"%systemroot%\\\\system32\\\\wbem\\\\cimwin32.dll"}}},"location":"EventChannel"}
{"timestamp":"2026-07-28T08:59:36.785+0100","rule":{"level":3,"description":"Software protection service scheduled successfully.","id":"60642","firedtimes":3,"mail":false,"groups":["windows","windows_application"]},"agent":{"id":"001","name":"windows-dev","ip":"172.17.1.120","labels":{"os":"windows10-pro","team":"soc"}},"manager":{"name":"WAZUH"},"id":"1785225576.1300139","decoder":{"name":"windows_eventchannel"},"data":{"win":{"system":{"providerName":"Microsoft-Windows-Security-SPP","providerGuid":"{E23B33B0-C8C9-472C-A5F9-F2BDFEA0F156}","eventSourceName":"Software Protection Platform Service","eventID":"16384","version":"0","level":"4","task":"0","opcode":"0","keywords":"0x80000000000000","systemTime":"2026-07-28T08:56:20.6555275Z","eventRecordID":"567132","processID":"0","threadID":"0","channel":"Application","computer":"inf22.douja.local","severityValue":"INFORMATION","message":"\"La planification du redémarrage du service de protection logicielle à 2026-08-27T08:47:20Z a réussi. Raison : RulesEngine.\""},"eventdata":{"data":"2026-08-27T08:47:20Z, RulesEngine"}}},"location":"EventChannel"}
