{"timestamp":"2026-07-28T02:43:10.319+0100","rule":{"level":3,"description":"Windows Logon Success","id":"60106","mitre":{"id":["T1078"],"tactic":["Defense Evasion","Persistence","Privilege Escalation","Initial Access"],"technique":["Valid Accounts"]},"firedtimes":4,"mail":false,"groups":["windows","windows_security","authentication_success"],"pci_dss":["10.2.5"],"gpg13":["7.1","7.2"],"gdpr":["IV_32.2"],"hipaa":["164.312.b"],"nist_800_53":["AU.14","AC.9"],"tsc":["CC6.8","CC7.2","CC7.3"]},"agent":{"id":"003","name":"Server_recovery","ip":"10.212.1.100"},"manager":{"name":"WAZUH"},"id":"1785202990.143637","decoder":{"name":"windows_eventchannel"},"data":{"win":{"system":{"providerName":"Microsoft-Windows-Security-Auditing","providerGuid":"{54849625-5478-4994-a5ba-3e3b0328c30d}","eventID":"4624","version":"2","level":"0","task":"12544","opcode":"0","keywords":"0x8020000000000000","systemTime":"2026-07-28T02:39:52.991583600Z","eventRecordID":"5768895","processID":"880","threadID":"11140","channel":"Security","computer":"Server_recovery.douja.local","severityValue":"AUDIT_SUCCESS","message":"\"L'ouverture de session d'un compte s'est correctement déroulée.\r\n\r\nObjet :\r\n\tID de sécurité :\t\tS-1-0-0\r\n\tNom du compte :\t\t-\r\n\tDomaine du compte :\t\t-\r\n\tID d'ouverture de session :\t\t0x0\r\n\r\nInformations d'ouverture de session :\r\n\tType d'ouverture de session :\t\t3\r\n\tMode administrateur restreint :\t-\r\n\tCompte virtuel :\t\tNon\r\n\tJeton élevé :\t\tOui\r\n\r\nNiveau d'emprunt d'identité :\t\tEmprunt d’identité\r\n\r\nNouvelle ouverture de session :\r\n\tID de sécurité :\t\tS-1-5-18\r\n\tNom du compte :\t\tSERVER_RECOVERY$\r\n\tDomaine du compte :\t\tDOUJA.LOCAL\r\n\tID d'ouverture de session :\t\t0xAC29F38\r\n\tID d'ouverture de session liée :\t\t0x0\r\n\tNom du compte réseau :\t-\r\n\tDomaine du compte réseau :\t-\r\n\tGUID d'ouverture de session :\t\t{2627de97-41ce-0b1c-180c-8e7b43321f30}\r\n\r\nInformations sur le processus :\r\n\tID du processus :\t\t0x0\r\n\tNom du processus :\t\t-\r\n\r\nInformations sur le réseau :\r\n\tNom de la station de travail :\t-\r\n\tAdresse du réseau source :\t::1\r\n\tPort source :\t\t0\r\n\r\nInformations détaillées sur l'authentification :\r\n\tProcessus d'ouverture de session :\t\tKerberos\r\n\tPackage d'authentification :\tKerberos\r\n\tServices en transit :\t-\r\n\tNom du package (NTLM uniquement) :\t-\r\n\tLongueur de la clé :\t\t0\r\n\r\nCet événement est généré lors de la création d'une ouverture de session. Il est généré sur l'ordinateur sur lequel l'ouverture de session a été effectuée.\r\n\r\nLe champ Objet indique le compte sur le système local qui a demandé l'ouverture de session. Il s'agit le plus souvent d'un service, comme le service Serveur, ou un processus local tel que Winlogon.exe ou Services.exe.\r\n\r\nLe champ Type d'ouverture de session indique le type d'ouverture de session qui s'est produit. Les types les plus courants sont 2 (interactif) et 3 (réseau).\r\n\r\nLe champ Nouvelle ouverture de session indique le compte pour lequel la nouvelle ouverture de session a été créée, par exemple, le compte qui s'est connecté.\r\n\r\nLes champs relatifs au réseau indiquent la provenance d'une demande d'ouverture de session à distance. Le nom de la station de travail n'étant pas toujours disponible, peut être laissé vide dans certains cas.\r\n\r\nLe champ du niveau d'emprunt d'identité indique la portée de l'emprunt d'identité que peut prendre un processus dans la session d'ouverture de session.\r\n\r\nLes champs relatifs aux informations d'authentification fournissent des détails sur cette demande d'ouverture de session spécifique.\r\n\t- Le GUID d'ouverture de session est un identificateur unique pouvant servir à associer cet événement à un événement KDC .\r\n\t- Les services en transit indiquent les services intermédiaires qui ont participé à cette demande d'ouverture de session.\r\n\t- Nom du package indique quel est le sous-protocole qui a été utilisé parmi les protocoles NTLM.\r\n\t- La longueur de la clé indique la longueur de la clé de session générée. Elle a la valeur 0 si aucune clé de session n'a été demandée.\""},"eventdata":{"subjectUserSid":"S-1-0-0","subjectLogonId":"0x0","targetUserSid":"S-1-5-18","targetUserName":"SERVER_RECOVERY$","targetDomainName":"DOUJA.LOCAL","targetLogonId":"0xac29f38","logonType":"3","logonProcessName":"Kerberos","authenticationPackageName":"Kerberos","logonGuid":"{2627de97-41ce-0b1c-180c-8e7b43321f30}","keyLength":"0","processId":"0x0","ipAddress":"::1","ipPort":"0","impersonationLevel":"%%1833","virtualAccount":"%%1843","targetLinkedLogonId":"0x0","elevatedToken":"%%1842"}}},"location":"EventChannel"}
{"timestamp":"2026-07-28T02:43:10.337+0100","rule":{"level":3,"description":"Windows User Logoff","id":"60137","firedtimes":1,"mail":false,"groups":["windows","windows_security"],"pci_dss":["10.2.5"],"gdpr":["IV_32.2"],"hipaa":["164.312.b"],"nist_800_53":["AU.14","AC.7"],"tsc":["CC6.8","CC7.2","CC7.3"]},"agent":{"id":"003","name":"Server_recovery","ip":"10.212.1.100"},"manager":{"name":"WAZUH"},"id":"1785202990.152217","decoder":{"name":"windows_eventchannel"},"data":{"win":{"system":{"providerName":"Microsoft-Windows-Security-Auditing","providerGuid":"{54849625-5478-4994-a5ba-3e3b0328c30d}","eventID":"4634","version":"0","level":"0","task":"12545","opcode":"0","keywords":"0x8020000000000000","systemTime":"2026-07-28T02:39:53.436085900Z","eventRecordID":"5768896","processID":"880","threadID":"4716","channel":"Security","computer":"Server_recovery.douja.local","severityValue":"AUDIT_SUCCESS","message":"\"Fermeture de session d’un compte.\r\n\r\nSujet :\r\n\tID de sécurité :\t\tS-1-5-18\r\n\tNom du compte :\t\tSERVER_RECOVERY$\r\n\tDomaine du compte :\t\tDOUJA\r\n\tID du compte :\t\t0xAC29F38\r\n\r\nType d’ouverture de session :\t\t\t3\r\n\r\nCet événement est généré lorsqu’une session ouverte est supprimée. Il peut être associé à un événement d’ouverture de session en utilisant la valeur ID d’ouverture de session. Les ID d’ouverture de session ne sont uniques qu’entre les redémarrages sur un même ordinateur.\""},"eventdata":{"targetUserSid":"S-1-5-18","targetUserName":"SERVER_RECOVERY$","targetDomainName":"DOUJA","targetLogonId":"0xac29f38","logonType":"3"}}},"location":"EventChannel"}
{"timestamp":"2026-07-28T02:43:14.043+0100","rule":{"level":7,"description":"Integrity checksum changed.","id":"550","mitre":{"id":["T1565.001"],"tactic":["Impact"],"technique":["Stored Data Manipulation"]},"firedtimes":2,"mail":false,"groups":["ossec","syscheck","syscheck_entry_modified","syscheck_file"],"pci_dss":["11.5"],"gpg13":["4.11"],"gdpr":["II_5.1.f"],"hipaa":["164.312.c.1","164.312.c.2"],"nist_800_53":["SI.7"],"tsc":["PI1.4","PI1.5","CC6.1","CC6.8","CC7.2","CC7.3"]},"agent":{"id":"000","name":"WAZUH"},"manager":{"name":"WAZUH"},"id":"1785202994.154894","full_log":"File '/etc/cups/subscriptions.conf.O' modified\nMode: scheduled\nChanged attributes: inode,mtime,md5,sha1,sha256\nOld modification time was: '1785154252', now it is '1785196252'\nOld inode was: '11798691', now it is '11798689'\nOld md5sum was: '5c31f55a3e9eac55f4490cd29ecce37f'\nNew md5sum is : '7ad1a521ee951714f56fdbfaa92f5959'\nOld sha1sum was: '8fed851dfc2b89518bbd447d9d087939fd1235ee'\nNew sha1sum is : '66018372bbc98b348ea4b666f727cbbd1e6c54a0'\nOld sha256sum was: '501939e6651a4700fad3650be2815ec6eab76559b41e992a13a20ba88a6a0e1e'\nNew sha256sum is : '4d27a59dffa10252eaf5834ef4c9e707b3fe8d113169fc87ae1fcd47d9a374cc'\n","syscheck":{"path":"/etc/cups/subscriptions.conf.O","mode":"scheduled","size_after":"687","perm_after":"rw-r-----","uid_after":"0","gid_after":"7","md5_before":"5c31f55a3e9eac55f4490cd29ecce37f","md5_after":"7ad1a521ee951714f56fdbfaa92f5959","sha1_before":"8fed851dfc2b89518bbd447d9d087939fd1235ee","sha1_after":"66018372bbc98b348ea4b666f727cbbd1e6c54a0","sha256_before":"501939e6651a4700fad3650be2815ec6eab76559b41e992a13a20ba88a6a0e1e","sha256_after":"4d27a59dffa10252eaf5834ef4c9e707b3fe8d113169fc87ae1fcd47d9a374cc","uname_after":"root","gname_after":"lp","mtime_before":"2026-07-27T13:10:52","mtime_after":"2026-07-28T00:50:52","inode_before":11798691,"inode_after":11798689,"changed_attributes":["inode","mtime","md5","sha1","sha256"],"event":"modified"},"decoder":{"name":"syscheck_integrity_changed"},"location":"syscheck"}
{"timestamp":"2026-07-28T02:43:14.043+0100","rule":{"level":7,"description":"Integrity checksum changed.","id":"550","mitre":{"id":["T1565.001"],"tactic":["Impact"],"technique":["Stored Data Manipulation"]},"firedtimes":1,"mail":false,"groups":["ossec","syscheck","syscheck_entry_modified","syscheck_file"],"pci_dss":["11.5"],"gpg13":["4.11"],"gdpr":["II_5.1.f"],"hipaa":["164.312.c.1","164.312.c.2"],"nist_800_53":["SI.7"],"tsc":["PI1.4","PI1.5","CC6.1","CC6.8","CC7.2","CC7.3"]},"agent":{"id":"000","name":"WAZUH"},"manager":{"name":"WAZUH"},"id":"1785202994.156144","full_log":"File '/etc/cups/subscriptions.conf' modified\nMode: scheduled\nChanged attributes: inode,mtime,md5,sha1,sha256\nOld modification time was: '1785157752', now it is '1785199752'\nOld inode was: '11798684', now it is '11798691'\nOld md5sum was: 'f619da0fc05980f3ca20275273efc099'\nNew md5sum is : 'fc4cfed4bf076303c7b53a0ce94155b3'\nOld sha1sum was: '56033fd5c9698afa7b39003626bb6b7b4c970223'\nNew sha1sum is : '21a436b7a1ce5af225e07c5140712390def44e31'\nOld sha256sum was: '87f6e6de4e7b5c44ba6a84da34e1b5d849e558267a2aa9b405b9b8c2c2d8eec6'\nNew sha256sum is : '4e7ba63506246bfdaaf4b898931be3595f8168e068da843b489e790d65c6e0cb'\n","syscheck":{"path":"/etc/cups/subscriptions.conf","mode":"scheduled","size_after":"687","perm_after":"rw-r-----","uid_after":"0","gid_after":"7","md5_before":"f619da0fc05980f3ca20275273efc099","md5_after":"fc4cfed4bf076303c7b53a0ce94155b3","sha1_before":"56033fd5c9698afa7b39003626bb6b7b4c970223","sha1_after":"21a436b7a1ce5af225e07c5140712390def44e31","sha256_before":"87f6e6de4e7b5c44ba6a84da34e1b5d849e558267a2aa9b405b9b8c2c2d8eec6","sha256_after":"4e7ba63506246bfdaaf4b898931be3595f8168e068da843b489e790d65c6e0cb","uname_after":"root","gname_after":"lp","mtime_before":"2026-07-27T14:09:12","mtime_after":"2026-07-28T01:49:12","inode_before":11798684,"inode_after":11798691,"changed_attributes":["inode","mtime","md5","sha1","sha256"],"event":"modified"},"decoder":{"name":"syscheck_integrity_changed"},"location":"syscheck"}
{"timestamp":"2026-07-28T02:53:18.149+0100","rule":{"level":5,"description":"Systemd: Service exited due to a failure.","id":"40704","firedtimes":1,"mail":false,"groups":["local","systemd"],"gpg13":["4.3"],"gdpr":["IV_35.7.d"]},"agent":{"id":"000","name":"WAZUH"},"manager":{"name":"WAZUH"},"id":"1785203598.157392","full_log":"Jul 28 01:53:17 WAZUH systemd[1]: fwupd.service: Main process exited, code=exited, status=1/FAILURE","predecoder":{"program_name":"systemd","timestamp":"Jul 28 01:53:17","hostname":"WAZUH"},"decoder":{"name":"systemd"},"location":"journald"}
{"timestamp":"2026-07-28T02:53:44.153+0100","rule":{"level":5,"description":"Systemd: Service exited due to a failure.","id":"40704","firedtimes":2,"mail":false,"groups":["local","systemd"],"gpg13":["4.3"],"gdpr":["IV_35.7.d"]},"agent":{"id":"000","name":"WAZUH"},"manager":{"name":"WAZUH"},"id":"1785203624.157669","full_log":"Jul 28 01:53:42 WAZUH systemd[1]: fwupd-refresh.service: Main process exited, code=exited, status=1/FAILURE","predecoder":{"program_name":"systemd","timestamp":"Jul 28 01:53:42","hostname":"WAZUH"},"decoder":{"name":"systemd"},"location":"journald"}
{"timestamp":"2026-07-28T03:00:26.218+0100","rule":{"level":5,"description":"Systemd: Service exited due to a failure.","id":"40704","firedtimes":1,"mail":false,"groups":["local","systemd"],"gpg13":["4.3"],"gdpr":["IV_35.7.d"]},"agent":{"id":"000","name":"WAZUH"},"manager":{"name":"WAZUH"},"id":"1785204026.157954","full_log":"Jul 28 02:00:24 WAZUH systemd[1566]: snap.firmware-updater.firmware-notifier.service: Main process exited, code=exited, status=1/FAILURE","predecoder":{"program_name":"systemd","timestamp":"Jul 28 02:00:24","hostname":"WAZUH"},"decoder":{"name":"systemd"},"location":"journald"}
{"timestamp":"2026-07-28T03:00:26.219+0100","rule":{"level":5,"description":"Systemd: Service exited due to a failure.","id":"40704","firedtimes":2,"mail":false,"groups":["local","systemd"],"gpg13":["4.3"],"gdpr":["IV_35.7.d"]},"agent":{"id":"000","name":"WAZUH"},"manager":{"name":"WAZUH"},"id":"1785204026.158268","full_log":"Jul 28 02:00:24 WAZUH systemd[1566]: snap.firmware-updater.firmware-notifier.service: Main process exited, code=exited, status=1/FAILURE","predecoder":{"program_name":"systemd","timestamp":"Jul 28 02:00:24","hostname":"WAZUH"},"decoder":{"name":"systemd"},"location":"journald"}
{"timestamp":"2026-07-28T03:00:26.220+0100","rule":{"level":5,"description":"Systemd: Service exited due to a failure.","id":"40704","firedtimes":3,"mail":false,"groups":["local","systemd"],"gpg13":["4.3"],"gdpr":["IV_35.7.d"]},"agent":{"id":"000","name":"WAZUH"},"manager":{"name":"WAZUH"},"id":"1785204026.158582","full_log":"Jul 28 02:00:25 WAZUH systemd[1566]: snap.firmware-updater.firmware-notifier.service: Main process exited, code=exited, status=1/FAILURE","predecoder":{"program_name":"systemd","timestamp":"Jul 28 02:00:25","hostname":"WAZUH"},"decoder":{"name":"systemd"},"location":"journald"}
{"timestamp":"2026-07-28T03:00:26.220+0100","rule":{"level":5,"description":"Systemd: Service exited due to a failure.","id":"40704","firedtimes":4,"mail":false,"groups":["local","systemd"],"gpg13":["4.3"],"gdpr":["IV_35.7.d"]},"agent":{"id":"000","name":"WAZUH"},"manager":{"name":"WAZUH"},"id":"1785204026.158896","full_log":"Jul 28 02:00:25 WAZUH systemd[1566]: snap.firmware-updater.firmware-notifier.service: Main process exited, code=exited, status=1/FAILURE","predecoder":{"program_name":"systemd","timestamp":"Jul 28 02:00:25","hostname":"WAZUH"},"decoder":{"name":"systemd"},"location":"journald"}
{"timestamp":"2026-07-28T03:00:28.220+0100","rule":{"level":5,"description":"Systemd: Service exited due to a failure.","id":"40704","firedtimes":5,"mail":false,"groups":["local","systemd"],"gpg13":["4.3"],"gdpr":["IV_35.7.d"]},"agent":{"id":"000","name":"WAZUH"},"manager":{"name":"WAZUH"},"id":"1785204028.159210","full_log":"Jul 28 02:00:26 WAZUH systemd[1566]: snap.firmware-updater.firmware-notifier.service: Main process exited, code=exited, status=1/FAILURE","predecoder":{"program_name":"systemd","timestamp":"Jul 28 02:00:26","hostname":"WAZUH"},"decoder":{"name":"systemd"},"location":"journald"}
{"timestamp":"2026-07-28T03:05:24.272+0100","rule":{"level":5,"description":"Systemd: Service exited due to a failure.","id":"40704","firedtimes":6,"mail":false,"groups":["local","systemd"],"gpg13":["4.3"],"gdpr":["IV_35.7.d"]},"agent":{"id":"000","name":"WAZUH"},"manager":{"name":"WAZUH"},"id":"1785204324.159524","full_log":"Jul 28 02:05:24 WAZUH systemd[1]: fwupd.service: Main process exited, code=exited, status=1/FAILURE","predecoder":{"program_name":"systemd","timestamp":"Jul 28 02:05:24","hostname":"WAZUH"},"decoder":{"name":"systemd"},"location":"journald"}
{"timestamp":"2026-07-28T03:05:50.275+0100","rule":{"level":5,"description":"Systemd: Service exited due to a failure.","id":"40704","firedtimes":7,"mail":false,"groups":["local","systemd"],"gpg13":["4.3"],"gdpr":["IV_35.7.d"]},"agent":{"id":"000","name":"WAZUH"},"manager":{"name":"WAZUH"},"id":"1785204350.159801","full_log":"Jul 28 02:05:48 WAZUH systemd[1]: fwupd-refresh.service: Main process exited, code=exited, status=1/FAILURE","predecoder":{"program_name":"systemd","timestamp":"Jul 28 02:05:48","hostname":"WAZUH"},"decoder":{"name":"systemd"},"location":"journald"}
{"timestamp":"2026-07-28T03:20:49.761+0100","rule":{"level":3,"description":"Windows Logon Success","id":"60106","mitre":{"id":["T1078"],"tactic":["Defense Evasion","Persistence","Privilege Escalation","Initial Access"],"technique":["Valid Accounts"]},"firedtimes":1,"mail":false,"groups":["windows","windows_security","authentication_success"],"pci_dss":["10.2.5"],"gpg13":["7.1","7.2"],"gdpr":["IV_32.2"],"hipaa":["164.312.b"],"nist_800_53":["AU.14","AC.9"],"tsc":["CC6.8","CC7.2","CC7.3"]},"agent":{"id":"003","name":"Server_recovery","ip":"10.212.1.100"},"manager":{"name":"WAZUH"},"id":"1785205249.160086","decoder":{"name":"windows_eventchannel"},"data":{"win":{"system":{"providerName":"Microsoft-Windows-Security-Auditing","providerGuid":"{54849625-5478-4994-a5ba-3e3b0328c30d}","eventID":"4624","version":"2","level":"0","task":"12544","opcode":"0","keywords":"0x8020000000000000","systemTime":"2026-07-28T03:17:32.454924100Z","eventRecordID":"5768897","processID":"880","threadID":"6168","channel":"Security","computer":"Server_recovery.douja.local","severityValue":"AUDIT_SUCCESS","message":"\"L'ouverture de session d'un compte s'est correctement déroulée.\r\n\r\nObjet :\r\n\tID de sécurité :\t\tS-1-5-18\r\n\tNom du compte :\t\tSERVER_RECOVERY$\r\n\tDomaine du compte :\t\tDOUJA\r\n\tID d'ouverture de session :\t\t0x3E7\r\n\r\nInformations d'ouverture de session :\r\n\tType d'ouverture de session :\t\t5\r\n\tMode administrateur restreint :\t-\r\n\tCompte virtuel :\t\tNon\r\n\tJeton élevé :\t\tOui\r\n\r\nNiveau d'emprunt d'identité :\t\tEmprunt d’identité\r\n\r\nNouvelle ouverture de session :\r\n\tID de sécurité :\t\tS-1-5-18\r\n\tNom du compte :\t\tSystème\r\n\tDomaine du compte :\t\tAUTORITE NT\r\n\tID d'ouverture de session :\t\t0x3E7\r\n\tID d'ouverture de session liée :\t\t0x0\r\n\tNom du compte réseau :\t-\r\n\tDomaine du compte réseau :\t-\r\n\tGUID d'ouverture de session :\t\t{00000000-0000-0000-0000-000000000000}\r\n\r\nInformations sur le processus :\r\n\tID du processus :\t\t0x338\r\n\tNom du processus :\t\tC:\\Windows\\System32\\services.exe\r\n\r\nInformations sur le réseau :\r\n\tNom de la station de travail :\t-\r\n\tAdresse du réseau source :\t-\r\n\tPort source :\t\t-\r\n\r\nInformations détaillées sur l'authentification :\r\n\tProcessus d'ouverture de session :\t\tAdvapi  \r\n\tPackage d'authentification :\tNegotiate\r\n\tServices en transit :\t-\r\n\tNom du package (NTLM uniquement) :\t-\r\n\tLongueur de la clé :\t\t0\r\n\r\nCet événement est généré lors de la création d'une ouverture de session. Il est généré sur l'ordinateur sur lequel l'ouverture de session a été effectuée.\r\n\r\nLe champ Objet indique le compte sur le système local qui a demandé l'ouverture de session. Il s'agit le plus souvent d'un service, comme le service Serveur, ou un processus local tel que Winlogon.exe ou Services.exe.\r\n\r\nLe champ Type d'ouverture de session indique le type d'ouverture de session qui s'est produit. Les types les plus courants sont 2 (interactif) et 3 (réseau).\r\n\r\nLe champ Nouvelle ouverture de session indique le compte pour lequel la nouvelle ouverture de session a été créée, par exemple, le compte qui s'est connecté.\r\n\r\nLes champs relatifs au réseau indiquent la provenance d'une demande d'ouverture de session à distance. Le nom de la station de travail n'étant pas toujours disponible, peut être laissé vide dans certains cas.\r\n\r\nLe champ du niveau d'emprunt d'identité indique la portée de l'emprunt d'identité que peut prendre un processus dans la session d'ouverture de session.\r\n\r\nLes champs relatifs aux informations d'authentification fournissent des détails sur cette demande d'ouverture de session spécifique.\r\n\t- Le GUID d'ouverture de session est un identificateur unique pouvant servir à associer cet événement à un événement KDC .\r\n\t- Les services en transit indiquent les services intermédiaires qui ont participé à cette demande d'ouverture de session.\r\n\t- Nom du package indique quel est le sous-protocole qui a été utilisé parmi les protocoles NTLM.\r\n\t- La longueur de la clé indique la longueur de la clé de session générée. Elle a la valeur 0 si aucune clé de session n'a été demandée.\""},"eventdata":{"subjectUserSid":"S-1-5-18","subjectUserName":"SERVER_RECOVERY$","subjectDomainName":"DOUJA","subjectLogonId":"0x3e7","targetUserSid":"S-1-5-18","targetUserName":"Système","targetDomainName":"AUTORITE NT","targetLogonId":"0x3e7","logonType":"5","logonProcessName":"Advapi","authenticationPackageName":"Negotiate","logonGuid":"{00000000-0000-0000-0000-000000000000}","keyLength":"0","processId":"0x338","processName":"C:\\\\Windows\\\\System32\\\\services.exe","impersonationLevel":"%%1833","virtualAccount":"%%1843","targetLinkedLogonId":"0x0","elevatedToken":"%%1842"}}},"location":"EventChannel"}
{"timestamp":"2026-07-28T03:20:49.765+0100","rule":{"level":3,"description":"Windows Logon Success","id":"60106","mitre":{"id":["T1078"],"tactic":["Defense Evasion","Persistence","Privilege Escalation","Initial Access"],"technique":["Valid Accounts"]},"firedtimes":2,"mail":false,"groups":["windows","windows_security","authentication_success"],"pci_dss":["10.2.5"],"gpg13":["7.1","7.2"],"gdpr":["IV_32.2"],"hipaa":["164.312.b"],"nist_800_53":["AU.14","AC.9"],"tsc":["CC6.8","CC7.2","CC7.3"]},"agent":{"id":"003","name":"Server_recovery","ip":"10.212.1.100"},"manager":{"name":"WAZUH"},"id":"1785205249.168924","decoder":{"name":"windows_eventchannel"},"data":{"win":{"system":{"providerName":"Microsoft-Windows-Security-Auditing","providerGuid":"{54849625-5478-4994-a5ba-3e3b0328c30d}","eventID":"4624","version":"2","level":"0","task":"12544","opcode":"0","keywords":"0x8020000000000000","systemTime":"2026-07-28T03:17:33.423471700Z","eventRecordID":"5768899","processID":"880","threadID":"6168","channel":"Security","computer":"Server_recovery.douja.local","severityValue":"AUDIT_SUCCESS","message":"\"L'ouverture de session d'un compte s'est correctement déroulée.\r\n\r\nObjet :\r\n\tID de sécurité :\t\tS-1-5-18\r\n\tNom du compte :\t\tSERVER_RECOVERY$\r\n\tDomaine du compte :\t\tDOUJA\r\n\tID d'ouverture de session :\t\t0x3E7\r\n\r\nInformations d'ouverture de session :\r\n\tType d'ouverture de session :\t\t5\r\n\tMode administrateur restreint :\t-\r\n\tCompte virtuel :\t\tNon\r\n\tJeton élevé :\t\tOui\r\n\r\nNiveau d'emprunt d'identité :\t\tEmprunt d’identité\r\n\r\nNouvelle ouverture de session :\r\n\tID de sécurité :\t\tS-1-5-18\r\n\tNom du compte :\t\tSystème\r\n\tDomaine du compte :\t\tAUTORITE NT\r\n\tID d'ouverture de session :\t\t0x3E7\r\n\tID d'ouverture de session liée :\t\t0x0\r\n\tNom du compte réseau :\t-\r\n\tDomaine du compte réseau :\t-\r\n\tGUID d'ouverture de session :\t\t{00000000-0000-0000-0000-000000000000}\r\n\r\nInformations sur le processus :\r\n\tID du processus :\t\t0x338\r\n\tNom du processus :\t\tC:\\Windows\\System32\\services.exe\r\n\r\nInformations sur le réseau :\r\n\tNom de la station de travail :\t-\r\n\tAdresse du réseau source :\t-\r\n\tPort source :\t\t-\r\n\r\nInformations détaillées sur l'authentification :\r\n\tProcessus d'ouverture de session :\t\tAdvapi  \r\n\tPackage d'authentification :\tNegotiate\r\n\tServices en transit :\t-\r\n\tNom du package (NTLM uniquement) :\t-\r\n\tLongueur de la clé :\t\t0\r\n\r\nCet événement est généré lors de la création d'une ouverture de session. Il est généré sur l'ordinateur sur lequel l'ouverture de session a été effectuée.\r\n\r\nLe champ Objet indique le compte sur le système local qui a demandé l'ouverture de session. Il s'agit le plus souvent d'un service, comme le service Serveur, ou un processus local tel que Winlogon.exe ou Services.exe.\r\n\r\nLe champ Type d'ouverture de session indique le type d'ouverture de session qui s'est produit. Les types les plus courants sont 2 (interactif) et 3 (réseau).\r\n\r\nLe champ Nouvelle ouverture de session indique le compte pour lequel la nouvelle ouverture de session a été créée, par exemple, le compte qui s'est connecté.\r\n\r\nLes champs relatifs au réseau indiquent la provenance d'une demande d'ouverture de session à distance. Le nom de la station de travail n'étant pas toujours disponible, peut être laissé vide dans certains cas.\r\n\r\nLe champ du niveau d'emprunt d'identité indique la portée de l'emprunt d'identité que peut prendre un processus dans la session d'ouverture de session.\r\n\r\nLes champs relatifs aux informations d'authentification fournissent des détails sur cette demande d'ouverture de session spécifique.\r\n\t- Le GUID d'ouverture de session est un identificateur unique pouvant servir à associer cet événement à un événement KDC .\r\n\t- Les services en transit indiquent les services intermédiaires qui ont participé à cette demande d'ouverture de session.\r\n\t- Nom du package indique quel est le sous-protocole qui a été utilisé parmi les protocoles NTLM.\r\n\t- La longueur de la clé indique la longueur de la clé de session générée. Elle a la valeur 0 si aucune clé de session n'a été demandée.\""},"eventdata":{"subjectUserSid":"S-1-5-18","subjectUserName":"SERVER_RECOVERY$","subjectDomainName":"DOUJA","subjectLogonId":"0x3e7","targetUserSid":"S-1-5-18","targetUserName":"Système","targetDomainName":"AUTORITE NT","targetLogonId":"0x3e7","logonType":"5","logonProcessName":"Advapi","authenticationPackageName":"Negotiate","logonGuid":"{00000000-0000-0000-0000-000000000000}","keyLength":"0","processId":"0x338","processName":"C:\\\\Windows\\\\System32\\\\services.exe","impersonationLevel":"%%1833","virtualAccount":"%%1843","targetLinkedLogonId":"0x0","elevatedToken":"%%1842"}}},"location":"EventChannel"}
{"timestamp":"2026-07-28T03:24:51.331+0100","rule":{"level":3,"description":"Windows Logon Success","id":"60106","mitre":{"id":["T1078"],"tactic":["Defense Evasion","Persistence","Privilege Escalation","Initial Access"],"technique":["Valid Accounts"]},"firedtimes":3,"mail":false,"groups":["windows","windows_security","authentication_success"],"pci_dss":["10.2.5"],"gpg13":["7.1","7.2"],"gdpr":["IV_32.2"],"hipaa":["164.312.b"],"nist_800_53":["AU.14","AC.9"],"tsc":["CC6.8","CC7.2","CC7.3"]},"agent":{"id":"003","name":"Server_recovery","ip":"10.212.1.100"},"manager":{"name":"WAZUH"},"id":"1785205491.177762","decoder":{"name":"windows_eventchannel"},"data":{"win":{"system":{"providerName":"Microsoft-Windows-Security-Auditing","providerGuid":"{54849625-5478-4994-a5ba-3e3b0328c30d}","eventID":"4624","version":"2","level":"0","task":"12544","opcode":"0","keywords":"0x8020000000000000","systemTime":"2026-07-28T03:21:34.031598300Z","eventRecordID":"5768911","processID":"880","threadID":"4372","channel":"Security","computer":"Server_recovery.douja.local","severityValue":"AUDIT_SUCCESS","message":"\"L'ouverture de session d'un compte s'est correctement déroulée.\r\n\r\nObjet :\r\n\tID de sécurité :\t\tS-1-5-18\r\n\tNom du compte :\t\tSERVER_RECOVERY$\r\n\tDomaine du compte :\t\tDOUJA\r\n\tID d'ouverture de session :\t\t0x3E7\r\n\r\nInformations d'ouverture de session :\r\n\tType d'ouverture de session :\t\t5\r\n\tMode administrateur restreint :\t-\r\n\tCompte virtuel :\t\tNon\r\n\tJeton élevé :\t\tOui\r\n\r\nNiveau d'emprunt d'identité :\t\tEmprunt d’identité\r\n\r\nNouvelle ouverture de session :\r\n\tID de sécurité :\t\tS-1-5-18\r\n\tNom du compte :\t\tSystème\r\n\tDomaine du compte :\t\tAUTORITE NT\r\n\tID d'ouverture de session :\t\t0x3E7\r\n\tID d'ouverture de session liée :\t\t0x0\r\n\tNom du compte réseau :\t-\r\n\tDomaine du compte réseau :\t-\r\n\tGUID d'ouverture de session :\t\t{00000000-0000-0000-0000-000000000000}\r\n\r\nInformations sur le processus :\r\n\tID du processus :\t\t0x338\r\n\tNom du processus :\t\tC:\\Windows\\System32\\services.exe\r\n\r\nInformations sur le réseau :\r\n\tNom de la station de travail :\t-\r\n\tAdresse du réseau source :\t-\r\n\tPort source :\t\t-\r\n\r\nInformations détaillées sur l'authentification :\r\n\tProcessus d'ouverture de session :\t\tAdvapi  \r\n\tPackage d'authentification :\tNegotiate\r\n\tServices en transit :\t-\r\n\tNom du package (NTLM uniquement) :\t-\r\n\tLongueur de la clé :\t\t0\r\n\r\nCet événement est généré lors de la création d'une ouverture de session. Il est généré sur l'ordinateur sur lequel l'ouverture de session a été effectuée.\r\n\r\nLe champ Objet indique le compte sur le système local qui a demandé l'ouverture de session. Il s'agit le plus souvent d'un service, comme le service Serveur, ou un processus local tel que Winlogon.exe ou Services.exe.\r\n\r\nLe champ Type d'ouverture de session indique le type d'ouverture de session qui s'est produit. Les types les plus courants sont 2 (interactif) et 3 (réseau).\r\n\r\nLe champ Nouvelle ouverture de session indique le compte pour lequel la nouvelle ouverture de session a été créée, par exemple, le compte qui s'est connecté.\r\n\r\nLes champs relatifs au réseau indiquent la provenance d'une demande d'ouverture de session à distance. Le nom de la station de travail n'étant pas toujours disponible, peut être laissé vide dans certains cas.\r\n\r\nLe champ du niveau d'emprunt d'identité indique la portée de l'emprunt d'identité que peut prendre un processus dans la session d'ouverture de session.\r\n\r\nLes champs relatifs aux informations d'authentification fournissent des détails sur cette demande d'ouverture de session spécifique.\r\n\t- Le GUID d'ouverture de session est un identificateur unique pouvant servir à associer cet événement à un événement KDC .\r\n\t- Les services en transit indiquent les services intermédiaires qui ont participé à cette demande d'ouverture de session.\r\n\t- Nom du package indique quel est le sous-protocole qui a été utilisé parmi les protocoles NTLM.\r\n\t- La longueur de la clé indique la longueur de la clé de session générée. Elle a la valeur 0 si aucune clé de session n'a été demandée.\""},"eventdata":{"subjectUserSid":"S-1-5-18","subjectUserName":"SERVER_RECOVERY$","subjectDomainName":"DOUJA","subjectLogonId":"0x3e7","targetUserSid":"S-1-5-18","targetUserName":"Système","targetDomainName":"AUTORITE NT","targetLogonId":"0x3e7","logonType":"5","logonProcessName":"Advapi","authenticationPackageName":"Negotiate","logonGuid":"{00000000-0000-0000-0000-000000000000}","keyLength":"0","processId":"0x338","processName":"C:\\\\Windows\\\\System32\\\\services.exe","impersonationLevel":"%%1833","virtualAccount":"%%1843","targetLinkedLogonId":"0x0","elevatedToken":"%%1842"}}},"location":"EventChannel"}
{"timestamp":"2026-07-28T03:41:08.010+0100","rule":{"level":3,"description":"Windows Logon Success","id":"60106","mitre":{"id":["T1078"],"tactic":["Defense Evasion","Persistence","Privilege Escalation","Initial Access"],"technique":["Valid Accounts"]},"firedtimes":4,"mail":false,"groups":["windows","windows_security","authentication_success"],"pci_dss":["10.2.5"],"gpg13":["7.1","7.2"],"gdpr":["IV_32.2"],"hipaa":["164.312.b"],"nist_800_53":["AU.14","AC.9"],"tsc":["CC6.8","CC7.2","CC7.3"]},"agent":{"id":"003","name":"Server_recovery","ip":"10.212.1.100"},"manager":{"name":"WAZUH"},"id":"1785206468.186600","decoder":{"name":"windows_eventchannel"},"data":{"win":{"system":{"providerName":"Microsoft-Windows-Security-Auditing","providerGuid":"{54849625-5478-4994-a5ba-3e3b0328c30d}","eventID":"4624","version":"2","level":"0","task":"12544","opcode":"0","keywords":"0x8020000000000000","systemTime":"2026-07-28T03:37:50.674729100Z","eventRecordID":"5768913","processID":"880","threadID":"11848","channel":"Security","computer":"Server_recovery.douja.local","severityValue":"AUDIT_SUCCESS","message":"\"L'ouverture de session d'un compte s'est correctement déroulée.\r\n\r\nObjet :\r\n\tID de sécurité :\t\tS-1-5-18\r\n\tNom du compte :\t\tSERVER_RECOVERY$\r\n\tDomaine du compte :\t\tDOUJA\r\n\tID d'ouverture de session :\t\t0x3E7\r\n\r\nInformations d'ouverture de session :\r\n\tType d'ouverture de session :\t\t5\r\n\tMode administrateur restreint :\t-\r\n\tCompte virtuel :\t\tNon\r\n\tJeton élevé :\t\tOui\r\n\r\nNiveau d'emprunt d'identité :\t\tEmprunt d’identité\r\n\r\nNouvelle ouverture de session :\r\n\tID de sécurité :\t\tS-1-5-18\r\n\tNom du compte :\t\tSystème\r\n\tDomaine du compte :\t\tAUTORITE NT\r\n\tID d'ouverture de session :\t\t0x3E7\r\n\tID d'ouverture de session liée :\t\t0x0\r\n\tNom du compte réseau :\t-\r\n\tDomaine du compte réseau :\t-\r\n\tGUID d'ouverture de session :\t\t{00000000-0000-0000-0000-000000000000}\r\n\r\nInformations sur le processus :\r\n\tID du processus :\t\t0x338\r\n\tNom du processus :\t\tC:\\Windows\\System32\\services.exe\r\n\r\nInformations sur le réseau :\r\n\tNom de la station de travail :\t-\r\n\tAdresse du réseau source :\t-\r\n\tPort source :\t\t-\r\n\r\nInformations détaillées sur l'authentification :\r\n\tProcessus d'ouverture de session :\t\tAdvapi  \r\n\tPackage d'authentification :\tNegotiate\r\n\tServices en transit :\t-\r\n\tNom du package (NTLM uniquement) :\t-\r\n\tLongueur de la clé :\t\t0\r\n\r\nCet événement est généré lors de la création d'une ouverture de session. Il est généré sur l'ordinateur sur lequel l'ouverture de session a été effectuée.\r\n\r\nLe champ Objet indique le compte sur le système local qui a demandé l'ouverture de session. Il s'agit le plus souvent d'un service, comme le service Serveur, ou un processus local tel que Winlogon.exe ou Services.exe.\r\n\r\nLe champ Type d'ouverture de session indique le type d'ouverture de session qui s'est produit. Les types les plus courants sont 2 (interactif) et 3 (réseau).\r\n\r\nLe champ Nouvelle ouverture de session indique le compte pour lequel la nouvelle ouverture de session a été créée, par exemple, le compte qui s'est connecté.\r\n\r\nLes champs relatifs au réseau indiquent la provenance d'une demande d'ouverture de session à distance. Le nom de la station de travail n'étant pas toujours disponible, peut être laissé vide dans certains cas.\r\n\r\nLe champ du niveau d'emprunt d'identité indique la portée de l'emprunt d'identité que peut prendre un processus dans la session d'ouverture de session.\r\n\r\nLes champs relatifs aux informations d'authentification fournissent des détails sur cette demande d'ouverture de session spécifique.\r\n\t- Le GUID d'ouverture de session est un identificateur unique pouvant servir à associer cet événement à un événement KDC .\r\n\t- Les services en transit indiquent les services intermédiaires qui ont participé à cette demande d'ouverture de session.\r\n\t- Nom du package indique quel est le sous-protocole qui a été utilisé parmi les protocoles NTLM.\r\n\t- La longueur de la clé indique la longueur de la clé de session générée. Elle a la valeur 0 si aucune clé de session n'a été demandée.\""},"eventdata":{"subjectUserSid":"S-1-5-18","subjectUserName":"SERVER_RECOVERY$","subjectDomainName":"DOUJA","subjectLogonId":"0x3e7","targetUserSid":"S-1-5-18","targetUserName":"Système","targetDomainName":"AUTORITE NT","targetLogonId":"0x3e7","logonType":"5","logonProcessName":"Advapi","authenticationPackageName":"Negotiate","logonGuid":"{00000000-0000-0000-0000-000000000000}","keyLength":"0","processId":"0x338","processName":"C:\\\\Windows\\\\System32\\\\services.exe","impersonationLevel":"%%1833","virtualAccount":"%%1843","targetLinkedLogonId":"0x0","elevatedToken":"%%1842"}}},"location":"EventChannel"}
{"timestamp":"2026-07-28T03:41:38.243+0100","rule":{"level":3,"description":"Software protection service scheduled successfully.","id":"60642","firedtimes":1,"mail":false,"groups":["windows","windows_application"]},"agent":{"id":"003","name":"Server_recovery","ip":"10.212.1.100"},"manager":{"name":"WAZUH"},"id":"1785206498.195440","decoder":{"name":"windows_eventchannel"},"data":{"win":{"system":{"providerName":"Microsoft-Windows-Security-SPP","providerGuid":"{E23B33B0-C8C9-472C-A5F9-F2BDFEA0F156}","eventSourceName":"Software Protection Platform Service","eventID":"16384","version":"0","level":"4","task":"0","opcode":"0","keywords":"0x80000000000000","systemTime":"2026-07-28T03:38:21.950138200Z","eventRecordID":"899727","processID":"0","threadID":"0","channel":"Application","computer":"Server_recovery.douja.local","severityValue":"INFORMATION","message":"\"La planification du redémarrage du service de protection logicielle à 2126-07-04T03:38:21Z a réussi. Raison : RulesEngine.\""},"eventdata":{"data":"2126-07-04T03:38:21Z, RulesEngine"}}},"location":"EventChannel"}
{"timestamp":"2026-07-28T04:19:09.363+0100","rule":{"level":7,"description":"Listened ports status (netstat) changed (new port opened or closed).","id":"533","firedtimes":1,"mail":false,"groups":["ossec"],"pci_dss":["10.2.7","10.6.1"],"gpg13":["10.1"],"gdpr":["IV_35.7.d"],"hipaa":["164.312.b"],"nist_800_53":["AU.14","AU.6"],"tsc":["CC6.8","CC7.2","CC7.3"]},"agent":{"id":"000","name":"WAZUH"},"manager":{"name":"WAZUH"},"id":"1785208749.197100","previous_output":"Previous output:\nossec: output: 'netstat listening ports':\ntcp 0.0.0.0:22 0.0.0.0:* 1/init\ntcp6 :::22 :::* 1/init\ntcp 0.0.0.0:25 0.0.0.0:* 2115/master\ntcp6 :::25 :::* 2115/master\ntcp 127.0.0.53:53 0.0.0.0:* 694/systemd-resolve\ntcp 127.0.0.54:53 0.0.0.0:* 694/systemd-resolve\nudp 127.0.0.53:53 0.0.0.0:* 694/systemd-resolve\nudp 127.0.0.54:53 0.0.0.0:* 694/systemd-resolve\ntcp 0.0.0.0:443 0.0.0.0:* 1110/node\nudp 0.0.0.0:514 0.0.0.0:* 125864/wazuh-remote\ntcp 127.0.0.1:631 0.0.0.0:* 245669/cupsd\ntcp6 ::1:631 :::* 245669/cupsd\ntcp 0.0.0.0:1514 0.0.0.0:* 125862/wazuh-remote\ntcp 0.0.0.0:1515 0.0.0.0:* 125779/wazuh-authd\ntcp 0.0.0.0:3000 0.0.0.0:* 1623/ntopng\ntcp6 :::3001 :::* 1337/grafana\nudp 0.0.0.0:5353 0.0.0.0:* 965/avahi-daemon\nudp6 :::5353 :::* 965/avahi-daemon\ntcp 127.0.0.1:6379 0.0.0.0:* 1323/redis-server\ntcp6 ::1:6379 :::* 1323/redis-server\ntcp6 127.0.0.1:9200 :::* 1342/java\ntcp6 127.0.0.1:9300 :::* 1342/java\nudp6 :::43597 :::* 965/avahi-daemon\nudp 0.0.0.0:45150 0.0.0.0:* 1623/ntopng\ntcp 0.0.0.0:55000 0.0.0.0:* 125727/python3\ntcp6 :::55000 :::* 125727/python3\nudp 172.30.1.170:57365 0.0.0.0:* 1623/ntopng\nudp 0.0.0.0:59960 0.0.0.0:* 965/avahi-daemon","full_log":"ossec: output: 'netstat listening ports':\ntcp 0.0.0.0:22 0.0.0.0:* 1/init\ntcp6 :::22 :::* 1/init\ntcp 0.0.0.0:25 0.0.0.0:* 2115/master\ntcp6 :::25 :::* 2115/master\ntcp 127.0.0.53:53 0.0.0.0:* 694/systemd-resolve\ntcp 127.0.0.54:53 0.0.0.0:* 694/systemd-resolve\nudp 127.0.0.53:53 0.0.0.0:* 694/systemd-resolve\nudp 127.0.0.54:53 0.0.0.0:* 694/systemd-resolve\ntcp 0.0.0.0:443 0.0.0.0:* 1110/node\nudp 0.0.0.0:514 0.0.0.0:* 125864/wazuh-remote\ntcp 127.0.0.1:631 0.0.0.0:* 245669/cupsd\ntcp6 ::1:631 :::* 245669/cupsd\ntcp 0.0.0.0:1514 0.0.0.0:* 125862/wazuh-remote\ntcp 0.0.0.0:1515 0.0.0.0:* 125779/wazuh-authd\ntcp 0.0.0.0:3000 0.0.0.0:* 1623/ntopng\ntcp6 :::3001 :::* 1337/grafana\nudp 0.0.0.0:5353 0.0.0.0:* 965/avahi-daemon\nudp6 :::5353 :::* 965/avahi-daemon\ntcp 127.0.0.1:6379 0.0.0.0:* 1323/redis-server\ntcp6 ::1:6379 :::* 1323/redis-server\ntcp6 127.0.0.1:9200 :::* 1342/java\ntcp6 127.0.0.1:9300 :::* 1342/java\nudp 0.0.0.0:36708 0.0.0.0:* 695/systemd-timesyn\nudp6 :::43597 :::* 965/avahi-daemon\nudp 0.0.0.0:45150 0.0.0.0:* 1623/ntopng\ntcp 0.0.0.0:55000 0.0.0.0:* 125727/python3\ntcp6 :::55000 :::* 125727/python3\nudp 172.30.1.170:57365 0.0.0.0:* 1623/ntopng\nudp 0.0.0.0:59960 0.0.0.0:* 965/avahi-daemon","decoder":{"name":"ossec"},"previous_log":"ossec: output: 'netstat listening ports':\ntcp 0.0.0.0:22 0.0.0.0:* 1/init\ntcp6 :::22 :::* 1/init\ntcp 0.0.0.0:25 0.0.0.0:* 2115/master\ntcp6 :::25 :::* 2115/master\ntcp 127.0.0.53:53 0.0.0.0:* 694/systemd-resolve\ntcp 127.0.0.54:53 0.0.0.0:* 694/systemd-resolve\nudp 127.0.0.53:53 0.0.0.0:* 694/systemd-resolve\nudp 127.0.0.54:53 0.0.0.0:* 694/systemd-resolve\ntcp 0.0.0.0:443 0.0.0.0:* 1110/node\nudp 0.0.0.0:514 0.0.0.0:* 125864/wazuh-remote\ntcp 127.0.0.1:631 0.0.0.0:* 245669/cupsd\ntcp6 ::1:631 :::* 245669/cupsd\ntcp 0.0.0.0:1514 0.0.0.0:* 125862/wazuh-remote\ntcp 0.0.0.0:1515 0.0.0.0:* 125779/wazuh-authd\ntcp 0.0.0.0:3000 0.0.0.0:* 1623/ntopng\ntcp6 :::3001 :::* 1337/grafana\nudp 0.0.0.0:5353 0.0.0.0:* 965/avahi-daemon\nudp6 :::5353 :::* 965/avahi-daemon\ntcp 127.0.0.1:6379 0.0.0.0:* 1323/redis-server\ntcp6 ::1:6379 :::* 1323/redis-server\ntcp6 127.0.0.1:9200 :::* 1342/java\ntcp6 127.0.0.1:9300 :::* 1342/java\nudp6 :::43597 :::* 965/avahi-daemon\nudp 0.0.0.0:45150 0.0.0.0:* 1623/ntopng\ntcp 0.0.0.0:55000 0.0.0.0:* 125727/python3\ntcp6 :::55000 :::* 125727/python3\nudp 172.30.1.170:57365 0.0.0.0:* 1623/ntopng\nudp 0.0.0.0:59960 0.0.0.0:* 965/avahi-daemon","location":"netstat listening ports"}
{"timestamp":"2026-07-28T04:21:33.854+0100","rule":{"level":3,"description":"Windows Logon Success","id":"60106","mitre":{"id":["T1078"],"tactic":["Defense Evasion","Persistence","Privilege Escalation","Initial Access"],"technique":["Valid Accounts"]},"firedtimes":1,"mail":false,"groups":["windows","windows_security","authentication_success"],"pci_dss":["10.2.5"],"gpg13":["7.1","7.2"],"gdpr":["IV_32.2"],"hipaa":["164.312.b"],"nist_800_53":["AU.14","AC.9"],"tsc":["CC6.8","CC7.2","CC7.3"]},"agent":{"id":"003","name":"Server_recovery","ip":"10.212.1.100"},"manager":{"name":"WAZUH"},"id":"1785208893.199780","decoder":{"name":"windows_eventchannel"},"data":{"win":{"system":{"providerName":"Microsoft-Windows-Security-Auditing","providerGuid":"{54849625-5478-4994-a5ba-3e3b0328c30d}","eventID":"4624","version":"2","level":"0","task":"12544","opcode":"0","keywords":"0x8020000000000000","systemTime":"2026-07-28T04:18:16.556100300Z","eventRecordID":"5768915","processID":"880","threadID":"156","channel":"Security","computer":"Server_recovery.douja.local","severityValue":"AUDIT_SUCCESS","message":"\"L'ouverture de session d'un compte s'est correctement déroulée.\r\n\r\nObjet :\r\n\tID de sécurité :\t\tS-1-5-18\r\n\tNom du compte :\t\tSERVER_RECOVERY$\r\n\tDomaine du compte :\t\tDOUJA\r\n\tID d'ouverture de session :\t\t0x3E7\r\n\r\nInformations d'ouverture de session :\r\n\tType d'ouverture de session :\t\t5\r\n\tMode administrateur restreint :\t-\r\n\tCompte virtuel :\t\tNon\r\n\tJeton élevé :\t\tOui\r\n\r\nNiveau d'emprunt d'identité :\t\tEmprunt d’identité\r\n\r\nNouvelle ouverture de session :\r\n\tID de sécurité :\t\tS-1-5-18\r\n\tNom du compte :\t\tSystème\r\n\tDomaine du compte :\t\tAUTORITE NT\r\n\tID d'ouverture de session :\t\t0x3E7\r\n\tID d'ouverture de session liée :\t\t0x0\r\n\tNom du compte réseau :\t-\r\n\tDomaine du compte réseau :\t-\r\n\tGUID d'ouverture de session :\t\t{00000000-0000-0000-0000-000000000000}\r\n\r\nInformations sur le processus :\r\n\tID du processus :\t\t0x338\r\n\tNom du processus :\t\tC:\\Windows\\System32\\services.exe\r\n\r\nInformations sur le réseau :\r\n\tNom de la station de travail :\t-\r\n\tAdresse du réseau source :\t-\r\n\tPort source :\t\t-\r\n\r\nInformations détaillées sur l'authentification :\r\n\tProcessus d'ouverture de session :\t\tAdvapi  \r\n\tPackage d'authentification :\tNegotiate\r\n\tServices en transit :\t-\r\n\tNom du package (NTLM uniquement) :\t-\r\n\tLongueur de la clé :\t\t0\r\n\r\nCet événement est généré lors de la création d'une ouverture de session. Il est généré sur l'ordinateur sur lequel l'ouverture de session a été effectuée.\r\n\r\nLe champ Objet indique le compte sur le système local qui a demandé l'ouverture de session. Il s'agit le plus souvent d'un service, comme le service Serveur, ou un processus local tel que Winlogon.exe ou Services.exe.\r\n\r\nLe champ Type d'ouverture de session indique le type d'ouverture de session qui s'est produit. Les types les plus courants sont 2 (interactif) et 3 (réseau).\r\n\r\nLe champ Nouvelle ouverture de session indique le compte pour lequel la nouvelle ouverture de session a été créée, par exemple, le compte qui s'est connecté.\r\n\r\nLes champs relatifs au réseau indiquent la provenance d'une demande d'ouverture de session à distance. Le nom de la station de travail n'étant pas toujours disponible, peut être laissé vide dans certains cas.\r\n\r\nLe champ du niveau d'emprunt d'identité indique la portée de l'emprunt d'identité que peut prendre un processus dans la session d'ouverture de session.\r\n\r\nLes champs relatifs aux informations d'authentification fournissent des détails sur cette demande d'ouverture de session spécifique.\r\n\t- Le GUID d'ouverture de session est un identificateur unique pouvant servir à associer cet événement à un événement KDC .\r\n\t- Les services en transit indiquent les services intermédiaires qui ont participé à cette demande d'ouverture de session.\r\n\t- Nom du package indique quel est le sous-protocole qui a été utilisé parmi les protocoles NTLM.\r\n\t- La longueur de la clé indique la longueur de la clé de session générée. Elle a la valeur 0 si aucune clé de session n'a été demandée.\""},"eventdata":{"subjectUserSid":"S-1-5-18","subjectUserName":"SERVER_RECOVERY$","subjectDomainName":"DOUJA","subjectLogonId":"0x3e7","targetUserSid":"S-1-5-18","targetUserName":"Système","targetDomainName":"AUTORITE NT","targetLogonId":"0x3e7","logonType":"5","logonProcessName":"Advapi","authenticationPackageName":"Negotiate","logonGuid":"{00000000-0000-0000-0000-000000000000}","keyLength":"0","processId":"0x338","processName":"C:\\\\Windows\\\\System32\\\\services.exe","impersonationLevel":"%%1833","virtualAccount":"%%1843","targetLinkedLogonId":"0x0","elevatedToken":"%%1842"}}},"location":"EventChannel"}
{"timestamp":"2026-07-28T04:21:33.858+0100","rule":{"level":3,"description":"Windows Logon Success","id":"60106","mitre":{"id":["T1078"],"tactic":["Defense Evasion","Persistence","Privilege Escalation","Initial Access"],"technique":["Valid Accounts"]},"firedtimes":2,"mail":false,"groups":["windows","windows_security","authentication_success"],"pci_dss":["10.2.5"],"gpg13":["7.1","7.2"],"gdpr":["IV_32.2"],"hipaa":["164.312.b"],"nist_800_53":["AU.14","AC.9"],"tsc":["CC6.8","CC7.2","CC7.3"]},"agent":{"id":"003","name":"Server_recovery","ip":"10.212.1.100"},"manager":{"name":"WAZUH"},"id":"1785208893.208616","decoder":{"name":"windows_eventchannel"},"data":{"win":{"system":{"providerName":"Microsoft-Windows-Security-Auditing","providerGuid":"{54849625-5478-4994-a5ba-3e3b0328c30d}","eventID":"4624","version":"2","level":"0","task":"12544","opcode":"0","keywords":"0x8020000000000000","systemTime":"2026-07-28T04:18:17.515797000Z","eventRecordID":"5768917","processID":"880","threadID":"13108","channel":"Security","computer":"Server_recovery.douja.local","severityValue":"AUDIT_SUCCESS","message":"\"L'ouverture de session d'un compte s'est correctement déroulée.\r\n\r\nObjet :\r\n\tID de sécurité :\t\tS-1-5-18\r\n\tNom du compte :\t\tSERVER_RECOVERY$\r\n\tDomaine du compte :\t\tDOUJA\r\n\tID d'ouverture de session :\t\t0x3E7\r\n\r\nInformations d'ouverture de session :\r\n\tType d'ouverture de session :\t\t5\r\n\tMode administrateur restreint :\t-\r\n\tCompte virtuel :\t\tNon\r\n\tJeton élevé :\t\tOui\r\n\r\nNiveau d'emprunt d'identité :\t\tEmprunt d’identité\r\n\r\nNouvelle ouverture de session :\r\n\tID de sécurité :\t\tS-1-5-18\r\n\tNom du compte :\t\tSystème\r\n\tDomaine du compte :\t\tAUTORITE NT\r\n\tID d'ouverture de session :\t\t0x3E7\r\n\tID d'ouverture de session liée :\t\t0x0\r\n\tNom du compte réseau :\t-\r\n\tDomaine du compte réseau :\t-\r\n\tGUID d'ouverture de session :\t\t{00000000-0000-0000-0000-000000000000}\r\n\r\nInformations sur le processus :\r\n\tID du processus :\t\t0x338\r\n\tNom du processus :\t\tC:\\Windows\\System32\\services.exe\r\n\r\nInformations sur le réseau :\r\n\tNom de la station de travail :\t-\r\n\tAdresse du réseau source :\t-\r\n\tPort source :\t\t-\r\n\r\nInformations détaillées sur l'authentification :\r\n\tProcessus d'ouverture de session :\t\tAdvapi  \r\n\tPackage d'authentification :\tNegotiate\r\n\tServices en transit :\t-\r\n\tNom du package (NTLM uniquement) :\t-\r\n\tLongueur de la clé :\t\t0\r\n\r\nCet événement est généré lors de la création d'une ouverture de session. Il est généré sur l'ordinateur sur lequel l'ouverture de session a été effectuée.\r\n\r\nLe champ Objet indique le compte sur le système local qui a demandé l'ouverture de session. Il s'agit le plus souvent d'un service, comme le service Serveur, ou un processus local tel que Winlogon.exe ou Services.exe.\r\n\r\nLe champ Type d'ouverture de session indique le type d'ouverture de session qui s'est produit. Les types les plus courants sont 2 (interactif) et 3 (réseau).\r\n\r\nLe champ Nouvelle ouverture de session indique le compte pour lequel la nouvelle ouverture de session a été créée, par exemple, le compte qui s'est connecté.\r\n\r\nLes champs relatifs au réseau indiquent la provenance d'une demande d'ouverture de session à distance. Le nom de la station de travail n'étant pas toujours disponible, peut être laissé vide dans certains cas.\r\n\r\nLe champ du niveau d'emprunt d'identité indique la portée de l'emprunt d'identité que peut prendre un processus dans la session d'ouverture de session.\r\n\r\nLes champs relatifs aux informations d'authentification fournissent des détails sur cette demande d'ouverture de session spécifique.\r\n\t- Le GUID d'ouverture de session est un identificateur unique pouvant servir à associer cet événement à un événement KDC .\r\n\t- Les services en transit indiquent les services intermédiaires qui ont participé à cette demande d'ouverture de session.\r\n\t- Nom du package indique quel est le sous-protocole qui a été utilisé parmi les protocoles NTLM.\r\n\t- La longueur de la clé indique la longueur de la clé de session générée. Elle a la valeur 0 si aucune clé de session n'a été demandée.\""},"eventdata":{"subjectUserSid":"S-1-5-18","subjectUserName":"SERVER_RECOVERY$","subjectDomainName":"DOUJA","subjectLogonId":"0x3e7","targetUserSid":"S-1-5-18","targetUserName":"Système","targetDomainName":"AUTORITE NT","targetLogonId":"0x3e7","logonType":"5","logonProcessName":"Advapi","authenticationPackageName":"Negotiate","logonGuid":"{00000000-0000-0000-0000-000000000000}","keyLength":"0","processId":"0x338","processName":"C:\\\\Windows\\\\System32\\\\services.exe","impersonationLevel":"%%1833","virtualAccount":"%%1843","targetLinkedLogonId":"0x0","elevatedToken":"%%1842"}}},"location":"EventChannel"}
